TN:
SF:src/middleware/auth.ts
FN:20,(anonymous_0)
FN:43,(anonymous_1)
FN:144,(anonymous_2)
FN:145,(anonymous_3)
FN:192,(anonymous_4)
FN:196,(anonymous_5)
FN:243,(anonymous_6)
FN:281,(anonymous_7)
FN:285,(anonymous_8)
FN:320,(anonymous_9)
FNF:10
FNH:3
FNDA:5,(anonymous_0)
FNDA:5,(anonymous_1)
FNDA:26,(anonymous_2)
FNDA:0,(anonymous_3)
FNDA:0,(anonymous_4)
FNDA:0,(anonymous_5)
FNDA:0,(anonymous_6)
FNDA:0,(anonymous_7)
FNDA:0,(anonymous_8)
FNDA:0,(anonymous_9)
DA:3,3
DA:20,3
DA:22,5
DA:23,5
DA:24,5
DA:25,5
DA:29,0
DA:30,0
DA:31,0
DA:37,0
DA:43,3
DA:48,5
DA:49,5
DA:51,5
DA:52,0
DA:57,0
DA:61,5
DA:64,5
DA:65,5
DA:70,5
DA:74,0
DA:75,0
DA:77,0
DA:78,0
DA:83,0
DA:87,0
DA:95,0
DA:96,0
DA:97,0
DA:98,0
DA:103,0
DA:107,0
DA:109,0
DA:112,0
DA:113,0
DA:115,0
DA:117,0
DA:119,0
DA:120,0
DA:121,0
DA:122,0
DA:123,0
DA:124,0
DA:125,0
DA:126,0
DA:127,0
DA:131,0
DA:136,0
DA:144,3
DA:145,26
DA:146,0
DA:147,0
DA:152,0
DA:155,0
DA:157,0
DA:158,0
DA:163,0
DA:167,0
DA:168,0
DA:169,0
DA:173,0
DA:175,0
DA:181,0
DA:184,0
DA:192,3
DA:196,0
DA:197,0
DA:198,0
DA:203,0
DA:206,0
DA:207,0
DA:208,0
DA:213,0
DA:217,0
DA:218,0
DA:219,0
DA:223,0
DA:224,0
DA:227,0
DA:228,0
DA:233,0
DA:236,0
DA:243,3
DA:248,0
DA:249,0
DA:251,0
DA:252,0
DA:254,0
DA:255,0
DA:256,0
DA:258,0
DA:259,0
DA:269,0
DA:272,0
DA:273,0
DA:281,3
DA:285,0
DA:286,0
DA:287,0
DA:292,0
DA:296,0
DA:297,0
DA:298,0
DA:301,0
DA:302,0
DA:304,0
DA:305,0
DA:310,0
DA:313,0
DA:320,3
DA:325,0
DA:326,0
DA:331,0
DA:335,0
DA:345,0
LF:115
LH:20
BRDA:23,0,0,5
BRDA:25,1,0,5
BRDA:30,2,0,0
BRDA:31,3,0,0
BRDA:31,3,1,0
BRDA:31,3,2,0
BRDA:31,3,3,0
BRDA:51,4,0,0
BRDA:64,5,0,5
BRDA:64,6,0,5
BRDA:64,6,1,0
BRDA:64,6,2,0
BRDA:75,7,0,0
BRDA:75,7,1,0
BRDA:77,8,0,0
BRDA:95,9,0,0
BRDA:97,10,0,0
BRDA:97,11,0,0
BRDA:97,11,1,0
BRDA:115,12,0,0
BRDA:119,13,0,0
BRDA:119,13,1,0
BRDA:122,14,0,0
BRDA:122,14,1,0
BRDA:125,15,0,0
BRDA:146,16,0,0
BRDA:157,17,0,0
BRDA:167,18,0,0
BRDA:173,19,0,0
BRDA:173,20,0,0
BRDA:173,20,1,0
BRDA:193,21,0,0
BRDA:194,22,0,0
BRDA:197,23,0,0
BRDA:207,24,0,0
BRDA:217,25,0,0
BRDA:227,26,0,0
BRDA:227,27,0,0
BRDA:227,27,1,0
BRDA:251,28,0,0
BRDA:254,29,0,0
BRDA:254,30,0,0
BRDA:254,30,1,0
BRDA:254,30,2,0
BRDA:256,31,0,0
BRDA:256,31,1,0
BRDA:258,32,0,0
BRDA:272,33,0,0
BRDA:272,33,1,0
BRDA:282,34,0,0
BRDA:283,35,0,0
BRDA:286,36,0,0
BRDA:296,37,0,0
BRDA:304,38,0,0
BRDA:304,39,0,0
BRDA:304,39,1,0
BRDA:325,40,0,0
BRDA:341,41,0,0
BRDA:341,41,1,0
BRF:59
BRH:4
end_of_record
TN:
SF:src/middleware/database.ts
FN:4,(anonymous_1)
FN:16,(anonymous_2)
FN:18,(anonymous_3)
FNF:3
FNH:0
FNDA:0,(anonymous_1)
FNDA:0,(anonymous_2)
FNDA:0,(anonymous_3)
DA:2,1
DA:4,1
DA:5,0
DA:6,0
DA:10,0
DA:12,0
DA:16,1
DA:17,0
DA:18,0
DA:24,0
DA:29,0
DA:32,0
DA:34,0
DA:35,0
DA:40,0
DA:43,0
LF:16
LH:3
BRDA:5,0,0,0
BRDA:17,1,0,0
BRDA:32,2,0,0
BRF:3
BRH:0
end_of_record
TN:
SF:src/middleware/patientAuth.ts
FN:10,(anonymous_1)
FN:73,(anonymous_2)
FNF:2
FNH:0
FNDA:0,(anonymous_1)
FNDA:0,(anonymous_2)
DA:1,0
DA:2,0
DA:10,0
DA:15,0
DA:16,0
DA:18,0
DA:19,0
DA:23,0
DA:26,0
DA:28,0
DA:29,0
DA:34,0
DA:35,0
DA:39,0
DA:43,0
DA:46,0
DA:47,0
DA:51,0
DA:54,0
DA:55,0
DA:56,0
DA:58,0
DA:62,0
DA:65,0
DA:66,0
DA:73,0
DA:78,0
DA:79,0
DA:83,0
DA:85,0
LF:30
LH:0
BRDA:18,0,0,0
BRDA:18,1,0,0
BRDA:18,1,1,0
BRDA:31,2,0,0
BRDA:31,2,1,0
BRDA:34,3,0,0
BRDA:46,4,0,0
BRDA:46,5,0,0
BRDA:46,5,1,0
BRDA:78,6,0,0
BRF:10
BRH:0
end_of_record
TN:
SF:src/middleware/roleBasedAccess.ts
FN:96,hasPermission
FN:124,hasRoleLevel
FN:131,requirePermission
FN:132,(anonymous_3)
FN:174,requireOwnershipOrAdmin
FN:175,(anonymous_5)
FN:212,requireSameClinic
FN:213,(anonymous_7)
FN:260,requireStaffManagement
FN:261,(anonymous_9)
FN:291,requirePatientAccess
FN:292,(anonymous_11)
FN:321,getUserPermissions
FN:330,(anonymous_13)
FN:342,attachUserPermissions
FN:348,(anonymous_15)
FN:359,canPerformAction
FNF:17
FNH:0
FNDA:0,hasPermission
FNDA:0,hasRoleLevel
FNDA:0,requirePermission
FNDA:0,(anonymous_3)
FNDA:0,requireOwnershipOrAdmin
FNDA:0,(anonymous_5)
FNDA:0,requireSameClinic
FNDA:0,(anonymous_7)
FNDA:0,requireStaffManagement
FNDA:0,(anonymous_9)
FNDA:0,requirePatientAccess
FNDA:0,(anonymous_11)
FNDA:0,getUserPermissions
FNDA:0,(anonymous_13)
FNDA:0,attachUserPermissions
FNDA:0,(anonymous_15)
FNDA:0,canPerformAction
DA:6,0
DA:26,0
DA:96,0
DA:101,0
DA:102,0
DA:103,0
DA:104,0
DA:108,0
DA:109,0
DA:113,0
DA:114,0
DA:115,0
DA:118,0
DA:124,0
DA:125,0
DA:131,0
DA:132,0
DA:133,0
DA:134,0
DA:139,0
DA:142,0
DA:143,0
DA:144,0
DA:149,0
DA:152,0
DA:153,0
DA:164,0
DA:167,0
DA:174,0
DA:175,0
DA:176,0
DA:177,0
DA:182,0
DA:185,0
DA:188,0
DA:189,0
DA:190,0
DA:194,0
DA:196,0
DA:197,0
DA:198,0
DA:201,0
DA:212,0
DA:213,0
DA:214,0
DA:215,0
DA:220,0
DA:223,0
DA:226,0
DA:227,0
DA:228,0
DA:231,0
DA:232,0
DA:233,0
DA:238,0
DA:242,0
DA:244,0
DA:245,0
DA:250,0
DA:253,0
DA:260,0
DA:261,0
DA:262,0
DA:263,0
DA:268,0
DA:271,0
DA:274,0
DA:275,0
DA:280,0
DA:283,0
DA:291,0
DA:292,0
DA:293,0
DA:294,0
DA:299,0
DA:302,0
DA:305,0
DA:306,0
DA:307,0
DA:314,0
DA:321,0
DA:322,0
DA:323,0
DA:324,0
DA:327,0
DA:330,0
DA:331,0
DA:332,0
DA:336,0
DA:342,0
DA:343,0
DA:344,0
DA:347,0
DA:348,0
DA:349,0
DA:353,0
DA:359,0
DA:364,0
DA:365,0
DA:368,0
LF:100
LH:0
BRDA:102,0,0,0
BRDA:108,1,0,0
BRDA:108,2,0,0
BRDA:108,2,1,0
BRDA:114,3,0,0
BRDA:133,4,0,0
BRDA:143,5,0,0
BRDA:152,6,0,0
BRDA:161,7,0,0
BRDA:161,7,1,0
BRDA:174,8,0,0
BRDA:176,9,0,0
BRDA:188,10,0,0
BRDA:194,11,0,0
BRDA:194,11,1,0
BRDA:194,11,2,0
BRDA:196,12,0,0
BRDA:196,13,0,0
BRDA:196,13,1,0
BRDA:212,14,0,0
BRDA:214,15,0,0
BRDA:226,16,0,0
BRDA:232,17,0,0
BRDA:242,18,0,0
BRDA:242,18,1,0
BRDA:242,18,2,0
BRDA:244,19,0,0
BRDA:244,20,0,0
BRDA:244,20,1,0
BRDA:262,21,0,0
BRDA:274,22,0,0
BRDA:293,23,0,0
BRDA:305,24,0,0
BRDA:323,25,0,0
BRDA:331,26,0,0
BRDA:331,27,0,0
BRDA:331,27,1,0
BRDA:343,28,0,0
BRDA:343,29,0,0
BRDA:343,29,1,0
BRDA:364,30,0,0
BRDA:364,31,0,0
BRDA:364,31,1,0
BRF:43
BRH:0
end_of_record
TN:
SF:src/models/Appointment.ts
FN:135,(anonymous_9)
FN:264,(anonymous_10)
FN:308,(anonymous_11)
FN:330,(anonymous_12)
FN:355,(anonymous_13)
FNF:5
FNH:0
FNDA:0,(anonymous_9)
FNDA:0,(anonymous_10)
FNDA:0,(anonymous_11)
FNDA:0,(anonymous_12)
FNDA:0,(anonymous_13)
DA:2,2
DA:40,2
DA:136,0
DA:137,0
DA:138,0
DA:139,0
DA:147,2
DA:157,2
DA:168,2
DA:178,2
DA:188,2
DA:198,2
DA:207,2
DA:216,2
DA:226,2
DA:235,2
DA:245,2
DA:255,2
DA:264,2
DA:266,0
DA:267,0
DA:271,0
DA:272,0
DA:276,0
DA:277,0
DA:281,0
DA:282,0
DA:284,0
DA:285,0
DA:287,0
DA:289,0
DA:290,0
DA:292,0
DA:294,0
DA:295,0
DA:297,0
DA:298,0
DA:300,0
DA:304,0
DA:308,2
DA:314,0
DA:320,0
DA:321,0
DA:323,0
DA:330,2
DA:336,0
DA:348,0
DA:349,0
DA:352,0
DA:355,2
DA:356,0
DA:357,0
DA:361,0
DA:363,0
DA:364,0
DA:368,0
DA:369,0
DA:371,0
DA:372,0
DA:376,0
DA:377,0
DA:379,0
DA:380,0
DA:381,0
DA:384,0
DA:391,2
LF:66
LH:19
BRDA:266,0,0,0
BRDA:271,1,0,0
BRDA:271,2,0,0
BRDA:271,2,1,0
BRDA:276,3,0,0
BRDA:276,4,0,0
BRDA:276,4,1,0
BRDA:281,5,0,0
BRDA:282,6,0,0
BRDA:282,6,1,0
BRDA:282,6,2,0
BRDA:284,7,0,0
BRDA:289,8,0,0
BRDA:294,9,0,0
BRDA:297,10,0,0
BRDA:312,11,0,0
BRDA:320,12,0,0
BRDA:321,13,0,0
BRDA:348,14,0,0
BRDA:361,15,0,0
BRDA:361,15,1,0
BRDA:361,15,2,0
BRF:22
BRH:0
end_of_record
TN:
SF:src/models/AppointmentType.ts
FN:56,(anonymous_9)
FN:102,(anonymous_10)
FNF:2
FNH:0
FNDA:0,(anonymous_9)
FNDA:0,(anonymous_10)
DA:4,2
DA:25,2
DA:57,0
DA:103,0
DA:104,0
DA:105,0
DA:106,0
DA:112,2
DA:113,2
DA:115,2
LF:10
LH:5
BRF:0
BRH:0
end_of_record
TN:
SF:src/models/Clinic.ts
FN:55,(anonymous_9)
FN:79,(anonymous_10)
FN:128,(anonymous_11)
FNF:3
FNH:1
FNDA:1,(anonymous_9)
FNDA:0,(anonymous_10)
FNDA:0,(anonymous_11)
DA:2,5
DA:42,5
DA:56,1
DA:80,0
DA:129,0
DA:130,0
DA:131,0
DA:132,0
DA:138,5
DA:139,5
DA:141,5
LF:11
LH:6
BRDA:80,0,0,0
BRDA:80,0,1,0
BRF:2
BRH:0
end_of_record
TN:
SF:src/models/Contact.ts
FN:53,(anonymous_9)
FN:76,(anonymous_10)
FN:152,(anonymous_11)
FN:190,(anonymous_12)
FN:219,(anonymous_13)
FN:223,(anonymous_14)
FN:233,(anonymous_15)
FNF:7
FNH:3
FNDA:15,(anonymous_9)
FNDA:26,(anonymous_10)
FNDA:0,(anonymous_11)
FNDA:15,(anonymous_12)
FNDA:0,(anonymous_13)
FNDA:0,(anonymous_14)
FNDA:0,(anonymous_15)
DA:2,2
DA:39,2
DA:54,15
DA:77,26
DA:153,0
DA:154,0
DA:155,0
DA:156,0
DA:162,2
DA:163,2
DA:164,2
DA:165,2
DA:166,2
DA:167,2
DA:168,2
DA:169,2
DA:172,2
DA:182,2
DA:190,2
DA:192,15
DA:198,15
DA:199,5
DA:203,15
DA:204,0
DA:205,0
DA:211,0
DA:215,15
DA:219,2
DA:220,0
DA:223,2
DA:224,0
DA:227,0
DA:228,0
DA:230,0
DA:233,2
DA:234,0
DA:238,0
DA:239,0
DA:241,0
DA:244,2
LF:40
LH:24
BRDA:192,0,0,0
BRDA:192,1,0,15
BRDA:192,1,1,0
BRDA:198,2,0,5
BRDA:198,3,0,15
BRDA:198,3,1,15
BRDA:203,4,0,0
BRDA:203,5,0,15
BRDA:203,5,1,15
BRDA:203,5,2,0
BRDA:204,6,0,0
BRDA:204,6,1,0
BRDA:227,7,0,0
BRDA:238,8,0,0
BRF:14
BRH:6
end_of_record
TN:
SF:src/models/Patient.ts
FN:50,(anonymous_9)
FN:70,(anonymous_10)
FN:109,(anonymous_11)
FNF:3
FNH:0
FNDA:0,(anonymous_9)
FNDA:0,(anonymous_10)
FNDA:0,(anonymous_11)
DA:3,2
DA:38,2
DA:51,0
DA:71,0
DA:110,0
DA:111,0
DA:112,0
DA:113,0
DA:119,2
DA:120,2
DA:121,2
DA:122,2
DA:124,2
LF:13
LH:7
BRDA:51,0,0,0
BRDA:51,0,1,0
BRDA:71,1,0,0
BRDA:71,1,1,0
BRF:4
BRH:0
end_of_record
TN:
SF:src/models/PatientUser.ts
FN:34,(anonymous_10)
FN:65,(anonymous_11)
FN:85,(anonymous_12)
FN:100,(anonymous_13)
FN:105,(anonymous_14)
FN:110,(anonymous_15)
FN:123,(anonymous_16)
FNF:7
FNH:0
FNDA:0,(anonymous_10)
FNDA:0,(anonymous_11)
FNDA:0,(anonymous_12)
FNDA:0,(anonymous_13)
FNDA:0,(anonymous_14)
FNDA:0,(anonymous_15)
FNDA:0,(anonymous_16)
DA:1,0
DA:2,0
DA:20,0
DA:35,0
DA:66,0
DA:67,0
DA:68,0
DA:69,0
DA:70,0
DA:71,0
DA:72,0
DA:73,0
DA:79,0
DA:80,0
DA:81,0
DA:82,0
DA:85,0
DA:86,0
DA:88,0
DA:90,0
DA:91,0
DA:92,0
DA:93,0
DA:95,0
DA:100,0
DA:101,0
DA:105,0
DA:106,0
DA:110,0
DA:111,0
DA:112,0
DA:113,0
DA:115,0
DA:116,0
DA:117,0
DA:123,0
DA:124,0
DA:125,0
DA:128,0
LF:39
LH:0
BRDA:88,0,0,0
BRDA:106,1,0,0
BRDA:106,1,1,0
BRDA:111,2,0,0
BRDA:111,2,1,0
BRDA:111,3,0,0
BRDA:111,3,1,0
BRDA:116,4,0,0
BRF:8
BRH:0
end_of_record
TN:
SF:src/models/Provider.ts
FN:34,(anonymous_9)
FN:39,(anonymous_10)
FN:62,(anonymous_11)
FN:88,(anonymous_12)
FN:261,(anonymous_13)
FN:271,(anonymous_14)
FNF:6
FNH:0
FNDA:0,(anonymous_9)
FNDA:0,(anonymous_10)
FNDA:0,(anonymous_11)
FNDA:0,(anonymous_12)
FNDA:0,(anonymous_13)
FNDA:0,(anonymous_14)
DA:4,2
DA:34,2
DA:35,0
DA:36,0
DA:39,2
DA:41,0
DA:42,0
DA:46,0
DA:48,0
DA:49,0
DA:53,0
DA:54,0
DA:55,0
DA:58,0
DA:62,2
DA:63,0
DA:64,0
DA:67,2
DA:89,0
DA:262,0
DA:263,0
DA:264,0
DA:265,0
DA:271,2
DA:272,0
DA:274,0
DA:275,0
DA:277,0
DA:278,0
DA:279,0
DA:282,0
DA:283,0
DA:284,0
DA:286,0
DA:287,0
DA:293,0
DA:297,2
DA:298,2
DA:300,2
LF:39
LH:9
BRDA:35,0,0,0
BRDA:41,1,0,0
BRDA:41,2,0,0
BRDA:41,2,1,0
BRDA:41,2,2,0
BRDA:46,3,0,0
BRDA:46,4,0,0
BRDA:46,4,1,0
BRDA:48,5,0,0
BRDA:48,6,0,0
BRDA:48,6,1,0
BRDA:89,7,0,0
BRDA:89,7,1,0
BRDA:277,8,0,0
BRDA:278,9,0,0
BRDA:278,10,0,0
BRDA:278,10,1,0
BRDA:278,10,2,0
BRDA:282,11,0,0
BRDA:282,12,0,0
BRDA:282,12,1,0
BRDA:286,13,0,0
BRF:22
BRH:0
end_of_record
TN:
SF:src/models/RefreshToken.ts
FNF:0
FNH:0
DA:2,4
DA:18,4
DA:51,4
DA:54,4
DA:56,4
LF:5
LH:5
BRF:0
BRH:0
end_of_record
TN:
SF:src/models/User.ts
FN:33,(anonymous_10)
FN:64,(anonymous_11)
FN:75,(anonymous_12)
FN:125,(anonymous_13)
FN:134,(anonymous_14)
FNF:5
FNH:5
FNDA:15,(anonymous_10)
FNDA:7,(anonymous_11)
FNDA:15,(anonymous_12)
FNDA:13,(anonymous_13)
FNDA:2,(anonymous_14)
DA:2,5
DA:3,5
DA:18,5
DA:34,15
DA:65,7
DA:66,7
DA:67,7
DA:68,7
DA:69,7
DA:75,5
DA:76,15
DA:77,8
DA:80,8
DA:81,0
DA:82,0
DA:86,8
DA:87,2
DA:88,2
DA:92,6
DA:93,0
DA:94,0
DA:98,6
DA:99,0
DA:100,0
DA:110,6
DA:115,6
DA:116,0
DA:117,0
DA:121,13
DA:125,5
DA:126,13
DA:128,6
DA:129,6
DA:130,6
DA:134,5
DA:135,2
DA:139,5
DA:140,5
DA:141,5
DA:143,5
LF:40
LH:32
BRDA:76,0,0,8
BRDA:76,1,0,15
BRDA:76,1,1,7
BRDA:80,2,0,0
BRDA:86,3,0,2
BRDA:92,4,0,0
BRDA:98,5,0,0
BRDA:115,6,0,0
BRDA:126,7,0,7
BRF:9
BRH:5
end_of_record
TN:
SF:src/routes/appointmentTypes.ts
FN:273,(anonymous_1)
FN:403,(anonymous_2)
FN:491,(anonymous_3)
FN:555,(anonymous_4)
FN:620,(anonymous_5)
FN:680,(anonymous_6)
FN:763,(anonymous_7)
FN:864,(anonymous_8)
FN:943,(anonymous_9)
FN:1017,(anonymous_10)
FNF:10
FNH:0
FNDA:0,(anonymous_1)
FNDA:0,(anonymous_2)
FNDA:0,(anonymous_3)
FNDA:0,(anonymous_4)
FNDA:0,(anonymous_5)
FNDA:0,(anonymous_6)
FNDA:0,(anonymous_7)
FNDA:0,(anonymous_8)
FNDA:0,(anonymous_9)
FNDA:0,(anonymous_10)
DA:2,1
DA:3,1
DA:4,1
DA:5,1
DA:7,1
DA:10,1
DA:13,1
DA:76,1
DA:148,1
DA:270,1
DA:274,0
DA:275,0
DA:276,0
DA:277,0
DA:284,0
DA:285,0
DA:291,0
DA:296,0
DA:298,0
DA:304,0
DA:305,0
DA:403,1
DA:404,0
DA:405,0
DA:406,0
DA:407,0
DA:414,0
DA:415,0
DA:421,0
DA:434,0
DA:436,0
DA:441,0
DA:442,0
DA:489,1
DA:492,0
DA:493,0
DA:494,0
DA:500,0
DA:502,0
DA:507,0
DA:508,0
DA:555,1
DA:556,0
DA:557,0
DA:558,0
DA:564,0
DA:566,0
DA:567,0
DA:573,0
DA:578,0
DA:583,0
DA:584,0
DA:620,1
DA:621,0
DA:622,0
DA:623,0
DA:629,0
DA:631,0
DA:636,0
DA:637,0
DA:680,1
DA:681,0
DA:682,0
DA:683,0
DA:689,0
DA:694,0
DA:695,0
DA:701,0
DA:706,0
DA:707,0
DA:760,1
DA:764,0
DA:765,0
DA:766,0
DA:767,0
DA:774,0
DA:775,0
DA:781,0
DA:787,0
DA:788,0
DA:794,0
DA:800,0
DA:801,0
DA:861,1
DA:865,0
DA:866,0
DA:867,0
DA:868,0
DA:875,0
DA:876,0
DA:882,0
DA:888,0
DA:894,0
DA:895,0
DA:941,1
DA:944,0
DA:945,0
DA:946,0
DA:952,0
DA:957,0
DA:958,0
DA:964,0
DA:970,0
DA:971,0
DA:1015,1
DA:1018,0
DA:1019,0
DA:1020,0
DA:1026,0
DA:1031,0
DA:1032,0
DA:1038,0
DA:1043,0
DA:1044,0
DA:1052,1
LF:115
LH:20
BRDA:276,0,0,0
BRDA:284,1,0,0
BRDA:307,2,0,0
BRDA:307,2,1,0
BRDA:406,3,0,0
BRDA:414,4,0,0
BRDA:424,5,0,0
BRDA:424,5,1,0
BRDA:426,6,0,0
BRDA:426,6,1,0
BRDA:427,7,0,0
BRDA:427,7,1,0
BRDA:428,8,0,0
BRDA:428,8,1,0
BRDA:429,9,0,0
BRDA:429,9,1,0
BRDA:430,10,0,0
BRDA:430,10,1,0
BRDA:431,11,0,0
BRDA:431,11,1,0
BRDA:444,12,0,0
BRDA:444,12,1,0
BRDA:493,13,0,0
BRDA:510,14,0,0
BRDA:510,14,1,0
BRDA:557,15,0,0
BRDA:566,16,0,0
BRDA:586,17,0,0
BRDA:586,17,1,0
BRDA:622,18,0,0
BRDA:639,19,0,0
BRDA:639,19,1,0
BRDA:682,20,0,0
BRDA:694,21,0,0
BRDA:709,22,0,0
BRDA:709,22,1,0
BRDA:766,23,0,0
BRDA:774,24,0,0
BRDA:787,25,0,0
BRDA:803,26,0,0
BRDA:803,26,1,0
BRDA:867,27,0,0
BRDA:875,28,0,0
BRDA:897,29,0,0
BRDA:897,29,1,0
BRDA:945,30,0,0
BRDA:957,31,0,0
BRDA:973,32,0,0
BRDA:973,32,1,0
BRDA:1019,33,0,0
BRDA:1031,34,0,0
BRDA:1046,35,0,0
BRDA:1046,35,1,0
BRF:53
BRH:0
end_of_record
TN:
SF:src/routes/appointments.ts
FN:75,(anonymous_1)
FN:204,(anonymous_2)
FN:242,(anonymous_3)
FN:334,(anonymous_4)
FN:413,(anonymous_5)
FN:523,(anonymous_6)
FN:523,(anonymous_7)
FN:552,(anonymous_8)
FN:647,(anonymous_9)
FN:776,(anonymous_10)
FN:813,(anonymous_11)
FNF:11
FNH:1
FNDA:0,(anonymous_1)
FNDA:0,(anonymous_2)
FNDA:0,(anonymous_3)
FNDA:0,(anonymous_4)
FNDA:0,(anonymous_5)
FNDA:6,(anonymous_6)
FNDA:0,(anonymous_7)
FNDA:0,(anonymous_8)
FNDA:0,(anonymous_9)
FNDA:0,(anonymous_10)
FNDA:0,(anonymous_11)
DA:2,1
DA:3,1
DA:4,1
DA:7,1
DA:8,1
DA:10,1
DA:13,1
DA:75,1
DA:76,0
DA:77,0
DA:78,0
DA:80,0
DA:81,0
DA:87,0
DA:88,0
DA:89,0
DA:95,0
DA:102,0
DA:107,0
DA:108,0
DA:116,1
DA:204,1
DA:205,0
DA:206,0
DA:207,0
DA:208,0
DA:215,0
DA:217,0
DA:228,0
DA:233,0
DA:234,0
DA:242,1
DA:243,0
DA:244,0
DA:245,0
DA:246,0
DA:253,0
DA:255,0
DA:266,0
DA:271,0
DA:272,0
DA:334,1
DA:335,0
DA:336,0
DA:338,0
DA:339,0
DA:345,0
DA:346,0
DA:348,0
DA:349,0
DA:355,0
DA:363,0
DA:368,0
DA:369,0
DA:413,1
DA:414,0
DA:415,0
DA:421,0
DA:422,0
DA:429,0
DA:430,0
DA:436,0
DA:441,0
DA:442,0
DA:523,6
DA:524,0
DA:525,0
DA:526,0
DA:527,0
DA:534,0
DA:535,0
DA:536,0
DA:543,0
DA:544,0
DA:551,0
DA:552,0
DA:553,0
DA:554,0
DA:555,0
DA:556,0
DA:557,0
DA:558,0
DA:559,0
DA:560,0
DA:561,0
DA:563,0
DA:568,0
DA:569,0
DA:575,0
DA:580,0
DA:581,0
DA:644,1
DA:648,0
DA:649,0
DA:650,0
DA:651,0
DA:658,0
DA:660,0
DA:661,0
DA:662,0
DA:669,0
DA:670,0
DA:676,0
DA:677,0
DA:681,0
DA:686,0
DA:687,0
DA:688,0
DA:689,0
DA:690,0
DA:693,0
DA:694,0
DA:700,0
DA:701,0
DA:772,1
DA:777,0
DA:778,0
DA:779,0
DA:780,0
DA:787,0
DA:789,0
DA:796,0
DA:801,0
DA:802,0
DA:811,1
DA:814,0
DA:815,0
DA:816,0
DA:817,0
DA:824,0
DA:825,0
DA:831,0
DA:833,0
DA:838,0
DA:839,0
DA:847,1
LF:136
LH:18
BRDA:80,0,0,0
BRDA:80,1,0,0
BRDA:80,1,1,0
BRDA:88,2,0,0
BRDA:207,3,0,0
BRDA:245,4,0,0
BRDA:338,5,0,0
BRDA:338,6,0,0
BRDA:338,6,1,0
BRDA:348,7,0,0
BRDA:348,8,0,0
BRDA:348,8,1,0
BRDA:421,9,0,0
BRDA:429,10,0,0
BRDA:526,11,0,0
BRDA:535,12,0,0
BRDA:543,13,0,0
BRDA:553,14,0,0
BRDA:554,15,0,0
BRDA:554,15,1,0
BRDA:554,16,0,0
BRDA:554,16,1,0
BRDA:556,17,0,0
BRDA:556,17,1,0
BRDA:558,18,0,0
BRDA:558,18,1,0
BRDA:560,19,0,0
BRDA:560,19,1,0
BRDA:650,20,0,0
BRDA:661,21,0,0
BRDA:669,22,0,0
BRDA:676,23,0,0
BRDA:676,23,1,0
BRDA:679,24,0,0
BRDA:679,24,1,0
BRDA:687,25,0,0
BRDA:687,25,1,0
BRDA:689,26,0,0
BRDA:779,27,0,0
BRDA:816,28,0,0
BRDA:824,29,0,0
BRF:41
BRH:0
end_of_record
TN:
SF:src/routes/auth.ts
FN:174,(anonymous_1)
FN:220,(anonymous_2)
FN:280,(anonymous_3)
FN:339,(anonymous_4)
FN:395,(anonymous_5)
FN:451,(anonymous_6)
FN:496,(anonymous_7)
FN:533,(anonymous_8)
FNF:8
FNH:4
FNDA:4,(anonymous_1)
FNDA:3,(anonymous_2)
FNDA:3,(anonymous_3)
FNDA:0,(anonymous_4)
FNDA:0,(anonymous_5)
FNDA:2,(anonymous_6)
FNDA:0,(anonymous_7)
FNDA:0,(anonymous_8)
DA:2,2
DA:3,2
DA:4,2
DA:5,2
DA:6,2
DA:7,2
DA:10,2
DA:13,2
DA:24,2
DA:34,2
DA:150,2
DA:161,2
DA:174,2
DA:175,4
DA:177,4
DA:178,10
DA:179,10
DA:180,0
DA:181,0
DA:183,0
DA:187,4
DA:220,2
DA:221,3
DA:223,3
DA:224,3
DA:225,1
DA:233,2
DA:235,2
DA:237,1
DA:239,1
DA:241,1
DA:280,2
DA:281,3
DA:283,3
DA:284,3
DA:285,1
DA:293,2
DA:296,2
DA:302,2
DA:304,1
DA:306,1
DA:308,1
DA:339,2
DA:340,0
DA:341,0
DA:343,0
DA:344,0
DA:350,0
DA:355,0
DA:395,2
DA:396,0
DA:397,0
DA:398,0
DA:399,0
DA:406,0
DA:408,0
DA:410,0
DA:415,0
DA:451,2
DA:452,2
DA:453,2
DA:454,2
DA:455,0
DA:461,2
DA:463,1
DA:465,1
DA:496,2
DA:497,0
DA:498,0
DA:499,0
DA:500,0
DA:504,0
DA:506,0
DA:511,0
DA:533,2
DA:534,0
DA:535,0
DA:536,0
DA:541,0
DA:548,2
LF:80
LH:51
BRDA:178,0,0,10
BRDA:178,0,1,0
BRDA:180,1,0,0
BRDA:180,1,1,0
BRDA:180,2,0,0
BRDA:180,2,1,0
BRDA:224,3,0,1
BRDA:243,4,0,1
BRDA:243,4,1,0
BRDA:284,5,0,1
BRDA:298,6,0,2
BRDA:298,6,1,0
BRDA:310,7,0,1
BRDA:310,7,1,0
BRDA:343,8,0,0
BRDA:398,9,0,0
BRDA:417,10,0,0
BRDA:417,10,1,0
BRDA:454,11,0,0
BRDA:467,12,0,1
BRDA:467,12,1,0
BRDA:499,13,0,0
BRF:22
BRH:7
end_of_record
TN:
SF:src/routes/calendar.ts
FN:60,(anonymous_0)
FN:121,(anonymous_1)
FNF:2
FNH:0
FNDA:0,(anonymous_0)
FNDA:0,(anonymous_1)
DA:1,1
DA:3,1
DA:60,1
DA:61,0
DA:63,0
DA:64,0
DA:77,0
DA:121,1
DA:122,0
DA:123,0
DA:124,0
DA:129,0
DA:133,1
LF:13
LH:5
BRF:0
BRH:0
end_of_record
TN:
SF:src/routes/docs.ts
FN:56,(anonymous_1)
FNF:1
FNH:0
FNDA:0,(anonymous_1)
DA:1,1
DA:2,1
DA:3,1
DA:5,1
DA:24,1
DA:25,1
DA:56,1
DA:57,0
DA:58,0
DA:61,1
LF:10
LH:8
BRF:0
BRH:0
end_of_record
TN:
SF:src/routes/forms.ts
FN:230,(anonymous_1)
FN:238,(anonymous_2)
FN:244,(anonymous_3)
FN:296,(anonymous_4)
FN:298,(anonymous_5)
FN:357,(anonymous_6)
FN:439,(anonymous_7)
FN:440,(anonymous_8)
FN:451,(anonymous_9)
FN:517,(anonymous_10)
FN:519,(anonymous_11)
FN:597,(anonymous_12)
FN:605,(anonymous_13)
FN:610,(anonymous_14)
FN:615,(anonymous_15)
FN:669,(anonymous_16)
FN:671,(anonymous_17)
FN:727,(anonymous_18)
FN:739,(anonymous_19)
FN:818,(anonymous_20)
FN:819,(anonymous_21)
FN:830,(anonymous_22)
FN:896,(anonymous_23)
FN:898,(anonymous_24)
FN:971,(anonymous_25)
FN:975,(anonymous_26)
FN:977,(anonymous_27)
FN:980,(anonymous_28)
FN:983,(anonymous_29)
FNF:29
FNH:2
FNDA:0,(anonymous_1)
FNDA:0,(anonymous_2)
FNDA:0,(anonymous_3)
FNDA:0,(anonymous_4)
FNDA:0,(anonymous_5)
FNDA:0,(anonymous_6)
FNDA:7,(anonymous_7)
FNDA:0,(anonymous_8)
FNDA:0,(anonymous_9)
FNDA:0,(anonymous_10)
FNDA:0,(anonymous_11)
FNDA:0,(anonymous_12)
FNDA:0,(anonymous_13)
FNDA:0,(anonymous_14)
FNDA:0,(anonymous_15)
FNDA:0,(anonymous_16)
FNDA:0,(anonymous_17)
FNDA:0,(anonymous_18)
FNDA:0,(anonymous_19)
FNDA:3,(anonymous_20)
FNDA:0,(anonymous_21)
FNDA:0,(anonymous_22)
FNDA:0,(anonymous_23)
FNDA:0,(anonymous_24)
FNDA:0,(anonymous_25)
FNDA:0,(anonymous_26)
FNDA:0,(anonymous_27)
FNDA:0,(anonymous_28)
FNDA:0,(anonymous_29)
DA:2,1
DA:3,1
DA:4,1
DA:6,1
DA:9,1
DA:12,1
DA:107,1
DA:135,1
DA:171,1
DA:230,1
DA:231,0
DA:232,0
DA:234,0
DA:237,0
DA:238,0
DA:242,0
DA:243,0
DA:244,0
DA:247,0
DA:252,0
DA:253,0
DA:296,1
DA:297,0
DA:298,0
DA:300,0
DA:301,0
DA:307,0
DA:312,0
DA:313,0
DA:354,1
DA:358,0
DA:359,0
DA:360,0
DA:361,0
DA:368,0
DA:377,0
DA:379,0
DA:385,0
DA:386,0
DA:437,1
DA:439,7
DA:441,0
DA:442,0
DA:443,0
DA:444,0
DA:451,0
DA:453,0
DA:454,0
DA:461,0
DA:467,0
DA:473,0
DA:474,0
DA:515,1
DA:518,0
DA:519,0
DA:521,0
DA:522,0
DA:529,0
DA:531,0
DA:536,0
DA:537,0
DA:597,1
DA:598,0
DA:599,0
DA:601,0
DA:604,0
DA:605,0
DA:609,0
DA:610,0
DA:614,0
DA:615,0
DA:616,0
DA:617,0
DA:618,0
DA:619,0
DA:623,0
DA:628,0
DA:629,0
DA:669,1
DA:670,0
DA:671,0
DA:673,0
DA:674,0
DA:680,0
DA:685,0
DA:686,0
DA:725,1
DA:728,0
DA:729,0
DA:730,0
DA:731,0
DA:739,0
DA:740,0
DA:741,0
DA:747,0
DA:757,0
DA:759,0
DA:765,0
DA:766,0
DA:817,1
DA:818,3
DA:820,0
DA:821,0
DA:822,0
DA:823,0
DA:830,0
DA:832,0
DA:833,0
DA:840,0
DA:846,0
DA:852,0
DA:853,0
DA:894,1
DA:897,0
DA:898,0
DA:900,0
DA:901,0
DA:907,0
DA:909,0
DA:914,0
DA:915,0
DA:969,1
DA:972,0
DA:973,0
DA:975,0
DA:977,0
DA:980,0
DA:983,0
DA:987,0
DA:992,0
DA:993,0
DA:1001,1
LF:132
LH:23
BRDA:237,0,0,0
BRDA:242,1,0,0
BRDA:300,2,0,0
BRDA:360,3,0,0
BRDA:443,4,0,0
BRDA:453,5,0,0
BRDA:521,6,0,0
BRDA:604,7,0,0
BRDA:609,8,0,0
BRDA:614,9,0,0
BRDA:614,10,0,0
BRDA:614,10,1,0
BRDA:617,11,0,0
BRDA:617,12,0,0
BRDA:617,12,1,0
BRDA:618,13,0,0
BRDA:618,14,0,0
BRDA:618,14,1,0
BRDA:673,15,0,0
BRDA:730,16,0,0
BRDA:740,17,0,0
BRDA:822,18,0,0
BRDA:832,19,0,0
BRDA:900,20,0,0
BRF:24
BRH:0
end_of_record
TN:
SF:src/routes/patients.ts
FN:320,(anonymous_1)
FN:438,(anonymous_2)
FN:520,(anonymous_3)
FN:579,(anonymous_4)
FN:653,(anonymous_5)
FN:762,(anonymous_6)
FN:843,(anonymous_7)
FN:910,(anonymous_8)
FNF:8
FNH:0
FNDA:0,(anonymous_1)
FNDA:0,(anonymous_2)
FNDA:0,(anonymous_3)
FNDA:0,(anonymous_4)
FNDA:0,(anonymous_5)
FNDA:0,(anonymous_6)
FNDA:0,(anonymous_7)
FNDA:0,(anonymous_8)
DA:2,2
DA:3,2
DA:4,2
DA:5,2
DA:7,2
DA:10,2
DA:13,2
DA:128,2
DA:253,2
DA:320,2
DA:321,0
DA:322,0
DA:323,0
DA:324,0
DA:331,0
DA:332,0
DA:338,0
DA:343,0
DA:345,0
DA:351,0
DA:352,0
DA:438,2
DA:439,0
DA:440,0
DA:441,0
DA:442,0
DA:449,0
DA:450,0
DA:456,0
DA:466,0
DA:468,0
DA:473,0
DA:474,0
DA:520,2
DA:521,0
DA:522,0
DA:523,0
DA:529,0
DA:531,0
DA:536,0
DA:537,0
DA:579,2
DA:580,0
DA:581,0
DA:582,0
DA:588,0
DA:590,0
DA:591,0
DA:597,0
DA:602,0
DA:603,0
DA:653,2
DA:654,0
DA:655,0
DA:656,0
DA:657,0
DA:664,0
DA:665,0
DA:671,0
DA:677,0
DA:678,0
DA:684,0
DA:690,0
DA:691,0
DA:757,2
DA:763,0
DA:764,0
DA:765,0
DA:766,0
DA:773,0
DA:774,0
DA:780,0
DA:786,0
DA:787,0
DA:793,0
DA:799,0
DA:800,0
DA:843,2
DA:844,0
DA:845,0
DA:846,0
DA:852,0
DA:854,0
DA:855,0
DA:861,0
DA:867,0
DA:868,0
DA:910,2
DA:911,0
DA:912,0
DA:913,0
DA:919,0
DA:921,0
DA:922,0
DA:928,0
DA:933,0
DA:934,0
DA:941,2
LF:98
LH:18
BRDA:323,0,0,0
BRDA:331,1,0,0
BRDA:354,2,0,0
BRDA:354,2,1,0
BRDA:441,3,0,0
BRDA:449,4,0,0
BRDA:459,5,0,0
BRDA:459,5,1,0
BRDA:460,6,0,0
BRDA:460,6,1,0
BRDA:461,7,0,0
BRDA:461,7,1,0
BRDA:462,8,0,0
BRDA:462,8,1,0
BRDA:463,9,0,0
BRDA:463,9,1,0
BRDA:476,10,0,0
BRDA:476,10,1,0
BRDA:522,11,0,0
BRDA:539,12,0,0
BRDA:539,12,1,0
BRDA:581,13,0,0
BRDA:590,14,0,0
BRDA:605,15,0,0
BRDA:605,15,1,0
BRDA:656,16,0,0
BRDA:664,17,0,0
BRDA:677,18,0,0
BRDA:693,19,0,0
BRDA:693,19,1,0
BRDA:765,20,0,0
BRDA:773,21,0,0
BRDA:786,22,0,0
BRDA:802,23,0,0
BRDA:802,23,1,0
BRDA:845,24,0,0
BRDA:854,25,0,0
BRDA:870,26,0,0
BRDA:870,26,1,0
BRDA:912,27,0,0
BRDA:921,28,0,0
BRDA:936,29,0,0
BRDA:936,29,1,0
BRF:43
BRH:0
end_of_record
TN:
SF:src/routes/providers.ts
FN:215,(anonymous_1)
FN:220,(anonymous_2)
FN:387,(anonymous_3)
FN:513,(anonymous_4)
FN:607,(anonymous_5)
FN:668,(anonymous_6)
FN:748,(anonymous_7)
FN:907,(anonymous_8)
FN:1008,(anonymous_9)
FN:1094,(anonymous_10)
FN:1165,(anonymous_11)
FNF:11
FNH:0
FNDA:0,(anonymous_1)
FNDA:0,(anonymous_2)
FNDA:0,(anonymous_3)
FNDA:0,(anonymous_4)
FNDA:0,(anonymous_5)
FNDA:0,(anonymous_6)
FNDA:0,(anonymous_7)
FNDA:0,(anonymous_8)
FNDA:0,(anonymous_9)
FNDA:0,(anonymous_10)
FNDA:0,(anonymous_11)
DA:2,1
DA:3,1
DA:4,1
DA:5,1
DA:7,1
DA:10,1
DA:13,1
DA:103,1
DA:201,1
DA:216,0
DA:217,0
DA:219,0
DA:220,0
DA:222,0
DA:248,1
DA:384,1
DA:388,0
DA:389,0
DA:390,0
DA:391,0
DA:398,0
DA:399,0
DA:405,0
DA:410,0
DA:412,0
DA:418,0
DA:419,0
DA:513,1
DA:514,0
DA:515,0
DA:516,0
DA:517,0
DA:524,0
DA:525,0
DA:533,0
DA:534,0
DA:535,0
DA:536,0
DA:537,0
DA:541,0
DA:552,0
DA:554,0
DA:559,0
DA:560,0
DA:605,1
DA:608,0
DA:609,0
DA:610,0
DA:616,0
DA:618,0
DA:623,0
DA:624,0
DA:668,1
DA:669,0
DA:670,0
DA:671,0
DA:677,0
DA:679,0
DA:680,0
DA:686,0
DA:691,0
DA:692,0
DA:745,1
DA:749,0
DA:750,0
DA:751,0
DA:752,0
DA:759,0
DA:760,0
DA:766,0
DA:772,0
DA:773,0
DA:779,0
DA:785,0
DA:786,0
DA:904,1
DA:908,0
DA:909,0
DA:910,0
DA:911,0
DA:918,0
DA:919,0
DA:925,0
DA:931,0
DA:932,0
DA:938,0
DA:944,0
DA:945,0
DA:1004,1
DA:1009,0
DA:1010,0
DA:1011,0
DA:1012,0
DA:1019,0
DA:1020,0
DA:1026,0
DA:1032,0
DA:1033,0
DA:1039,0
DA:1045,0
DA:1046,0
DA:1092,1
DA:1095,0
DA:1096,0
DA:1097,0
DA:1103,0
DA:1105,0
DA:1106,0
DA:1112,0
DA:1118,0
DA:1119,0
DA:1163,1
DA:1166,0
DA:1167,0
DA:1168,0
DA:1174,0
DA:1176,0
DA:1177,0
DA:1183,0
DA:1188,0
DA:1189,0
DA:1197,1
LF:122
LH:20
BRDA:216,0,0,0
BRDA:219,1,0,0
BRDA:390,2,0,0
BRDA:398,3,0,0
BRDA:421,4,0,0
BRDA:421,4,1,0
BRDA:516,5,0,0
BRDA:524,6,0,0
BRDA:533,7,0,0
BRDA:534,8,0,0
BRDA:534,8,1,0
BRDA:536,9,0,0
BRDA:544,10,0,0
BRDA:544,10,1,0
BRDA:546,11,0,0
BRDA:546,11,1,0
BRDA:547,12,0,0
BRDA:547,12,1,0
BRDA:548,13,0,0
BRDA:548,13,1,0
BRDA:549,14,0,0
BRDA:549,14,1,0
BRDA:562,15,0,0
BRDA:562,15,1,0
BRDA:609,16,0,0
BRDA:626,17,0,0
BRDA:626,17,1,0
BRDA:670,18,0,0
BRDA:679,19,0,0
BRDA:694,20,0,0
BRDA:694,20,1,0
BRDA:751,21,0,0
BRDA:759,22,0,0
BRDA:772,23,0,0
BRDA:788,24,0,0
BRDA:788,24,1,0
BRDA:910,25,0,0
BRDA:918,26,0,0
BRDA:931,27,0,0
BRDA:947,28,0,0
BRDA:947,28,1,0
BRDA:1011,29,0,0
BRDA:1019,30,0,0
BRDA:1032,31,0,0
BRDA:1048,32,0,0
BRDA:1048,32,1,0
BRDA:1096,33,0,0
BRDA:1105,34,0,0
BRDA:1121,35,0,0
BRDA:1121,35,1,0
BRDA:1167,36,0,0
BRDA:1176,37,0,0
BRDA:1191,38,0,0
BRDA:1191,38,1,0
BRF:54
BRH:0
end_of_record
TN:
SF:src/services/appointmentTypeService.ts
FN:48,(anonymous_1)
FN:107,(anonymous_2)
FN:128,(anonymous_3)
FN:173,(anonymous_4)
FN:191,(anonymous_5)
FN:218,(anonymous_6)
FN:296,(anonymous_7)
FN:317,(anonymous_8)
FN:343,(anonymous_9)
FN:365,(anonymous_10)
FN:444,(anonymous_11)
FN:483,(anonymous_12)
FNF:12
FNH:0
FNDA:0,(anonymous_1)
FNDA:0,(anonymous_2)
FNDA:0,(anonymous_3)
FNDA:0,(anonymous_4)
FNDA:0,(anonymous_5)
FNDA:0,(anonymous_6)
FNDA:0,(anonymous_7)
FNDA:0,(anonymous_8)
FNDA:0,(anonymous_9)
FNDA:0,(anonymous_10)
FNDA:0,(anonymous_11)
FNDA:0,(anonymous_12)
DA:2,1
DA:3,1
DA:49,0
DA:51,0
DA:52,0
DA:56,0
DA:57,0
DA:61,0
DA:62,0
DA:66,0
DA:67,0
DA:71,0
DA:72,0
DA:76,0
DA:82,0
DA:83,0
DA:86,0
DA:97,0
DA:99,0
DA:100,0
DA:102,0
DA:108,0
DA:109,0
DA:110,0
DA:113,0
DA:118,0
DA:120,0
DA:121,0
DA:123,0
DA:129,0
DA:130,0
DA:131,0
DA:134,0
DA:139,0
DA:140,0
DA:144,0
DA:145,0
DA:149,0
DA:150,0
DA:154,0
DA:155,0
DA:159,0
DA:160,0
DA:167,0
DA:168,0
DA:173,0
DA:174,0
DA:175,0
DA:176,0
DA:177,0
DA:181,0
DA:183,0
DA:184,0
DA:186,0
DA:192,0
DA:193,0
DA:194,0
DA:197,0
DA:208,0
DA:210,0
DA:211,0
DA:213,0
DA:219,0
DA:230,0
DA:232,0
DA:233,0
DA:237,0
DA:243,0
DA:244,0
DA:245,0
DA:253,0
DA:254,0
DA:258,0
DA:259,0
DA:263,0
DA:264,0
DA:265,0
DA:268,0
DA:277,0
DA:279,0
DA:288,0
DA:289,0
DA:291,0
DA:297,0
DA:298,0
DA:299,0
DA:302,0
DA:309,0
DA:310,0
DA:312,0
DA:322,0
DA:323,0
DA:324,0
DA:327,0
DA:335,0
DA:336,0
DA:338,0
DA:344,0
DA:345,0
DA:346,0
DA:349,0
DA:357,0
DA:358,0
DA:360,0
DA:375,0
DA:376,0
DA:377,0
DA:389,0
DA:425,0
DA:436,0
DA:437,0
DA:439,0
DA:445,0
DA:446,0
DA:447,0
DA:450,0
DA:456,0
DA:457,0
DA:461,0
DA:468,0
DA:469,0
DA:472,0
DA:473,0
DA:475,0
DA:476,0
DA:478,0
DA:484,0
DA:485,0
DA:486,0
DA:489,0
DA:494,0
DA:495,0
DA:498,0
DA:501,0
DA:507,0
DA:508,0
DA:511,0
DA:527,0
DA:529,0
DA:530,0
DA:532,0
DA:537,1
LF:142
LH:3
BRDA:51,0,0,0
BRDA:51,1,0,0
BRDA:51,1,1,0
BRDA:51,1,2,0
BRDA:51,1,3,0
BRDA:51,1,4,0
BRDA:56,2,0,0
BRDA:61,3,0,0
BRDA:66,4,0,0
BRDA:66,5,0,0
BRDA:66,5,1,0
BRDA:71,6,0,0
BRDA:71,7,0,0
BRDA:71,7,1,0
BRDA:82,8,0,0
BRDA:90,9,0,0
BRDA:90,9,1,0
BRDA:91,10,0,0
BRDA:91,10,1,0
BRDA:92,11,0,0
BRDA:92,11,1,0
BRDA:93,12,0,0
BRDA:93,12,1,0
BRDA:99,13,0,0
BRDA:109,14,0,0
BRDA:120,15,0,0
BRDA:130,16,0,0
BRDA:139,17,0,0
BRDA:144,18,0,0
BRDA:144,19,0,0
BRDA:144,19,1,0
BRDA:149,20,0,0
BRDA:149,21,0,0
BRDA:149,21,1,0
BRDA:149,21,2,0
BRDA:154,22,0,0
BRDA:154,23,0,0
BRDA:154,23,1,0
BRDA:159,24,0,0
BRDA:159,25,0,0
BRDA:159,25,1,0
BRDA:167,26,0,0
BRDA:174,27,0,0
BRDA:174,27,1,0
BRDA:174,28,0,0
BRDA:174,28,1,0
BRDA:176,29,0,0
BRDA:183,30,0,0
BRDA:193,31,0,0
BRDA:210,32,0,0
BRDA:223,33,0,0
BRDA:226,34,0,0
BRDA:227,35,0,0
BRDA:228,36,0,0
BRDA:229,37,0,0
BRDA:232,38,0,0
BRDA:243,39,0,0
BRDA:243,40,0,0
BRDA:243,40,1,0
BRDA:253,41,0,0
BRDA:258,42,0,0
BRDA:265,43,0,0
BRDA:265,43,1,0
BRDA:288,44,0,0
BRDA:296,45,0,0
BRDA:298,46,0,0
BRDA:309,47,0,0
BRDA:320,48,0,0
BRDA:323,49,0,0
BRDA:335,50,0,0
BRDA:345,51,0,0
BRDA:357,52,0,0
BRDA:376,53,0,0
BRDA:432,54,0,0
BRDA:432,54,1,0
BRDA:433,55,0,0
BRDA:433,55,1,0
BRDA:436,56,0,0
BRDA:446,57,0,0
BRDA:456,58,0,0
BRDA:468,59,0,0
BRDA:475,60,0,0
BRDA:485,61,0,0
BRDA:494,62,0,0
BRDA:498,63,0,0
BRDA:498,63,1,0
BRDA:507,64,0,0
BRDA:529,65,0,0
BRF:88
BRH:0
end_of_record
TN:
SF:src/services/authService.ts
FN:63,(anonymous_1)
FN:84,(anonymous_2)
FN:104,(anonymous_3)
FN:109,(anonymous_4)
FN:127,(anonymous_5)
FN:136,(anonymous_6)
FN:150,(anonymous_7)
FN:184,(anonymous_8)
FN:233,(anonymous_9)
FN:248,(anonymous_10)
FN:265,(anonymous_11)
FN:356,(anonymous_12)
FN:416,(anonymous_13)
FN:430,(anonymous_14)
FN:470,(anonymous_15)
FN:499,(anonymous_16)
FNF:16
FNH:8
FNDA:4,(anonymous_1)
FNDA:7,(anonymous_2)
FNDA:7,(anonymous_3)
FNDA:7,(anonymous_4)
FNDA:7,(anonymous_5)
FNDA:0,(anonymous_6)
FNDA:0,(anonymous_7)
FNDA:0,(anonymous_8)
FNDA:0,(anonymous_9)
FNDA:0,(anonymous_10)
FNDA:9,(anonymous_11)
FNDA:3,(anonymous_12)
FNDA:1,(anonymous_13)
FNDA:0,(anonymous_14)
FNDA:0,(anonymous_15)
FNDA:0,(anonymous_16)
DA:2,4
DA:3,4
DA:4,4
DA:7,4
DA:8,4
DA:66,4
DA:67,4
DA:68,4
DA:69,0
DA:71,0
DA:73,4
DA:74,4
DA:78,4
DA:79,4
DA:80,4
DA:86,7
DA:93,7
DA:100,7
DA:105,7
DA:110,7
DA:111,7
DA:112,7
DA:114,7
DA:116,7
DA:123,7
DA:128,7
DA:129,7
DA:134,7
DA:135,0
DA:136,0
DA:137,0
DA:144,0
DA:151,0
DA:152,0
DA:159,0
DA:160,0
DA:163,0
DA:166,0
DA:167,0
DA:170,0
DA:172,0
DA:173,0
DA:174,0
DA:175,0
DA:176,0
DA:177,0
DA:179,0
DA:185,0
DA:186,0
DA:189,0
DA:195,0
DA:196,0
DA:199,0
DA:200,0
DA:202,0
DA:203,0
DA:204,0
DA:208,0
DA:209,0
DA:212,0
DA:219,0
DA:220,0
DA:225,0
DA:234,0
DA:236,0
DA:237,0
DA:242,0
DA:249,0
DA:250,0
DA:253,0
DA:254,0
DA:259,0
DA:260,0
DA:266,9
DA:268,9
DA:269,0
DA:272,9
DA:273,0
DA:277,9
DA:278,9
DA:279,0
DA:283,9
DA:284,1
DA:310,1
DA:311,0
DA:314,8
DA:321,8
DA:324,6
DA:331,6
DA:332,6
DA:335,6
DA:336,6
DA:338,6
DA:348,3
DA:349,3
DA:351,0
DA:357,3
DA:359,3
DA:360,0
DA:363,3
DA:367,3
DA:369,1
DA:372,2
DA:373,2
DA:374,1
DA:377,1
DA:378,0
DA:382,1
DA:391,1
DA:392,1
DA:398,1
DA:399,1
DA:401,1
DA:411,2
DA:417,1
DA:418,1
DA:419,0
DA:422,1
DA:424,1
DA:425,1
DA:431,0
DA:432,0
DA:433,0
DA:436,0
DA:437,0
DA:440,0
DA:441,0
DA:444,0
DA:445,0
DA:446,0
DA:449,0
DA:450,0
DA:451,0
DA:454,0
DA:455,0
DA:458,0
DA:460,0
DA:462,0
DA:463,0
DA:465,0
DA:471,0
DA:472,0
DA:473,0
DA:476,0
DA:477,0
DA:478,0
DA:482,0
DA:483,0
DA:484,0
DA:487,0
DA:489,0
DA:491,0
DA:492,0
DA:494,0
DA:500,0
DA:501,0
DA:502,0
DA:503,0
DA:505,0
DA:506,0
DA:509,0
DA:518,0
DA:520,0
DA:525,4
LF:164
LH:66
BRDA:66,0,0,4
BRDA:66,0,1,4
BRDA:67,1,0,4
BRDA:67,2,0,4
BRDA:67,2,1,0
BRDA:68,3,0,0
BRDA:68,3,1,4
BRDA:74,4,0,4
BRDA:74,4,1,4
BRDA:78,5,0,4
BRDA:78,5,1,4
BRDA:79,6,0,4
BRDA:79,6,1,4
BRDA:80,7,0,4
BRDA:80,7,1,4
BRDA:90,8,0,7
BRDA:90,8,1,0
BRDA:120,9,0,7
BRDA:120,9,1,7
BRDA:134,10,0,0
BRDA:159,11,0,0
BRDA:166,12,0,0
BRDA:166,13,0,0
BRDA:166,13,1,0
BRDA:166,13,2,0
BRDA:172,14,0,0
BRDA:172,14,1,0
BRDA:174,15,0,0
BRDA:174,15,1,0
BRDA:176,16,0,0
BRDA:185,17,0,0
BRDA:195,18,0,0
BRDA:200,19,0,0
BRDA:200,20,0,0
BRDA:200,20,1,0
BRDA:216,21,0,0
BRDA:216,21,1,0
BRDA:234,22,0,0
BRDA:249,23,0,0
BRDA:268,24,0,0
BRDA:268,25,0,9
BRDA:268,25,1,9
BRDA:268,25,2,9
BRDA:272,26,0,0
BRDA:278,27,0,0
BRDA:283,28,0,1
BRDA:328,29,0,6
BRDA:328,29,1,0
BRDA:348,30,0,3
BRDA:359,31,0,0
BRDA:359,32,0,3
BRDA:359,32,1,3
BRDA:367,33,0,1
BRDA:373,34,0,1
BRDA:377,35,0,0
BRDA:386,36,0,1
BRDA:386,36,1,0
BRDA:387,37,0,0
BRDA:387,37,1,0
BRDA:411,38,0,2
BRDA:411,38,1,0
BRDA:418,39,0,0
BRDA:432,40,0,0
BRDA:432,41,0,0
BRDA:432,41,1,0
BRDA:432,41,2,0
BRDA:436,42,0,0
BRDA:440,43,0,0
BRDA:445,44,0,0
BRDA:450,45,0,0
BRDA:462,46,0,0
BRDA:472,47,0,0
BRDA:477,48,0,0
BRDA:491,49,0,0
BRDA:505,50,0,0
BRDA:505,51,0,0
BRDA:505,51,1,0
BRDA:513,52,0,0
BRDA:513,52,1,0
BRDA:514,53,0,0
BRDA:514,53,1,0
BRF:81
BRH:28
end_of_record
TN:
SF:src/services/availabilityService.ts
FN:29,generateAvailability
FN:139,generateDayAvailability
FN:237,parseTimeToDate
FN:273,checkTimeConflictOptimized
FN:317,bookAppointmentAtomic
FN:423,batchAvailabilityCheck
FN:445,(anonymous_7)
FN:446,(anonymous_8)
FN:462,(anonymous_9)
FN:483,clearAvailabilityCache
FN:490,getAvailabilityStats
FNF:11
FNH:0
FNDA:0,generateAvailability
FNDA:0,generateDayAvailability
FNDA:0,parseTimeToDate
FNDA:0,checkTimeConflictOptimized
FNDA:0,bookAppointmentAtomic
FNDA:0,batchAvailabilityCheck
FNDA:0,(anonymous_7)
FNDA:0,(anonymous_8)
FNDA:0,(anonymous_9)
FNDA:0,clearAvailabilityCache
FNDA:0,getAvailabilityStats
DA:2,0
DA:3,0
DA:4,0
DA:5,0
DA:6,0
DA:7,0
DA:29,0
DA:37,0
DA:40,0
DA:41,0
DA:43,0
DA:44,0
DA:48,0
DA:49,0
DA:50,0
DA:53,0
DA:54,0
DA:58,0
DA:63,0
DA:64,0
DA:67,0
DA:68,0
DA:71,0
DA:72,0
DA:75,0
DA:78,0
DA:79,0
DA:80,0
DA:81,0
DA:83,0
DA:84,0
DA:85,0
DA:94,0
DA:97,0
DA:100,0
DA:101,0
DA:104,0
DA:105,0
DA:108,0
DA:109,0
DA:110,0
DA:114,0
DA:116,0
DA:117,0
DA:118,0
DA:123,0
DA:124,0
DA:127,0
DA:140,0
DA:143,0
DA:144,0
DA:147,0
DA:148,0
DA:155,0
DA:156,0
DA:157,0
DA:159,0
DA:160,0
DA:164,0
DA:165,0
DA:167,0
DA:168,0
DA:172,0
DA:187,0
DA:188,0
DA:189,0
DA:190,0
DA:192,0
DA:193,0
DA:194,0
DA:196,0
DA:197,0
DA:200,0
DA:201,0
DA:205,0
DA:213,0
DA:214,0
DA:223,0
DA:224,0
DA:227,0
DA:228,0
DA:231,0
DA:235,0
DA:238,0
DA:240,0
DA:241,0
DA:244,0
DA:245,0
DA:247,0
DA:248,0
DA:254,0
DA:261,0
DA:262,0
DA:264,0
DA:266,0
DA:268,0
DA:282,0
DA:283,0
DA:286,0
DA:287,0
DA:290,0
DA:291,0
DA:292,0
DA:295,0
DA:296,0
DA:300,0
DA:301,0
DA:305,0
DA:311,0
DA:317,0
DA:327,0
DA:330,0
DA:331,0
DA:334,0
DA:335,0
DA:339,0
DA:340,0
DA:341,0
DA:345,0
DA:346,0
DA:347,0
DA:351,0
DA:352,0
DA:353,0
DA:354,0
DA:358,0
DA:370,0
DA:371,0
DA:373,0
DA:381,0
DA:382,0
DA:386,0
DA:388,0
DA:389,0
DA:393,0
DA:405,0
DA:409,0
DA:410,0
DA:413,0
DA:414,0
DA:416,0
DA:423,0
DA:428,0
DA:430,0
DA:431,0
DA:435,0
DA:440,0
DA:441,0
DA:445,0
DA:446,0
DA:448,0
DA:458,0
DA:459,0
DA:462,0
DA:463,0
DA:471,0
DA:483,0
DA:484,0
DA:490,0
DA:494,0
LF:160
LH:0
BRDA:35,0,0,0
BRDA:36,1,0,0
BRDA:43,2,0,0
BRDA:43,3,0,0
BRDA:43,3,1,0
BRDA:49,4,0,0
BRDA:53,5,0,0
BRDA:63,6,0,0
BRDA:67,7,0,0
BRDA:71,8,0,0
BRDA:83,9,0,0
BRDA:83,9,1,0
BRDA:90,10,0,0
BRDA:90,10,1,0
BRDA:91,11,0,0
BRDA:91,11,1,0
BRDA:100,12,0,0
BRDA:108,13,0,0
BRDA:123,14,0,0
BRDA:147,15,0,0
BRDA:147,16,0,0
BRDA:147,16,1,0
BRDA:164,17,0,0
BRDA:164,17,1,0
BRDA:164,18,0,0
BRDA:164,18,1,0
BRDA:165,19,0,0
BRDA:165,19,1,0
BRDA:165,20,0,0
BRDA:165,20,1,0
BRDA:167,21,0,0
BRDA:189,22,0,0
BRDA:189,22,1,0
BRDA:189,22,2,0
BRDA:190,23,0,0
BRDA:190,23,1,0
BRDA:190,23,2,0
BRDA:196,24,0,0
BRDA:196,24,1,0
BRDA:200,25,0,0
BRDA:213,26,0,0
BRDA:227,27,0,0
BRDA:240,28,0,0
BRDA:247,29,0,0
BRDA:247,30,0,0
BRDA:247,30,1,0
BRDA:247,30,2,0
BRDA:247,30,3,0
BRDA:247,30,4,0
BRDA:247,30,5,0
BRDA:261,31,0,0
BRDA:268,32,0,0
BRDA:268,32,1,0
BRDA:282,33,0,0
BRDA:295,34,0,0
BRDA:300,35,0,0
BRDA:327,36,0,0
BRDA:330,37,0,0
BRDA:330,38,0,0
BRDA:330,38,1,0
BRDA:330,38,2,0
BRDA:334,39,0,0
BRDA:340,40,0,0
BRDA:346,41,0,0
BRDA:353,42,0,0
BRDA:353,43,0,0
BRDA:353,43,1,0
BRDA:370,44,0,0
BRDA:370,44,1,0
BRDA:370,44,2,0
BRDA:371,45,0,0
BRDA:371,45,1,0
BRDA:371,45,2,0
BRDA:381,46,0,0
BRDA:400,47,0,0
BRDA:400,47,1,0
BRDA:402,48,0,0
BRDA:402,48,1,0
BRDA:430,49,0,0
BRDA:440,50,0,0
BRDA:440,51,0,0
BRDA:440,51,1,0
BRDA:458,52,0,0
BRDA:458,52,1,0
BRDA:458,52,2,0
BRDA:459,53,0,0
BRDA:459,53,1,0
BRDA:459,53,2,0
BRF:88
BRH:0
end_of_record
TN:
SF:src/services/contactService.ts
FN:40,(anonymous_0)
FN:74,(anonymous_1)
FN:124,(anonymous_2)
FN:159,(anonymous_3)
FN:171,(anonymous_4)
FN:185,(anonymous_5)
FN:251,(anonymous_6)
FN:274,(anonymous_7)
FN:302,(anonymous_8)
FN:315,(anonymous_9)
FN:337,(anonymous_10)
FN:423,(anonymous_11)
FN:466,(anonymous_12)
FN:486,(anonymous_13)
FN:494,(anonymous_14)
FNF:15
FNH:8
FNDA:8,(anonymous_0)
FNDA:3,(anonymous_1)
FNDA:0,(anonymous_2)
FNDA:3,(anonymous_3)
FNDA:2,(anonymous_4)
FNDA:4,(anonymous_5)
FNDA:2,(anonymous_6)
FNDA:0,(anonymous_7)
FNDA:2,(anonymous_8)
FNDA:0,(anonymous_9)
FNDA:1,(anonymous_10)
FNDA:0,(anonymous_11)
FNDA:0,(anonymous_12)
FNDA:0,(anonymous_13)
FNDA:0,(anonymous_14)
DA:1,2
DA:41,8
DA:44,8
DA:64,8
DA:66,0
DA:67,0
DA:79,3
DA:81,3
DA:82,0
DA:86,3
DA:87,3
DA:90,3
DA:110,3
DA:116,0
DA:117,0
DA:130,0
DA:137,0
DA:138,0
DA:139,0
DA:141,0
DA:142,0
DA:144,0
DA:147,0
DA:149,0
DA:156,0
DA:160,3
DA:161,3
DA:163,0
DA:164,0
DA:172,2
DA:173,2
DA:174,0
DA:177,2
DA:180,0
DA:181,0
DA:189,4
DA:190,4
DA:191,4
DA:194,4
DA:196,4
DA:197,1
DA:200,4
DA:201,0
DA:204,4
DA:205,0
DA:206,0
DA:207,0
DA:209,0
DA:210,0
DA:214,4
DA:215,1
DA:224,4
DA:233,4
DA:235,4
DA:243,0
DA:244,0
DA:252,2
DA:254,2
DA:256,2
DA:266,0
DA:267,0
DA:279,0
DA:280,0
DA:282,0
DA:283,0
DA:286,0
DA:292,0
DA:297,0
DA:298,0
DA:303,2
DA:304,2
DA:305,2
DA:307,0
DA:308,0
DA:316,0
DA:317,0
DA:329,0
DA:330,0
DA:344,1
DA:345,1
DA:346,1
DA:347,1
DA:349,1
DA:407,1
DA:415,0
DA:416,0
DA:428,0
DA:429,0
DA:456,0
DA:458,0
DA:459,0
DA:470,0
DA:472,0
DA:473,0
DA:474,0
DA:478,0
DA:483,0
DA:486,0
DA:488,0
DA:489,0
DA:493,0
DA:494,0
DA:496,0
DA:497,0
DA:498,0
DA:499,0
DA:500,0
DA:503,0
DA:510,0
DA:521,0
DA:523,0
DA:524,0
DA:529,2
LF:113
LH:41
BRDA:53,0,0,8
BRDA:53,0,1,7
BRDA:81,1,0,0
BRDA:81,2,0,3
BRDA:81,2,1,3
BRDA:81,2,2,3
BRDA:81,2,3,3
BRDA:98,3,0,3
BRDA:98,3,1,3
BRDA:99,4,0,1
BRDA:99,4,1,2
BRDA:113,5,0,2
BRDA:113,5,1,1
BRDA:141,6,0,0
BRDA:141,6,1,0
BRDA:151,7,0,0
BRDA:151,7,1,0
BRDA:173,8,0,0
BRDA:186,9,0,0
BRDA:190,10,0,0
BRDA:190,11,0,0
BRDA:190,12,0,3
BRDA:190,13,0,3
BRDA:196,14,0,1
BRDA:200,15,0,0
BRDA:204,16,0,0
BRDA:204,17,0,4
BRDA:204,17,1,4
BRDA:206,18,0,0
BRDA:209,19,0,0
BRDA:214,20,0,1
BRDA:227,21,0,4
BRDA:227,21,1,0
BRDA:282,22,0,0
BRDA:473,23,0,0
BRDA:488,24,0,0
BRF:36
BRH:19
end_of_record
TN:
SF:src/services/patientService.ts
FN:60,(anonymous_1)
FN:113,(anonymous_2)
FN:134,(anonymous_3)
FN:178,(anonymous_4)
FN:196,(anonymous_5)
FN:223,(anonymous_6)
FN:292,(anonymous_7)
FN:315,(anonymous_8)
FN:356,(anonymous_9)
FN:412,(anonymous_10)
FNF:10
FNH:0
FNDA:0,(anonymous_1)
FNDA:0,(anonymous_2)
FNDA:0,(anonymous_3)
FNDA:0,(anonymous_4)
FNDA:0,(anonymous_5)
FNDA:0,(anonymous_6)
FNDA:0,(anonymous_7)
FNDA:0,(anonymous_8)
FNDA:0,(anonymous_9)
FNDA:0,(anonymous_10)
DA:2,2
DA:3,2
DA:61,0
DA:63,0
DA:64,0
DA:68,0
DA:69,0
DA:73,0
DA:79,0
DA:80,0
DA:84,0
DA:85,0
DA:91,0
DA:92,0
DA:96,0
DA:103,0
DA:105,0
DA:106,0
DA:108,0
DA:114,0
DA:115,0
DA:116,0
DA:119,0
DA:124,0
DA:126,0
DA:127,0
DA:129,0
DA:135,0
DA:136,0
DA:137,0
DA:140,0
DA:145,0
DA:146,0
DA:150,0
DA:151,0
DA:158,0
DA:159,0
DA:164,0
DA:165,0
DA:172,0
DA:173,0
DA:178,0
DA:179,0
DA:180,0
DA:181,0
DA:182,0
DA:186,0
DA:188,0
DA:189,0
DA:191,0
DA:197,0
DA:198,0
DA:199,0
DA:202,0
DA:213,0
DA:215,0
DA:216,0
DA:218,0
DA:224,0
DA:233,0
DA:235,0
DA:236,0
DA:240,0
DA:246,0
DA:247,0
DA:248,0
DA:259,0
DA:260,0
DA:261,0
DA:264,0
DA:273,0
DA:275,0
DA:284,0
DA:285,0
DA:287,0
DA:293,0
DA:294,0
DA:295,0
DA:298,0
DA:299,0
DA:300,0
DA:303,0
DA:307,0
DA:308,0
DA:310,0
DA:325,0
DA:326,0
DA:327,0
DA:330,0
DA:346,0
DA:348,0
DA:349,0
DA:351,0
DA:363,0
DA:364,0
DA:365,0
DA:368,0
DA:369,0
DA:377,0
DA:396,0
DA:404,0
DA:405,0
DA:407,0
DA:413,0
DA:414,0
DA:415,0
DA:418,0
DA:424,0
DA:425,0
DA:429,0
DA:436,0
DA:437,0
DA:441,0
DA:442,0
DA:449,0
DA:450,0
DA:454,0
DA:455,0
DA:457,0
DA:458,0
DA:460,0
DA:465,2
LF:122
LH:3
BRDA:63,0,0,0
BRDA:63,1,0,0
BRDA:63,1,1,0
BRDA:63,1,2,0
BRDA:68,2,0,0
BRDA:79,3,0,0
BRDA:84,4,0,0
BRDA:91,5,0,0
BRDA:105,6,0,0
BRDA:115,7,0,0
BRDA:126,8,0,0
BRDA:136,9,0,0
BRDA:145,10,0,0
BRDA:150,11,0,0
BRDA:150,12,0,0
BRDA:150,12,1,0
BRDA:158,13,0,0
BRDA:164,14,0,0
BRDA:164,15,0,0
BRDA:164,15,1,0
BRDA:172,16,0,0
BRDA:179,17,0,0
BRDA:179,17,1,0
BRDA:179,18,0,0
BRDA:179,18,1,0
BRDA:181,19,0,0
BRDA:188,20,0,0
BRDA:198,21,0,0
BRDA:215,22,0,0
BRDA:228,23,0,0
BRDA:229,24,0,0
BRDA:230,25,0,0
BRDA:231,26,0,0
BRDA:232,27,0,0
BRDA:235,28,0,0
BRDA:246,29,0,0
BRDA:246,30,0,0
BRDA:246,30,1,0
BRDA:261,31,0,0
BRDA:261,31,1,0
BRDA:284,32,0,0
BRDA:292,33,0,0
BRDA:294,34,0,0
BRDA:299,35,0,0
BRDA:307,36,0,0
BRDA:326,37,0,0
BRDA:337,38,0,0
BRDA:337,38,1,0
BRDA:338,39,0,0
BRDA:338,39,1,0
BRDA:339,40,0,0
BRDA:339,40,1,0
BRDA:340,41,0,0
BRDA:340,41,1,0
BRDA:348,42,0,0
BRDA:364,43,0,0
BRDA:404,44,0,0
BRDA:414,45,0,0
BRDA:424,46,0,0
BRDA:436,47,0,0
BRDA:441,48,0,0
BRDA:449,49,0,0
BRDA:457,50,0,0
BRF:63
BRH:0
end_of_record
TN:
SF:src/services/providerService.ts
FN:55,(anonymous_1)
FN:68,(anonymous_2)
FN:154,(anonymous_3)
FN:178,(anonymous_4)
FN:246,(anonymous_5)
FN:266,(anonymous_6)
FN:293,(anonymous_7)
FN:369,(anonymous_8)
FN:392,(anonymous_9)
FN:434,(anonymous_10)
FN:475,(anonymous_11)
FN:536,(anonymous_12)
FNF:12
FNH:0
FNDA:0,(anonymous_1)
FNDA:0,(anonymous_2)
FNDA:0,(anonymous_3)
FNDA:0,(anonymous_4)
FNDA:0,(anonymous_5)
FNDA:0,(anonymous_6)
FNDA:0,(anonymous_7)
FNDA:0,(anonymous_8)
FNDA:0,(anonymous_9)
FNDA:0,(anonymous_10)
FNDA:0,(anonymous_11)
FNDA:0,(anonymous_12)
DA:2,1
DA:3,1
DA:4,1
DA:56,0
DA:69,0
DA:71,0
DA:72,0
DA:76,0
DA:77,0
DA:81,0
DA:82,0
DA:86,0
DA:87,0
DA:93,0
DA:94,0
DA:99,0
DA:100,0
DA:106,0
DA:107,0
DA:111,0
DA:117,0
DA:118,0
DA:123,0
DA:124,0
DA:125,0
DA:126,0
DA:131,0
DA:144,0
DA:146,0
DA:147,0
DA:149,0
DA:155,0
DA:156,0
DA:157,0
DA:160,0
DA:168,0
DA:170,0
DA:171,0
DA:173,0
DA:179,0
DA:180,0
DA:181,0
DA:184,0
DA:189,0
DA:190,0
DA:194,0
DA:195,0
DA:202,0
DA:203,0
DA:208,0
DA:209,0
DA:210,0
DA:213,0
DA:219,0
DA:220,0
DA:224,0
DA:231,0
DA:232,0
DA:237,0
DA:238,0
DA:239,0
DA:240,0
DA:246,0
DA:247,0
DA:248,0
DA:249,0
DA:250,0
DA:251,0
DA:252,0
DA:256,0
DA:258,0
DA:259,0
DA:261,0
DA:267,0
DA:268,0
DA:269,0
DA:272,0
DA:283,0
DA:285,0
DA:286,0
DA:288,0
DA:294,0
DA:304,0
DA:306,0
DA:307,0
DA:311,0
DA:317,0
DA:318,0
DA:319,0
DA:329,0
DA:330,0
DA:334,0
DA:335,0
DA:336,0
DA:339,0
DA:350,0
DA:352,0
DA:361,0
DA:362,0
DA:364,0
DA:370,0
DA:371,0
DA:372,0
DA:375,0
DA:384,0
DA:385,0
DA:387,0
DA:405,0
DA:406,0
DA:407,0
DA:410,0
DA:424,0
DA:426,0
DA:427,0
DA:429,0
DA:439,0
DA:440,0
DA:441,0
DA:445,0
DA:446,0
DA:447,0
DA:451,0
DA:465,0
DA:467,0
DA:468,0
DA:470,0
DA:483,0
DA:484,0
DA:485,0
DA:488,0
DA:489,0
DA:498,0
DA:519,0
DA:528,0
DA:529,0
DA:531,0
DA:537,0
DA:538,0
DA:539,0
DA:542,0
DA:548,0
DA:549,0
DA:553,0
DA:554,0
DA:561,0
DA:562,0
DA:566,0
DA:567,0
DA:569,0
DA:570,0
DA:572,0
DA:577,1
LF:152
LH:4
BRDA:71,0,0,0
BRDA:71,1,0,0
BRDA:71,1,1,0
BRDA:76,2,0,0
BRDA:81,3,0,0
BRDA:81,4,0,0
BRDA:81,4,1,0
BRDA:86,5,0,0
BRDA:93,6,0,0
BRDA:99,7,0,0
BRDA:106,8,0,0
BRDA:117,9,0,0
BRDA:123,10,0,0
BRDA:123,11,0,0
BRDA:123,11,1,0
BRDA:125,12,0,0
BRDA:134,13,0,0
BRDA:134,13,1,0
BRDA:136,14,0,0
BRDA:136,14,1,0
BRDA:137,15,0,0
BRDA:137,15,1,0
BRDA:138,16,0,0
BRDA:138,16,1,0
BRDA:139,17,0,0
BRDA:139,17,1,0
BRDA:140,18,0,0
BRDA:140,18,1,0
BRDA:146,19,0,0
BRDA:156,20,0,0
BRDA:170,21,0,0
BRDA:180,22,0,0
BRDA:189,23,0,0
BRDA:194,24,0,0
BRDA:194,25,0,0
BRDA:194,25,1,0
BRDA:202,26,0,0
BRDA:208,27,0,0
BRDA:209,28,0,0
BRDA:219,29,0,0
BRDA:231,30,0,0
BRDA:237,31,0,0
BRDA:237,32,0,0
BRDA:237,32,1,0
BRDA:239,33,0,0
BRDA:247,34,0,0
BRDA:247,34,1,0
BRDA:247,35,0,0
BRDA:247,35,1,0
BRDA:249,36,0,0
BRDA:249,36,1,0
BRDA:250,37,0,0
BRDA:250,37,1,0
BRDA:251,38,0,0
BRDA:258,39,0,0
BRDA:268,40,0,0
BRDA:285,41,0,0
BRDA:298,42,0,0
BRDA:300,43,0,0
BRDA:301,44,0,0
BRDA:302,45,0,0
BRDA:303,46,0,0
BRDA:306,47,0,0
BRDA:317,48,0,0
BRDA:317,49,0,0
BRDA:317,49,1,0
BRDA:329,50,0,0
BRDA:329,51,0,0
BRDA:329,51,1,0
BRDA:336,52,0,0
BRDA:336,52,1,0
BRDA:361,53,0,0
BRDA:369,54,0,0
BRDA:371,55,0,0
BRDA:384,56,0,0
BRDA:406,57,0,0
BRDA:426,58,0,0
BRDA:440,59,0,0
BRDA:446,60,0,0
BRDA:467,61,0,0
BRDA:484,62,0,0
BRDA:528,63,0,0
BRDA:538,64,0,0
BRDA:548,65,0,0
BRDA:553,66,0,0
BRDA:561,67,0,0
BRDA:569,68,0,0
BRF:87
BRH:0
end_of_record
TN:
SF:src/services/schedulingService.ts
FN:57,(anonymous_1)
FN:84,(anonymous_2)
FN:94,(anonymous_3)
FN:99,(anonymous_4)
FN:110,(anonymous_5)
FN:197,(anonymous_6)
FN:283,(anonymous_7)
FN:361,(anonymous_8)
FN:410,(anonymous_9)
FN:471,(anonymous_10)
FN:493,(anonymous_11)
FN:520,(anonymous_12)
FN:547,(anonymous_13)
FN:583,(anonymous_14)
FN:605,(anonymous_15)
FN:645,(anonymous_16)
FN:698,(anonymous_17)
FN:752,(anonymous_18)
FN:783,(anonymous_19)
FNF:19
FNH:7
FNDA:3,(anonymous_1)
FNDA:0,(anonymous_2)
FNDA:0,(anonymous_3)
FNDA:0,(anonymous_4)
FNDA:0,(anonymous_5)
FNDA:4,(anonymous_6)
FNDA:2,(anonymous_7)
FNDA:2,(anonymous_8)
FNDA:0,(anonymous_9)
FNDA:0,(anonymous_10)
FNDA:0,(anonymous_11)
FNDA:0,(anonymous_12)
FNDA:0,(anonymous_13)
FNDA:0,(anonymous_14)
FNDA:2,(anonymous_15)
FNDA:0,(anonymous_16)
FNDA:2,(anonymous_17)
FNDA:1,(anonymous_18)
FNDA:0,(anonymous_19)
DA:2,2
DA:3,2
DA:4,2
DA:5,2
DA:6,2
DA:7,2
DA:58,3
DA:60,3
DA:62,3
DA:63,0
DA:64,0
DA:68,0
DA:69,0
DA:70,0
DA:72,0
DA:75,0
DA:76,0
DA:77,0
DA:80,0
DA:81,0
DA:84,0
DA:85,0
DA:93,0
DA:94,0
DA:95,0
DA:99,0
DA:102,3
DA:103,3
DA:116,0
DA:117,0
DA:118,0
DA:121,0
DA:122,0
DA:129,0
DA:130,0
DA:131,0
DA:133,0
DA:134,0
DA:138,0
DA:145,0
DA:146,0
DA:147,0
DA:149,0
DA:150,0
DA:151,0
DA:153,0
DA:154,0
DA:155,0
DA:157,0
DA:158,0
DA:160,0
DA:161,0
DA:164,0
DA:172,0
DA:173,0
DA:182,0
DA:183,0
DA:186,0
DA:189,0
DA:190,0
DA:198,4
DA:200,4
DA:201,4
DA:203,4
DA:206,4
DA:207,0
DA:211,4
DA:212,0
DA:213,0
DA:217,0
DA:218,0
DA:219,0
DA:223,0
DA:226,0
DA:235,0
DA:236,0
DA:240,0
DA:253,0
DA:260,0
DA:262,0
DA:268,4
DA:269,4
DA:271,4
DA:276,4
DA:289,2
DA:291,2
DA:292,2
DA:294,2
DA:295,0
DA:296,0
DA:299,0
DA:300,0
DA:301,0
DA:304,0
DA:307,0
DA:316,0
DA:317,0
DA:321,0
DA:324,0
DA:332,0
DA:333,0
DA:334,0
DA:336,0
DA:338,0
DA:340,0
DA:346,2
DA:347,2
DA:349,2
DA:354,2
DA:362,2
DA:364,2
DA:365,2
DA:367,2
DA:368,0
DA:369,0
DA:373,0
DA:374,0
DA:377,0
DA:378,0
DA:380,0
DA:387,0
DA:389,0
DA:395,2
DA:396,2
DA:398,2
DA:403,2
DA:418,0
DA:420,0
DA:421,0
DA:422,0
DA:426,0
DA:427,0
DA:429,0
DA:430,0
DA:433,0
DA:434,0
DA:436,0
DA:437,0
DA:441,0
DA:449,0
DA:450,0
DA:452,0
DA:460,0
DA:463,0
DA:464,0
DA:479,0
DA:480,0
DA:481,0
DA:484,0
DA:486,0
DA:499,0
DA:508,0
DA:509,0
DA:512,0
DA:525,0
DA:534,0
DA:535,0
DA:538,0
DA:555,0
DA:556,0
DA:559,0
DA:560,0
DA:562,0
DA:563,0
DA:564,0
DA:567,0
DA:569,0
DA:570,0
DA:577,0
DA:584,0
DA:585,0
DA:587,0
DA:588,0
DA:591,0
DA:592,0
DA:593,0
DA:595,0
DA:596,0
DA:598,0
DA:612,2
DA:613,2
DA:621,2
DA:622,1
DA:625,2
DA:626,1
DA:629,2
DA:637,0
DA:638,0
DA:650,0
DA:652,0
DA:653,0
DA:655,0
DA:657,0
DA:658,0
DA:659,0
DA:660,0
DA:661,0
DA:662,0
DA:665,0
DA:666,0
DA:667,0
DA:670,0
DA:674,0
DA:676,0
DA:683,0
DA:684,0
DA:686,0
DA:691,0
DA:704,2
DA:705,2
DA:706,0
DA:707,0
DA:710,0
DA:711,0
DA:713,0
DA:732,0
DA:741,2
DA:742,2
DA:767,1
DA:768,1
DA:776,0
DA:783,0
DA:784,0
DA:789,0
DA:790,0
DA:792,0
DA:793,0
DA:795,0
DA:796,0
DA:798,0
DA:799,0
DA:803,0
DA:806,0
DA:807,0
DA:809,0
DA:817,1
DA:818,1
DA:823,2
LF:238
LH:53
BRDA:63,0,0,0
BRDA:69,1,0,0
BRDA:69,1,1,0
BRDA:76,2,0,0
BRDA:121,3,0,0
BRDA:121,4,0,0
BRDA:121,4,1,0
BRDA:121,4,2,0
BRDA:149,5,0,0
BRDA:149,5,1,0
BRDA:150,6,0,0
BRDA:150,6,1,0
BRDA:157,7,0,0
BRDA:157,7,1,0
BRDA:160,8,0,0
BRDA:172,9,0,0
BRDA:206,10,0,0
BRDA:206,11,0,4
BRDA:206,11,1,4
BRDA:206,11,2,4
BRDA:206,11,3,4
BRDA:212,12,0,0
BRDA:218,13,0,0
BRDA:218,14,0,0
BRDA:218,14,1,0
BRDA:235,15,0,0
BRDA:247,16,0,0
BRDA:247,16,1,0
BRDA:248,17,0,0
BRDA:248,17,1,0
BRDA:273,18,0,4
BRDA:273,18,1,0
BRDA:295,19,0,0
BRDA:300,20,0,0
BRDA:316,21,0,0
BRDA:351,22,0,2
BRDA:351,22,1,0
BRDA:368,23,0,0
BRDA:373,24,0,0
BRDA:400,25,0,2
BRDA:400,25,1,0
BRDA:421,26,0,0
BRDA:429,27,0,0
BRDA:436,28,0,0
BRDA:436,29,0,0
BRDA:436,29,1,0
BRDA:449,30,0,0
BRDA:449,30,1,0
BRDA:450,31,0,0
BRDA:450,31,1,0
BRDA:508,32,0,0
BRDA:534,33,0,0
BRDA:555,34,0,0
BRDA:567,35,0,0
BRDA:567,35,1,0
BRDA:569,36,0,0
BRDA:587,37,0,0
BRDA:587,38,0,0
BRDA:587,38,1,0
BRDA:587,38,2,0
BRDA:587,38,3,0
BRDA:587,38,4,0
BRDA:587,38,5,0
BRDA:598,39,0,0
BRDA:598,39,1,0
BRDA:621,40,0,1
BRDA:625,41,0,1
BRDA:660,42,0,0
BRDA:670,43,0,0
BRDA:670,43,1,0
BRDA:679,44,0,0
BRDA:679,44,1,0
BRDA:688,45,0,0
BRDA:688,45,1,0
BRDA:706,46,0,0
BRDA:710,47,0,0
BRDA:710,47,1,0
BRDA:711,48,0,0
BRDA:711,48,1,0
BRDA:734,49,0,0
BRDA:734,49,1,0
BRDA:735,50,0,0
BRDA:735,50,1,0
BRDA:784,51,0,0
BRDA:784,51,1,0
BRDA:784,51,2,0
BRDA:784,51,3,0
BRDA:784,51,4,0
BRDA:784,51,5,0
BRDA:784,51,6,0
BRDA:807,52,0,0
BRDA:807,52,1,0
BRF:92
BRH:9
end_of_record
TN:
SF:src/utils/time.ts
FN:10,(anonymous_0)
FN:17,(anonymous_1)
FN:21,(anonymous_2)
FN:24,(anonymous_3)
FNF:4
FNH:0
FNDA:0,(anonymous_0)
FNDA:0,(anonymous_1)
FNDA:0,(anonymous_2)
FNDA:0,(anonymous_3)
DA:2,0
DA:10,0
DA:12,0
DA:13,0
DA:14,0
DA:17,0
DA:18,0
DA:21,0
DA:24,0
DA:25,0
DA:26,0
DA:27,0
DA:28,0
DA:30,0
LF:14
LH:0
BRDA:24,0,0,0
BRDA:24,1,0,0
BRDA:26,2,0,0
BRDA:27,3,0,0
BRDA:27,3,1,0
BRF:5
BRH:0
end_of_record
