<?xml version="1.0" encoding="UTF-8"?>
<testsuites name="jest tests" tests="27" failures="27" errors="0" time="31.754">
  <testsuite name="AppointmentService - Core Business Logic" errors="0" failures="27" skipped="0" timestamp="2025-10-03T19:27:37" time="31.45" tests="27">
    <testcase classname="AppointmentService - Core Business Logic createAppointment should create appointment with valid data" name="AppointmentService - Core Business Logic createAppointment should create appointment with valid data" time="5.113">
      <failure>Jest encountered an unexpected token

Jest failed to parse a file. This happens e.g. when your code or its dependencies use non-standard JavaScript syntax, or when Jest is not configured to support such syntax.

Out of the box Jest supports Babel, which will be used to transform your files into valid JS based on your Babel configuration.

By default &quot;node_modules&quot; folder is ignored by transformers.

Here&apos;s what you can do:
 • If you are trying to use ECMAScript Modules, see https://jestjs.io/docs/ecmascript-modules for how to enable it.
 • If you are trying to use TypeScript, see https://jestjs.io/docs/getting-started#using-typescript
 • To have some of your &quot;node_modules&quot; files transformed, you can specify a custom &quot;transformIgnorePatterns&quot; in your config.
 • If you need a custom transformation specify a &quot;transform&quot; option in your config.
 • If you simply want to mock your non-JS modules (e.g. binary assets) you can stub them out with the &quot;moduleNameMapper&quot; config option.

You&apos;ll find more details and examples of these config options in the docs:
https://jestjs.io/docs/configuration
For information about custom transformations, see:
https://jestjs.io/docs/code-transformation

Details:

/home/rebelde/Development/topsmile/backend/node_modules/@faker-js/faker/dist/index.js:1
({&quot;Object.&lt;anonymous&gt;&quot;:function(module,exports,require,__dirname,__filename,jest){import{a as he,b as Ge}from&quot;./chunk-EX7KKKVL.js&quot;;import{a as Ee,b as Ae}from&quot;./chunk-GLSQM7BA.js&quot;;import{a as ye,b as ce}from&quot;./chunk-J2RPPXOW.js&quot;;import{a as De,b as Ce}from&quot;./chunk-5QATRU3X.js&quot;;import{a as Me,b as Re}from&quot;./chunk-WPKX44R7.js&quot;;import{a as Se,b as Be}from&quot;./chunk-C3XWLMRZ.js&quot;;import{a as He,b as Ue}from&quot;./chunk-T5AE4D37.js&quot;;import{a as Fe,b as Te}from&quot;./chunk-JYQBVMKC.js&quot;;import{a as Ze,b as Ie}from&quot;./chunk-MXEBYDF4.js&quot;;import{a as fe}from&quot;./chunk-L6ZADBO7.js&quot;;import{a as ae,b as te}from&quot;./chunk-LPSJBLNR.js&quot;;import{a as oe}from&quot;./chunk-WFBH3POG.js&quot;;import{a as me,b as pe}from&quot;./chunk-BIVSWDLN.js&quot;;import{a as ke,b as ie}from&quot;./chunk-PDBS7Y2Q.js&quot;;import{a as se,b as _e}from&quot;./chunk-WARIN3NB.js&quot;;import{a as ne,b as le}from&quot;./chunk-E2UJNAEO.js&quot;;import{a as xe,b as de}from&quot;./chunk-MTGFJMAI.js&quot;;import{a as ue,b as Ne}from&quot;./chunk-JORKQWOG.js&quot;;import{a as Pr,b as br}from&quot;./chunk-IPQMUZOW.js&quot;;import{a as vr,b as gr}from&quot;./chunk-ZYEKVNBA.js&quot;;import{a as Vr,b as Wr}from&quot;./chunk-QNO6ASHF.js&quot;;import{a as wr}from&quot;./chunk-DEA2TBOY.js&quot;;import{a as Xr,b as jr}from&quot;./chunk-HCGAOEEU.js&quot;;import{a as Yr}from&quot;./chunk-BVTGCSSB.js&quot;;import{a as Jr,b as qr}from&quot;./chunk-6ZMOYQUT.js&quot;;import{a as Qr,b as $r}from&quot;./chunk-2ECI2B3U.js&quot;;import{a as re,b as ee}from&quot;./chunk-4QJFSH6N.js&quot;;import{a as Mr,b as Rr}from&quot;./chunk-4PRIFTAA.js&quot;;import{a as Sr,b as Br}from&quot;./chunk-IOOTFDS6.js&quot;;import{a as Hr,b as Ur}from&quot;./chunk-ST7ILI7W.js&quot;;import{a as Fr,b as Tr}from&quot;./chunk-6IEGC3NL.js&quot;;import{a as Zr,b as Ir}from&quot;./chunk-3COS7QD5.js&quot;;import{a as hr,b as Gr}from&quot;./chunk-2EL733NW.js&quot;;import{a as Lr,b as Or}from&quot;./chunk-A3JATQSO.js&quot;;import{a as Kr,b as zr}from&quot;./chunk-Q6S2ZWNV.js&quot;;import{a as ir}from&quot;./chunk-EYKDQYAH.js&quot;;import{a as sr,b as _r}from&quot;./chunk-NF3TUA5I.js&quot;;import{a as nr,b as lr}from&quot;./chunk-Y3IJGE4R.js&quot;;import{a as xr,b as dr}from&quot;./chunk-W3W2D2NH.js&quot;;import{a as ur,b as Nr}from&quot;./chunk-FSTVVTY3.js&quot;;import{a as Er,b as Ar}from&quot;./chunk-IPFBKKCS.js&quot;;import{a as kr}from&quot;./chunk-BKUYYLI4.js&quot;;import{a as yr,b as cr}from&quot;./chunk-OKT4S3KH.js&quot;;import{a as Dr,b as Cr}from&quot;./chunk-ICA3K4KO.js&quot;;import{a as Y,b as w}from&quot;./chunk-ZRHYSKS4.js&quot;;import{a as X,b as j}from&quot;./chunk-EJROM23G.js&quot;;import{a as J,b as q}from&quot;./chunk-PTUKSM4R.js&quot;;import{a as Q,b as $}from&quot;./chunk-OFZOY253.js&quot;;import{a as er}from&quot;./chunk-V63ZNJJC.js&quot;;import{a as or,b as fr}from&quot;./chunk-UUKUK2K5.js&quot;;import{a as rr}from&quot;./chunk-7TT5MNTH.js&quot;;import{a as ar,b as tr}from&quot;./chunk-3CNJTEWY.js&quot;;import{a as mr,b as pr}from&quot;./chunk-C5XELZY4.js&quot;;import{a as F,b as T}from&quot;./chunk-A7OWPVCS.js&quot;;import{a as Z,b as I}from&quot;./chunk-HOGCZYQT.js&quot;;import{a as h,b as G}from&quot;./chunk-DKZKWYIH.js&quot;;import{a as L,b as O}from&quot;./chunk-USO3RQJG.js&quot;;import{a as K,b as z}from&quot;./chunk-2QOESBNW.js&quot;;import{a as P,b}from&quot;./chunk-IJLC2WSS.js&quot;;import{a as v,b as g}from&quot;./chunk-D4U2SLSM.js&quot;;import{a as V,b as W}from&quot;./chunk-VBAAP66R.js&quot;;import{a as u,b as N}from&quot;./chunk-D3ZI6UDW.js&quot;;import{a as A}from&quot;./chunk-MOAH2R73.js&quot;;import{a as y,b as c}from&quot;./chunk-2I2EKFA6.js&quot;;import{a as D,b as C}from&quot;./chunk-U22RNJ2B.js&quot;;import{a as E}from&quot;./chunk-RCCYSHWF.js&quot;;import{a as M,b as R}from&quot;./chunk-K5NNETXE.js&quot;;import{a as S,b as B}from&quot;./chunk-XZY5TJQL.js&quot;;import{a as r}from&quot;./chunk-4X5ZEQ5K.js&quot;;import{a as U}from&quot;./chunk-QN2CV5WC.js&quot;;import{a as H}from&quot;./chunk-QA3QK7DB.js&quot;;import{a as e,b as a}from&quot;./chunk-P6LKJ3SA.js&quot;;import{a as t,b as m}from&quot;./chunk-N5MEQFNW.js&quot;;import{a as p,b as k}from&quot;./chunk-FYHIOWK6.js&quot;;import{a as i}from&quot;./chunk-LMPJOTSL.js&quot;;import{a as s,b as _}from&quot;./chunk-DBJFQXTK.js&quot;;import{a as n,b as l}from&quot;./chunk-BHHONLW7.js&quot;;import{a as x,b as d}from&quot;./chunk-33DZQNTB.js&quot;;import{a as f}from&quot;./chunk-KKGCPNDS.js&quot;;import{a as Le,b as Oe,c as Ke,d as ze,e as Pe,f as be,g as ve,h as ge,i as Ve,j as We,k as Ye,l as we,m as Xe,n as je,o}from&quot;./chunk-LTLDPYW5.js&quot;;var uf={af_ZA:a,ar:m,az:k,base:i,bn_BD:_,cs_CZ:l,cy:d,da:N,de:A,de_AT:c,de_CH:C,dv:R,el:B,en:r,en_AU:U,en_AU_ocker:T,en_BORK:I,en_CA:G,en_GB:O,en_GH:z,en_HK:b,en_IE:g,en_IN:W,en_NG:w,en_US:j,en_ZA:q,eo:$,es:er,es_MX:fr,fa:tr,fi:pr,fr:ir,fr_BE:_r,fr_CA:lr,fr_CH:dr,fr_LU:Nr,fr_SN:Ar,he:cr,hr:Cr,hu:Rr,hy:Br,id_ID:Ur,it:Tr,ja:Ir,ka_GE:Gr,ko:Or,lv:zr,mk:br,nb_NO:gr,ne:Wr,nl:wr,nl_BE:jr,pl:qr,pt_BR:$r,pt_PT:ee,ro:fe,ro_MD:te,ru:pe,sk:ie,sr_RS_latin:_e,sv:le,ta_IN:de,th:Ne,tr:Ae,uk:ce,ur:Ce,uz_UZ_latin:Re,vi:Be,yo_NG:Ue,zh_CN:Te,zh_TW:Ie,zu_ZA:Ge};var rm={af_ZA:e,ar:t,az:p,base:o,bn_BD:s,cs_CZ:n,cy:x,da:u,de:E,de_AT:y,de_CH:D,dv:M,el:S,en:f,en_AU:H,en_AU_ocker:F,en_BORK:Z,en_CA:h,en_GB:L,en_GH:K,en_HK:P,en_IE:v,en_IN:V,en_NG:Y,en_US:X,en_ZA:J,eo:Q,es:rr,es_MX:or,fa:ar,fi:mr,fr:kr,fr_BE:sr,fr_CA:nr,fr_CH:xr,fr_LU:ur,fr_SN:Er,he:yr,hr:Dr,hu:Mr,hy:Sr,id_ID:Hr,it:Fr,ja:Zr,ka_GE:hr,ko:Lr,lv:Kr,mk:Pr,nb_NO:vr,ne:Vr,nl:Yr,nl_BE:Xr,pl:Jr,pt_BR:Qr,pt_PT:re,ro:oe,ro_MD:ae,ru:me,sk:ke,sr_RS_latin:se,sv:ne,ta_IN:xe,th:ue,tr:Ee,uk:ye,ur:De,uz_UZ_latin:Me,vi:Se,yo_NG:He,zh_CN:Fe,zh_TW:Ze,zu_ZA:he};export{Oe as Aircraft,Pe as BitcoinAddressFamily,be as BitcoinNetwork,ze as CssFunction,Ke as CssSpace,je as Faker,Le as FakerError,ve as IPv4Network,ge as Sex,Ye as SimpleFaker,e as af_ZA,uf as allFakers,rm as allLocales,t as ar,p as az,o as base,s as bn_BD,n as cs_CZ,x as cy,u as da,E as de,y as de_AT,D as de_CH,M as dv,S as el,f as en,H as en_AU,F as en_AU_ocker,Z as en_BORK,h as en_CA,L as en_GB,K as en_GH,P as en_HK,v as en_IE,V as en_IN,Y as en_NG,X as en_US,J as en_ZA,Q as eo,rr as es,or as es_MX,ar as fa,r as faker,a as fakerAF_ZA,m as fakerAR,k as fakerAZ,i as fakerBASE,_ as fakerBN_BD,l as fakerCS_CZ,d as fakerCY,N as fakerDA,A as fakerDE,c as fakerDE_AT,C as fakerDE_CH,R as fakerDV,B as fakerEL,r as fakerEN,U as fakerEN_AU,T as fakerEN_AU_ocker,I as fakerEN_BORK,G as fakerEN_CA,O as fakerEN_GB,z as fakerEN_GH,b as fakerEN_HK,g as fakerEN_IE,W as fakerEN_IN,w as fakerEN_NG,j as fakerEN_US,q as fakerEN_ZA,$ as fakerEO,er as fakerES,fr as fakerES_MX,tr as fakerFA,pr as fakerFI,ir as fakerFR,_r as fakerFR_BE,lr as fakerFR_CA,dr as fakerFR_CH,Nr as fakerFR_LU,Ar as fakerFR_SN,cr as fakerHE,Cr as fakerHR,Rr as fakerHU,Br as fakerHY,Ur as fakerID_ID,Tr as fakerIT,Ir as fakerJA,Gr as fakerKA_GE,Or as fakerKO,zr as fakerLV,br as fakerMK,gr as fakerNB_NO,Wr as fakerNE,wr as fakerNL,jr as fakerNL_BE,qr as fakerPL,$r as fakerPT_BR,ee as fakerPT_PT,fe as fakerRO,te as fakerRO_MD,pe as fakerRU,ie as fakerSK,_e as fakerSR_RS_latin,le as fakerSV,de as fakerTA_IN,Ne as fakerTH,Ae as fakerTR,ce as fakerUK,Ce as fakerUR,Re as fakerUZ_UZ_latin,Be as fakerVI,Ue as fakerYO_NG,Te as fakerZH_CN,Ie as fakerZH_TW,Ge as fakerZU_ZA,mr as fi,kr as fr,sr as fr_BE,nr as fr_CA,xr as fr_CH,ur as fr_LU,Er as fr_SN,Ve as generateMersenne32Randomizer,We as generateMersenne53Randomizer,yr as he,Dr as hr,Mr as hu,Sr as hy,Hr as id_ID,Fr as it,Zr as ja,hr as ka_GE,Lr as ko,Kr as lv,Xe as mergeLocales,Pr as mk,vr as nb_NO,Vr as ne,Yr as nl,Xr as nl_BE,Jr as pl,Qr as pt_BR,re as pt_PT,oe as ro,ae as ro_MD,me as ru,we as simpleFaker,ke as sk,se as sr_RS_latin,ne as sv,xe as ta_IN,ue as th,Ee as tr,ye as uk,De as ur,Me as uz_UZ_latin,Se as vi,He as yo_NG,Fe as zh_CN,Ze as zh_TW,he as zu_ZA};
                                                                                  ^^^^^^

SyntaxError: Cannot use import statement outside a module
    at new Script (node:vm:117:7)
    at Runtime.createScriptFromCode (/home/rebelde/Development/topsmile/backend/node_modules/jest-runtime/build/index.js:1505:14)
    at Runtime._execModule (/home/rebelde/Development/topsmile/backend/node_modules/jest-runtime/build/index.js:1399:25)
    at Runtime._loadModule (/home/rebelde/Development/topsmile/backend/node_modules/jest-runtime/build/index.js:1022:12)
    at Runtime.requireModule (/home/rebelde/Development/topsmile/backend/node_modules/jest-runtime/build/index.js:882:12)
    at Runtime.requireModuleOrMock (/home/rebelde/Development/topsmile/backend/node_modules/jest-runtime/build/index.js:1048:21)
    at /home/rebelde/Development/topsmile/backend/tests/testHelpers.ts:21:17
    at processTicksAndRejections (node:internal/process/task_queues:105:5)
    at ensureFaker (/home/rebelde/Development/topsmile/backend/tests/testHelpers.ts:21:17)
    at createRealisticProvider (/home/rebelde/Development/topsmile/backend/tests/testHelpers.ts:220:13)
    at Object.&lt;anonymous&gt; (/home/rebelde/Development/topsmile/backend/tests/unit/services/appointmentService.comprehensive.test.ts:19:20)</failure>
    </testcase>
    <testcase classname="AppointmentService - Core Business Logic createAppointment should throw error for missing required fields" name="AppointmentService - Core Business Logic createAppointment should throw error for missing required fields" time="0.895">
      <failure>Jest encountered an unexpected token

Jest failed to parse a file. This happens e.g. when your code or its dependencies use non-standard JavaScript syntax, or when Jest is not configured to support such syntax.

Out of the box Jest supports Babel, which will be used to transform your files into valid JS based on your Babel configuration.

By default &quot;node_modules&quot; folder is ignored by transformers.

Here&apos;s what you can do:
 • If you are trying to use ECMAScript Modules, see https://jestjs.io/docs/ecmascript-modules for how to enable it.
 • If you are trying to use TypeScript, see https://jestjs.io/docs/getting-started#using-typescript
 • To have some of your &quot;node_modules&quot; files transformed, you can specify a custom &quot;transformIgnorePatterns&quot; in your config.
 • If you need a custom transformation specify a &quot;transform&quot; option in your config.
 • If you simply want to mock your non-JS modules (e.g. binary assets) you can stub them out with the &quot;moduleNameMapper&quot; config option.

You&apos;ll find more details and examples of these config options in the docs:
https://jestjs.io/docs/configuration
For information about custom transformations, see:
https://jestjs.io/docs/code-transformation

Details:

/home/rebelde/Development/topsmile/backend/node_modules/@faker-js/faker/dist/index.js:1
({&quot;Object.&lt;anonymous&gt;&quot;:function(module,exports,require,__dirname,__filename,jest){import{a as he,b as Ge}from&quot;./chunk-EX7KKKVL.js&quot;;import{a as Ee,b as Ae}from&quot;./chunk-GLSQM7BA.js&quot;;import{a as ye,b as ce}from&quot;./chunk-J2RPPXOW.js&quot;;import{a as De,b as Ce}from&quot;./chunk-5QATRU3X.js&quot;;import{a as Me,b as Re}from&quot;./chunk-WPKX44R7.js&quot;;import{a as Se,b as Be}from&quot;./chunk-C3XWLMRZ.js&quot;;import{a as He,b as Ue}from&quot;./chunk-T5AE4D37.js&quot;;import{a as Fe,b as Te}from&quot;./chunk-JYQBVMKC.js&quot;;import{a as Ze,b as Ie}from&quot;./chunk-MXEBYDF4.js&quot;;import{a as fe}from&quot;./chunk-L6ZADBO7.js&quot;;import{a as ae,b as te}from&quot;./chunk-LPSJBLNR.js&quot;;import{a as oe}from&quot;./chunk-WFBH3POG.js&quot;;import{a as me,b as pe}from&quot;./chunk-BIVSWDLN.js&quot;;import{a as ke,b as ie}from&quot;./chunk-PDBS7Y2Q.js&quot;;import{a as se,b as _e}from&quot;./chunk-WARIN3NB.js&quot;;import{a as ne,b as le}from&quot;./chunk-E2UJNAEO.js&quot;;import{a as xe,b as de}from&quot;./chunk-MTGFJMAI.js&quot;;import{a as ue,b as Ne}from&quot;./chunk-JORKQWOG.js&quot;;import{a as Pr,b as br}from&quot;./chunk-IPQMUZOW.js&quot;;import{a as vr,b as gr}from&quot;./chunk-ZYEKVNBA.js&quot;;import{a as Vr,b as Wr}from&quot;./chunk-QNO6ASHF.js&quot;;import{a as wr}from&quot;./chunk-DEA2TBOY.js&quot;;import{a as Xr,b as jr}from&quot;./chunk-HCGAOEEU.js&quot;;import{a as Yr}from&quot;./chunk-BVTGCSSB.js&quot;;import{a as Jr,b as qr}from&quot;./chunk-6ZMOYQUT.js&quot;;import{a as Qr,b as $r}from&quot;./chunk-2ECI2B3U.js&quot;;import{a as re,b as ee}from&quot;./chunk-4QJFSH6N.js&quot;;import{a as Mr,b as Rr}from&quot;./chunk-4PRIFTAA.js&quot;;import{a as Sr,b as Br}from&quot;./chunk-IOOTFDS6.js&quot;;import{a as Hr,b as Ur}from&quot;./chunk-ST7ILI7W.js&quot;;import{a as Fr,b as Tr}from&quot;./chunk-6IEGC3NL.js&quot;;import{a as Zr,b as Ir}from&quot;./chunk-3COS7QD5.js&quot;;import{a as hr,b as Gr}from&quot;./chunk-2EL733NW.js&quot;;import{a as Lr,b as Or}from&quot;./chunk-A3JATQSO.js&quot;;import{a as Kr,b as zr}from&quot;./chunk-Q6S2ZWNV.js&quot;;import{a as ir}from&quot;./chunk-EYKDQYAH.js&quot;;import{a as sr,b as _r}from&quot;./chunk-NF3TUA5I.js&quot;;import{a as nr,b as lr}from&quot;./chunk-Y3IJGE4R.js&quot;;import{a as xr,b as dr}from&quot;./chunk-W3W2D2NH.js&quot;;import{a as ur,b as Nr}from&quot;./chunk-FSTVVTY3.js&quot;;import{a as Er,b as Ar}from&quot;./chunk-IPFBKKCS.js&quot;;import{a as kr}from&quot;./chunk-BKUYYLI4.js&quot;;import{a as yr,b as cr}from&quot;./chunk-OKT4S3KH.js&quot;;import{a as Dr,b as Cr}from&quot;./chunk-ICA3K4KO.js&quot;;import{a as Y,b as w}from&quot;./chunk-ZRHYSKS4.js&quot;;import{a as X,b as j}from&quot;./chunk-EJROM23G.js&quot;;import{a as J,b as q}from&quot;./chunk-PTUKSM4R.js&quot;;import{a as Q,b as $}from&quot;./chunk-OFZOY253.js&quot;;import{a as er}from&quot;./chunk-V63ZNJJC.js&quot;;import{a as or,b as fr}from&quot;./chunk-UUKUK2K5.js&quot;;import{a as rr}from&quot;./chunk-7TT5MNTH.js&quot;;import{a as ar,b as tr}from&quot;./chunk-3CNJTEWY.js&quot;;import{a as mr,b as pr}from&quot;./chunk-C5XELZY4.js&quot;;import{a as F,b as T}from&quot;./chunk-A7OWPVCS.js&quot;;import{a as Z,b as I}from&quot;./chunk-HOGCZYQT.js&quot;;import{a as h,b as G}from&quot;./chunk-DKZKWYIH.js&quot;;import{a as L,b as O}from&quot;./chunk-USO3RQJG.js&quot;;import{a as K,b as z}from&quot;./chunk-2QOESBNW.js&quot;;import{a as P,b}from&quot;./chunk-IJLC2WSS.js&quot;;import{a as v,b as g}from&quot;./chunk-D4U2SLSM.js&quot;;import{a as V,b as W}from&quot;./chunk-VBAAP66R.js&quot;;import{a as u,b as N}from&quot;./chunk-D3ZI6UDW.js&quot;;import{a as A}from&quot;./chunk-MOAH2R73.js&quot;;import{a as y,b as c}from&quot;./chunk-2I2EKFA6.js&quot;;import{a as D,b as C}from&quot;./chunk-U22RNJ2B.js&quot;;import{a as E}from&quot;./chunk-RCCYSHWF.js&quot;;import{a as M,b as R}from&quot;./chunk-K5NNETXE.js&quot;;import{a as S,b as B}from&quot;./chunk-XZY5TJQL.js&quot;;import{a as r}from&quot;./chunk-4X5ZEQ5K.js&quot;;import{a as U}from&quot;./chunk-QN2CV5WC.js&quot;;import{a as H}from&quot;./chunk-QA3QK7DB.js&quot;;import{a as e,b as a}from&quot;./chunk-P6LKJ3SA.js&quot;;import{a as t,b as m}from&quot;./chunk-N5MEQFNW.js&quot;;import{a as p,b as k}from&quot;./chunk-FYHIOWK6.js&quot;;import{a as i}from&quot;./chunk-LMPJOTSL.js&quot;;import{a as s,b as _}from&quot;./chunk-DBJFQXTK.js&quot;;import{a as n,b as l}from&quot;./chunk-BHHONLW7.js&quot;;import{a as x,b as d}from&quot;./chunk-33DZQNTB.js&quot;;import{a as f}from&quot;./chunk-KKGCPNDS.js&quot;;import{a as Le,b as Oe,c as Ke,d as ze,e as Pe,f as be,g as ve,h as ge,i as Ve,j as We,k as Ye,l as we,m as Xe,n as je,o}from&quot;./chunk-LTLDPYW5.js&quot;;var uf={af_ZA:a,ar:m,az:k,base:i,bn_BD:_,cs_CZ:l,cy:d,da:N,de:A,de_AT:c,de_CH:C,dv:R,el:B,en:r,en_AU:U,en_AU_ocker:T,en_BORK:I,en_CA:G,en_GB:O,en_GH:z,en_HK:b,en_IE:g,en_IN:W,en_NG:w,en_US:j,en_ZA:q,eo:$,es:er,es_MX:fr,fa:tr,fi:pr,fr:ir,fr_BE:_r,fr_CA:lr,fr_CH:dr,fr_LU:Nr,fr_SN:Ar,he:cr,hr:Cr,hu:Rr,hy:Br,id_ID:Ur,it:Tr,ja:Ir,ka_GE:Gr,ko:Or,lv:zr,mk:br,nb_NO:gr,ne:Wr,nl:wr,nl_BE:jr,pl:qr,pt_BR:$r,pt_PT:ee,ro:fe,ro_MD:te,ru:pe,sk:ie,sr_RS_latin:_e,sv:le,ta_IN:de,th:Ne,tr:Ae,uk:ce,ur:Ce,uz_UZ_latin:Re,vi:Be,yo_NG:Ue,zh_CN:Te,zh_TW:Ie,zu_ZA:Ge};var rm={af_ZA:e,ar:t,az:p,base:o,bn_BD:s,cs_CZ:n,cy:x,da:u,de:E,de_AT:y,de_CH:D,dv:M,el:S,en:f,en_AU:H,en_AU_ocker:F,en_BORK:Z,en_CA:h,en_GB:L,en_GH:K,en_HK:P,en_IE:v,en_IN:V,en_NG:Y,en_US:X,en_ZA:J,eo:Q,es:rr,es_MX:or,fa:ar,fi:mr,fr:kr,fr_BE:sr,fr_CA:nr,fr_CH:xr,fr_LU:ur,fr_SN:Er,he:yr,hr:Dr,hu:Mr,hy:Sr,id_ID:Hr,it:Fr,ja:Zr,ka_GE:hr,ko:Lr,lv:Kr,mk:Pr,nb_NO:vr,ne:Vr,nl:Yr,nl_BE:Xr,pl:Jr,pt_BR:Qr,pt_PT:re,ro:oe,ro_MD:ae,ru:me,sk:ke,sr_RS_latin:se,sv:ne,ta_IN:xe,th:ue,tr:Ee,uk:ye,ur:De,uz_UZ_latin:Me,vi:Se,yo_NG:He,zh_CN:Fe,zh_TW:Ze,zu_ZA:he};export{Oe as Aircraft,Pe as BitcoinAddressFamily,be as BitcoinNetwork,ze as CssFunction,Ke as CssSpace,je as Faker,Le as FakerError,ve as IPv4Network,ge as Sex,Ye as SimpleFaker,e as af_ZA,uf as allFakers,rm as allLocales,t as ar,p as az,o as base,s as bn_BD,n as cs_CZ,x as cy,u as da,E as de,y as de_AT,D as de_CH,M as dv,S as el,f as en,H as en_AU,F as en_AU_ocker,Z as en_BORK,h as en_CA,L as en_GB,K as en_GH,P as en_HK,v as en_IE,V as en_IN,Y as en_NG,X as en_US,J as en_ZA,Q as eo,rr as es,or as es_MX,ar as fa,r as faker,a as fakerAF_ZA,m as fakerAR,k as fakerAZ,i as fakerBASE,_ as fakerBN_BD,l as fakerCS_CZ,d as fakerCY,N as fakerDA,A as fakerDE,c as fakerDE_AT,C as fakerDE_CH,R as fakerDV,B as fakerEL,r as fakerEN,U as fakerEN_AU,T as fakerEN_AU_ocker,I as fakerEN_BORK,G as fakerEN_CA,O as fakerEN_GB,z as fakerEN_GH,b as fakerEN_HK,g as fakerEN_IE,W as fakerEN_IN,w as fakerEN_NG,j as fakerEN_US,q as fakerEN_ZA,$ as fakerEO,er as fakerES,fr as fakerES_MX,tr as fakerFA,pr as fakerFI,ir as fakerFR,_r as fakerFR_BE,lr as fakerFR_CA,dr as fakerFR_CH,Nr as fakerFR_LU,Ar as fakerFR_SN,cr as fakerHE,Cr as fakerHR,Rr as fakerHU,Br as fakerHY,Ur as fakerID_ID,Tr as fakerIT,Ir as fakerJA,Gr as fakerKA_GE,Or as fakerKO,zr as fakerLV,br as fakerMK,gr as fakerNB_NO,Wr as fakerNE,wr as fakerNL,jr as fakerNL_BE,qr as fakerPL,$r as fakerPT_BR,ee as fakerPT_PT,fe as fakerRO,te as fakerRO_MD,pe as fakerRU,ie as fakerSK,_e as fakerSR_RS_latin,le as fakerSV,de as fakerTA_IN,Ne as fakerTH,Ae as fakerTR,ce as fakerUK,Ce as fakerUR,Re as fakerUZ_UZ_latin,Be as fakerVI,Ue as fakerYO_NG,Te as fakerZH_CN,Ie as fakerZH_TW,Ge as fakerZU_ZA,mr as fi,kr as fr,sr as fr_BE,nr as fr_CA,xr as fr_CH,ur as fr_LU,Er as fr_SN,Ve as generateMersenne32Randomizer,We as generateMersenne53Randomizer,yr as he,Dr as hr,Mr as hu,Sr as hy,Hr as id_ID,Fr as it,Zr as ja,hr as ka_GE,Lr as ko,Kr as lv,Xe as mergeLocales,Pr as mk,vr as nb_NO,Vr as ne,Yr as nl,Xr as nl_BE,Jr as pl,Qr as pt_BR,re as pt_PT,oe as ro,ae as ro_MD,me as ru,we as simpleFaker,ke as sk,se as sr_RS_latin,ne as sv,xe as ta_IN,ue as th,Ee as tr,ye as uk,De as ur,Me as uz_UZ_latin,Se as vi,He as yo_NG,Fe as zh_CN,Ze as zh_TW,he as zu_ZA};
                                                                                  ^^^^^^

SyntaxError: Cannot use import statement outside a module
    at new Script (node:vm:117:7)
    at Runtime.createScriptFromCode (/home/rebelde/Development/topsmile/backend/node_modules/jest-runtime/build/index.js:1505:14)
    at Runtime._execModule (/home/rebelde/Development/topsmile/backend/node_modules/jest-runtime/build/index.js:1399:25)
    at Runtime._loadModule (/home/rebelde/Development/topsmile/backend/node_modules/jest-runtime/build/index.js:1022:12)
    at Runtime.requireModule (/home/rebelde/Development/topsmile/backend/node_modules/jest-runtime/build/index.js:882:12)
    at Runtime.requireModuleOrMock (/home/rebelde/Development/topsmile/backend/node_modules/jest-runtime/build/index.js:1048:21)
    at /home/rebelde/Development/topsmile/backend/tests/testHelpers.ts:21:17
    at processTicksAndRejections (node:internal/process/task_queues:105:5)
    at ensureFaker (/home/rebelde/Development/topsmile/backend/tests/testHelpers.ts:21:17)
    at createRealisticProvider (/home/rebelde/Development/topsmile/backend/tests/testHelpers.ts:220:13)
    at Object.&lt;anonymous&gt; (/home/rebelde/Development/topsmile/backend/tests/unit/services/appointmentService.comprehensive.test.ts:19:20)</failure>
    </testcase>
    <testcase classname="AppointmentService - Core Business Logic createAppointment should throw error for past appointment dates" name="AppointmentService - Core Business Logic createAppointment should throw error for past appointment dates" time="1.863">
      <failure>Jest encountered an unexpected token

Jest failed to parse a file. This happens e.g. when your code or its dependencies use non-standard JavaScript syntax, or when Jest is not configured to support such syntax.

Out of the box Jest supports Babel, which will be used to transform your files into valid JS based on your Babel configuration.

By default &quot;node_modules&quot; folder is ignored by transformers.

Here&apos;s what you can do:
 • If you are trying to use ECMAScript Modules, see https://jestjs.io/docs/ecmascript-modules for how to enable it.
 • If you are trying to use TypeScript, see https://jestjs.io/docs/getting-started#using-typescript
 • To have some of your &quot;node_modules&quot; files transformed, you can specify a custom &quot;transformIgnorePatterns&quot; in your config.
 • If you need a custom transformation specify a &quot;transform&quot; option in your config.
 • If you simply want to mock your non-JS modules (e.g. binary assets) you can stub them out with the &quot;moduleNameMapper&quot; config option.

You&apos;ll find more details and examples of these config options in the docs:
https://jestjs.io/docs/configuration
For information about custom transformations, see:
https://jestjs.io/docs/code-transformation

Details:

/home/rebelde/Development/topsmile/backend/node_modules/@faker-js/faker/dist/index.js:1
({&quot;Object.&lt;anonymous&gt;&quot;:function(module,exports,require,__dirname,__filename,jest){import{a as he,b as Ge}from&quot;./chunk-EX7KKKVL.js&quot;;import{a as Ee,b as Ae}from&quot;./chunk-GLSQM7BA.js&quot;;import{a as ye,b as ce}from&quot;./chunk-J2RPPXOW.js&quot;;import{a as De,b as Ce}from&quot;./chunk-5QATRU3X.js&quot;;import{a as Me,b as Re}from&quot;./chunk-WPKX44R7.js&quot;;import{a as Se,b as Be}from&quot;./chunk-C3XWLMRZ.js&quot;;import{a as He,b as Ue}from&quot;./chunk-T5AE4D37.js&quot;;import{a as Fe,b as Te}from&quot;./chunk-JYQBVMKC.js&quot;;import{a as Ze,b as Ie}from&quot;./chunk-MXEBYDF4.js&quot;;import{a as fe}from&quot;./chunk-L6ZADBO7.js&quot;;import{a as ae,b as te}from&quot;./chunk-LPSJBLNR.js&quot;;import{a as oe}from&quot;./chunk-WFBH3POG.js&quot;;import{a as me,b as pe}from&quot;./chunk-BIVSWDLN.js&quot;;import{a as ke,b as ie}from&quot;./chunk-PDBS7Y2Q.js&quot;;import{a as se,b as _e}from&quot;./chunk-WARIN3NB.js&quot;;import{a as ne,b as le}from&quot;./chunk-E2UJNAEO.js&quot;;import{a as xe,b as de}from&quot;./chunk-MTGFJMAI.js&quot;;import{a as ue,b as Ne}from&quot;./chunk-JORKQWOG.js&quot;;import{a as Pr,b as br}from&quot;./chunk-IPQMUZOW.js&quot;;import{a as vr,b as gr}from&quot;./chunk-ZYEKVNBA.js&quot;;import{a as Vr,b as Wr}from&quot;./chunk-QNO6ASHF.js&quot;;import{a as wr}from&quot;./chunk-DEA2TBOY.js&quot;;import{a as Xr,b as jr}from&quot;./chunk-HCGAOEEU.js&quot;;import{a as Yr}from&quot;./chunk-BVTGCSSB.js&quot;;import{a as Jr,b as qr}from&quot;./chunk-6ZMOYQUT.js&quot;;import{a as Qr,b as $r}from&quot;./chunk-2ECI2B3U.js&quot;;import{a as re,b as ee}from&quot;./chunk-4QJFSH6N.js&quot;;import{a as Mr,b as Rr}from&quot;./chunk-4PRIFTAA.js&quot;;import{a as Sr,b as Br}from&quot;./chunk-IOOTFDS6.js&quot;;import{a as Hr,b as Ur}from&quot;./chunk-ST7ILI7W.js&quot;;import{a as Fr,b as Tr}from&quot;./chunk-6IEGC3NL.js&quot;;import{a as Zr,b as Ir}from&quot;./chunk-3COS7QD5.js&quot;;import{a as hr,b as Gr}from&quot;./chunk-2EL733NW.js&quot;;import{a as Lr,b as Or}from&quot;./chunk-A3JATQSO.js&quot;;import{a as Kr,b as zr}from&quot;./chunk-Q6S2ZWNV.js&quot;;import{a as ir}from&quot;./chunk-EYKDQYAH.js&quot;;import{a as sr,b as _r}from&quot;./chunk-NF3TUA5I.js&quot;;import{a as nr,b as lr}from&quot;./chunk-Y3IJGE4R.js&quot;;import{a as xr,b as dr}from&quot;./chunk-W3W2D2NH.js&quot;;import{a as ur,b as Nr}from&quot;./chunk-FSTVVTY3.js&quot;;import{a as Er,b as Ar}from&quot;./chunk-IPFBKKCS.js&quot;;import{a as kr}from&quot;./chunk-BKUYYLI4.js&quot;;import{a as yr,b as cr}from&quot;./chunk-OKT4S3KH.js&quot;;import{a as Dr,b as Cr}from&quot;./chunk-ICA3K4KO.js&quot;;import{a as Y,b as w}from&quot;./chunk-ZRHYSKS4.js&quot;;import{a as X,b as j}from&quot;./chunk-EJROM23G.js&quot;;import{a as J,b as q}from&quot;./chunk-PTUKSM4R.js&quot;;import{a as Q,b as $}from&quot;./chunk-OFZOY253.js&quot;;import{a as er}from&quot;./chunk-V63ZNJJC.js&quot;;import{a as or,b as fr}from&quot;./chunk-UUKUK2K5.js&quot;;import{a as rr}from&quot;./chunk-7TT5MNTH.js&quot;;import{a as ar,b as tr}from&quot;./chunk-3CNJTEWY.js&quot;;import{a as mr,b as pr}from&quot;./chunk-C5XELZY4.js&quot;;import{a as F,b as T}from&quot;./chunk-A7OWPVCS.js&quot;;import{a as Z,b as I}from&quot;./chunk-HOGCZYQT.js&quot;;import{a as h,b as G}from&quot;./chunk-DKZKWYIH.js&quot;;import{a as L,b as O}from&quot;./chunk-USO3RQJG.js&quot;;import{a as K,b as z}from&quot;./chunk-2QOESBNW.js&quot;;import{a as P,b}from&quot;./chunk-IJLC2WSS.js&quot;;import{a as v,b as g}from&quot;./chunk-D4U2SLSM.js&quot;;import{a as V,b as W}from&quot;./chunk-VBAAP66R.js&quot;;import{a as u,b as N}from&quot;./chunk-D3ZI6UDW.js&quot;;import{a as A}from&quot;./chunk-MOAH2R73.js&quot;;import{a as y,b as c}from&quot;./chunk-2I2EKFA6.js&quot;;import{a as D,b as C}from&quot;./chunk-U22RNJ2B.js&quot;;import{a as E}from&quot;./chunk-RCCYSHWF.js&quot;;import{a as M,b as R}from&quot;./chunk-K5NNETXE.js&quot;;import{a as S,b as B}from&quot;./chunk-XZY5TJQL.js&quot;;import{a as r}from&quot;./chunk-4X5ZEQ5K.js&quot;;import{a as U}from&quot;./chunk-QN2CV5WC.js&quot;;import{a as H}from&quot;./chunk-QA3QK7DB.js&quot;;import{a as e,b as a}from&quot;./chunk-P6LKJ3SA.js&quot;;import{a as t,b as m}from&quot;./chunk-N5MEQFNW.js&quot;;import{a as p,b as k}from&quot;./chunk-FYHIOWK6.js&quot;;import{a as i}from&quot;./chunk-LMPJOTSL.js&quot;;import{a as s,b as _}from&quot;./chunk-DBJFQXTK.js&quot;;import{a as n,b as l}from&quot;./chunk-BHHONLW7.js&quot;;import{a as x,b as d}from&quot;./chunk-33DZQNTB.js&quot;;import{a as f}from&quot;./chunk-KKGCPNDS.js&quot;;import{a as Le,b as Oe,c as Ke,d as ze,e as Pe,f as be,g as ve,h as ge,i as Ve,j as We,k as Ye,l as we,m as Xe,n as je,o}from&quot;./chunk-LTLDPYW5.js&quot;;var uf={af_ZA:a,ar:m,az:k,base:i,bn_BD:_,cs_CZ:l,cy:d,da:N,de:A,de_AT:c,de_CH:C,dv:R,el:B,en:r,en_AU:U,en_AU_ocker:T,en_BORK:I,en_CA:G,en_GB:O,en_GH:z,en_HK:b,en_IE:g,en_IN:W,en_NG:w,en_US:j,en_ZA:q,eo:$,es:er,es_MX:fr,fa:tr,fi:pr,fr:ir,fr_BE:_r,fr_CA:lr,fr_CH:dr,fr_LU:Nr,fr_SN:Ar,he:cr,hr:Cr,hu:Rr,hy:Br,id_ID:Ur,it:Tr,ja:Ir,ka_GE:Gr,ko:Or,lv:zr,mk:br,nb_NO:gr,ne:Wr,nl:wr,nl_BE:jr,pl:qr,pt_BR:$r,pt_PT:ee,ro:fe,ro_MD:te,ru:pe,sk:ie,sr_RS_latin:_e,sv:le,ta_IN:de,th:Ne,tr:Ae,uk:ce,ur:Ce,uz_UZ_latin:Re,vi:Be,yo_NG:Ue,zh_CN:Te,zh_TW:Ie,zu_ZA:Ge};var rm={af_ZA:e,ar:t,az:p,base:o,bn_BD:s,cs_CZ:n,cy:x,da:u,de:E,de_AT:y,de_CH:D,dv:M,el:S,en:f,en_AU:H,en_AU_ocker:F,en_BORK:Z,en_CA:h,en_GB:L,en_GH:K,en_HK:P,en_IE:v,en_IN:V,en_NG:Y,en_US:X,en_ZA:J,eo:Q,es:rr,es_MX:or,fa:ar,fi:mr,fr:kr,fr_BE:sr,fr_CA:nr,fr_CH:xr,fr_LU:ur,fr_SN:Er,he:yr,hr:Dr,hu:Mr,hy:Sr,id_ID:Hr,it:Fr,ja:Zr,ka_GE:hr,ko:Lr,lv:Kr,mk:Pr,nb_NO:vr,ne:Vr,nl:Yr,nl_BE:Xr,pl:Jr,pt_BR:Qr,pt_PT:re,ro:oe,ro_MD:ae,ru:me,sk:ke,sr_RS_latin:se,sv:ne,ta_IN:xe,th:ue,tr:Ee,uk:ye,ur:De,uz_UZ_latin:Me,vi:Se,yo_NG:He,zh_CN:Fe,zh_TW:Ze,zu_ZA:he};export{Oe as Aircraft,Pe as BitcoinAddressFamily,be as BitcoinNetwork,ze as CssFunction,Ke as CssSpace,je as Faker,Le as FakerError,ve as IPv4Network,ge as Sex,Ye as SimpleFaker,e as af_ZA,uf as allFakers,rm as allLocales,t as ar,p as az,o as base,s as bn_BD,n as cs_CZ,x as cy,u as da,E as de,y as de_AT,D as de_CH,M as dv,S as el,f as en,H as en_AU,F as en_AU_ocker,Z as en_BORK,h as en_CA,L as en_GB,K as en_GH,P as en_HK,v as en_IE,V as en_IN,Y as en_NG,X as en_US,J as en_ZA,Q as eo,rr as es,or as es_MX,ar as fa,r as faker,a as fakerAF_ZA,m as fakerAR,k as fakerAZ,i as fakerBASE,_ as fakerBN_BD,l as fakerCS_CZ,d as fakerCY,N as fakerDA,A as fakerDE,c as fakerDE_AT,C as fakerDE_CH,R as fakerDV,B as fakerEL,r as fakerEN,U as fakerEN_AU,T as fakerEN_AU_ocker,I as fakerEN_BORK,G as fakerEN_CA,O as fakerEN_GB,z as fakerEN_GH,b as fakerEN_HK,g as fakerEN_IE,W as fakerEN_IN,w as fakerEN_NG,j as fakerEN_US,q as fakerEN_ZA,$ as fakerEO,er as fakerES,fr as fakerES_MX,tr as fakerFA,pr as fakerFI,ir as fakerFR,_r as fakerFR_BE,lr as fakerFR_CA,dr as fakerFR_CH,Nr as fakerFR_LU,Ar as fakerFR_SN,cr as fakerHE,Cr as fakerHR,Rr as fakerHU,Br as fakerHY,Ur as fakerID_ID,Tr as fakerIT,Ir as fakerJA,Gr as fakerKA_GE,Or as fakerKO,zr as fakerLV,br as fakerMK,gr as fakerNB_NO,Wr as fakerNE,wr as fakerNL,jr as fakerNL_BE,qr as fakerPL,$r as fakerPT_BR,ee as fakerPT_PT,fe as fakerRO,te as fakerRO_MD,pe as fakerRU,ie as fakerSK,_e as fakerSR_RS_latin,le as fakerSV,de as fakerTA_IN,Ne as fakerTH,Ae as fakerTR,ce as fakerUK,Ce as fakerUR,Re as fakerUZ_UZ_latin,Be as fakerVI,Ue as fakerYO_NG,Te as fakerZH_CN,Ie as fakerZH_TW,Ge as fakerZU_ZA,mr as fi,kr as fr,sr as fr_BE,nr as fr_CA,xr as fr_CH,ur as fr_LU,Er as fr_SN,Ve as generateMersenne32Randomizer,We as generateMersenne53Randomizer,yr as he,Dr as hr,Mr as hu,Sr as hy,Hr as id_ID,Fr as it,Zr as ja,hr as ka_GE,Lr as ko,Kr as lv,Xe as mergeLocales,Pr as mk,vr as nb_NO,Vr as ne,Yr as nl,Xr as nl_BE,Jr as pl,Qr as pt_BR,re as pt_PT,oe as ro,ae as ro_MD,me as ru,we as simpleFaker,ke as sk,se as sr_RS_latin,ne as sv,xe as ta_IN,ue as th,Ee as tr,ye as uk,De as ur,Me as uz_UZ_latin,Se as vi,He as yo_NG,Fe as zh_CN,Ze as zh_TW,he as zu_ZA};
                                                                                  ^^^^^^

SyntaxError: Cannot use import statement outside a module
    at new Script (node:vm:117:7)
    at Runtime.createScriptFromCode (/home/rebelde/Development/topsmile/backend/node_modules/jest-runtime/build/index.js:1505:14)
    at Runtime._execModule (/home/rebelde/Development/topsmile/backend/node_modules/jest-runtime/build/index.js:1399:25)
    at Runtime._loadModule (/home/rebelde/Development/topsmile/backend/node_modules/jest-runtime/build/index.js:1022:12)
    at Runtime.requireModule (/home/rebelde/Development/topsmile/backend/node_modules/jest-runtime/build/index.js:882:12)
    at Runtime.requireModuleOrMock (/home/rebelde/Development/topsmile/backend/node_modules/jest-runtime/build/index.js:1048:21)
    at /home/rebelde/Development/topsmile/backend/tests/testHelpers.ts:21:17
    at processTicksAndRejections (node:internal/process/task_queues:105:5)
    at ensureFaker (/home/rebelde/Development/topsmile/backend/tests/testHelpers.ts:21:17)
    at createRealisticProvider (/home/rebelde/Development/topsmile/backend/tests/testHelpers.ts:220:13)
    at Object.&lt;anonymous&gt; (/home/rebelde/Development/topsmile/backend/tests/unit/services/appointmentService.comprehensive.test.ts:19:20)</failure>
    </testcase>
    <testcase classname="AppointmentService - Core Business Logic createAppointment should throw error for invalid clinic ID" name="AppointmentService - Core Business Logic createAppointment should throw error for invalid clinic ID" time="0.742">
      <failure>Jest encountered an unexpected token

Jest failed to parse a file. This happens e.g. when your code or its dependencies use non-standard JavaScript syntax, or when Jest is not configured to support such syntax.

Out of the box Jest supports Babel, which will be used to transform your files into valid JS based on your Babel configuration.

By default &quot;node_modules&quot; folder is ignored by transformers.

Here&apos;s what you can do:
 • If you are trying to use ECMAScript Modules, see https://jestjs.io/docs/ecmascript-modules for how to enable it.
 • If you are trying to use TypeScript, see https://jestjs.io/docs/getting-started#using-typescript
 • To have some of your &quot;node_modules&quot; files transformed, you can specify a custom &quot;transformIgnorePatterns&quot; in your config.
 • If you need a custom transformation specify a &quot;transform&quot; option in your config.
 • If you simply want to mock your non-JS modules (e.g. binary assets) you can stub them out with the &quot;moduleNameMapper&quot; config option.

You&apos;ll find more details and examples of these config options in the docs:
https://jestjs.io/docs/configuration
For information about custom transformations, see:
https://jestjs.io/docs/code-transformation

Details:

/home/rebelde/Development/topsmile/backend/node_modules/@faker-js/faker/dist/index.js:1
({&quot;Object.&lt;anonymous&gt;&quot;:function(module,exports,require,__dirname,__filename,jest){import{a as he,b as Ge}from&quot;./chunk-EX7KKKVL.js&quot;;import{a as Ee,b as Ae}from&quot;./chunk-GLSQM7BA.js&quot;;import{a as ye,b as ce}from&quot;./chunk-J2RPPXOW.js&quot;;import{a as De,b as Ce}from&quot;./chunk-5QATRU3X.js&quot;;import{a as Me,b as Re}from&quot;./chunk-WPKX44R7.js&quot;;import{a as Se,b as Be}from&quot;./chunk-C3XWLMRZ.js&quot;;import{a as He,b as Ue}from&quot;./chunk-T5AE4D37.js&quot;;import{a as Fe,b as Te}from&quot;./chunk-JYQBVMKC.js&quot;;import{a as Ze,b as Ie}from&quot;./chunk-MXEBYDF4.js&quot;;import{a as fe}from&quot;./chunk-L6ZADBO7.js&quot;;import{a as ae,b as te}from&quot;./chunk-LPSJBLNR.js&quot;;import{a as oe}from&quot;./chunk-WFBH3POG.js&quot;;import{a as me,b as pe}from&quot;./chunk-BIVSWDLN.js&quot;;import{a as ke,b as ie}from&quot;./chunk-PDBS7Y2Q.js&quot;;import{a as se,b as _e}from&quot;./chunk-WARIN3NB.js&quot;;import{a as ne,b as le}from&quot;./chunk-E2UJNAEO.js&quot;;import{a as xe,b as de}from&quot;./chunk-MTGFJMAI.js&quot;;import{a as ue,b as Ne}from&quot;./chunk-JORKQWOG.js&quot;;import{a as Pr,b as br}from&quot;./chunk-IPQMUZOW.js&quot;;import{a as vr,b as gr}from&quot;./chunk-ZYEKVNBA.js&quot;;import{a as Vr,b as Wr}from&quot;./chunk-QNO6ASHF.js&quot;;import{a as wr}from&quot;./chunk-DEA2TBOY.js&quot;;import{a as Xr,b as jr}from&quot;./chunk-HCGAOEEU.js&quot;;import{a as Yr}from&quot;./chunk-BVTGCSSB.js&quot;;import{a as Jr,b as qr}from&quot;./chunk-6ZMOYQUT.js&quot;;import{a as Qr,b as $r}from&quot;./chunk-2ECI2B3U.js&quot;;import{a as re,b as ee}from&quot;./chunk-4QJFSH6N.js&quot;;import{a as Mr,b as Rr}from&quot;./chunk-4PRIFTAA.js&quot;;import{a as Sr,b as Br}from&quot;./chunk-IOOTFDS6.js&quot;;import{a as Hr,b as Ur}from&quot;./chunk-ST7ILI7W.js&quot;;import{a as Fr,b as Tr}from&quot;./chunk-6IEGC3NL.js&quot;;import{a as Zr,b as Ir}from&quot;./chunk-3COS7QD5.js&quot;;import{a as hr,b as Gr}from&quot;./chunk-2EL733NW.js&quot;;import{a as Lr,b as Or}from&quot;./chunk-A3JATQSO.js&quot;;import{a as Kr,b as zr}from&quot;./chunk-Q6S2ZWNV.js&quot;;import{a as ir}from&quot;./chunk-EYKDQYAH.js&quot;;import{a as sr,b as _r}from&quot;./chunk-NF3TUA5I.js&quot;;import{a as nr,b as lr}from&quot;./chunk-Y3IJGE4R.js&quot;;import{a as xr,b as dr}from&quot;./chunk-W3W2D2NH.js&quot;;import{a as ur,b as Nr}from&quot;./chunk-FSTVVTY3.js&quot;;import{a as Er,b as Ar}from&quot;./chunk-IPFBKKCS.js&quot;;import{a as kr}from&quot;./chunk-BKUYYLI4.js&quot;;import{a as yr,b as cr}from&quot;./chunk-OKT4S3KH.js&quot;;import{a as Dr,b as Cr}from&quot;./chunk-ICA3K4KO.js&quot;;import{a as Y,b as w}from&quot;./chunk-ZRHYSKS4.js&quot;;import{a as X,b as j}from&quot;./chunk-EJROM23G.js&quot;;import{a as J,b as q}from&quot;./chunk-PTUKSM4R.js&quot;;import{a as Q,b as $}from&quot;./chunk-OFZOY253.js&quot;;import{a as er}from&quot;./chunk-V63ZNJJC.js&quot;;import{a as or,b as fr}from&quot;./chunk-UUKUK2K5.js&quot;;import{a as rr}from&quot;./chunk-7TT5MNTH.js&quot;;import{a as ar,b as tr}from&quot;./chunk-3CNJTEWY.js&quot;;import{a as mr,b as pr}from&quot;./chunk-C5XELZY4.js&quot;;import{a as F,b as T}from&quot;./chunk-A7OWPVCS.js&quot;;import{a as Z,b as I}from&quot;./chunk-HOGCZYQT.js&quot;;import{a as h,b as G}from&quot;./chunk-DKZKWYIH.js&quot;;import{a as L,b as O}from&quot;./chunk-USO3RQJG.js&quot;;import{a as K,b as z}from&quot;./chunk-2QOESBNW.js&quot;;import{a as P,b}from&quot;./chunk-IJLC2WSS.js&quot;;import{a as v,b as g}from&quot;./chunk-D4U2SLSM.js&quot;;import{a as V,b as W}from&quot;./chunk-VBAAP66R.js&quot;;import{a as u,b as N}from&quot;./chunk-D3ZI6UDW.js&quot;;import{a as A}from&quot;./chunk-MOAH2R73.js&quot;;import{a as y,b as c}from&quot;./chunk-2I2EKFA6.js&quot;;import{a as D,b as C}from&quot;./chunk-U22RNJ2B.js&quot;;import{a as E}from&quot;./chunk-RCCYSHWF.js&quot;;import{a as M,b as R}from&quot;./chunk-K5NNETXE.js&quot;;import{a as S,b as B}from&quot;./chunk-XZY5TJQL.js&quot;;import{a as r}from&quot;./chunk-4X5ZEQ5K.js&quot;;import{a as U}from&quot;./chunk-QN2CV5WC.js&quot;;import{a as H}from&quot;./chunk-QA3QK7DB.js&quot;;import{a as e,b as a}from&quot;./chunk-P6LKJ3SA.js&quot;;import{a as t,b as m}from&quot;./chunk-N5MEQFNW.js&quot;;import{a as p,b as k}from&quot;./chunk-FYHIOWK6.js&quot;;import{a as i}from&quot;./chunk-LMPJOTSL.js&quot;;import{a as s,b as _}from&quot;./chunk-DBJFQXTK.js&quot;;import{a as n,b as l}from&quot;./chunk-BHHONLW7.js&quot;;import{a as x,b as d}from&quot;./chunk-33DZQNTB.js&quot;;import{a as f}from&quot;./chunk-KKGCPNDS.js&quot;;import{a as Le,b as Oe,c as Ke,d as ze,e as Pe,f as be,g as ve,h as ge,i as Ve,j as We,k as Ye,l as we,m as Xe,n as je,o}from&quot;./chunk-LTLDPYW5.js&quot;;var uf={af_ZA:a,ar:m,az:k,base:i,bn_BD:_,cs_CZ:l,cy:d,da:N,de:A,de_AT:c,de_CH:C,dv:R,el:B,en:r,en_AU:U,en_AU_ocker:T,en_BORK:I,en_CA:G,en_GB:O,en_GH:z,en_HK:b,en_IE:g,en_IN:W,en_NG:w,en_US:j,en_ZA:q,eo:$,es:er,es_MX:fr,fa:tr,fi:pr,fr:ir,fr_BE:_r,fr_CA:lr,fr_CH:dr,fr_LU:Nr,fr_SN:Ar,he:cr,hr:Cr,hu:Rr,hy:Br,id_ID:Ur,it:Tr,ja:Ir,ka_GE:Gr,ko:Or,lv:zr,mk:br,nb_NO:gr,ne:Wr,nl:wr,nl_BE:jr,pl:qr,pt_BR:$r,pt_PT:ee,ro:fe,ro_MD:te,ru:pe,sk:ie,sr_RS_latin:_e,sv:le,ta_IN:de,th:Ne,tr:Ae,uk:ce,ur:Ce,uz_UZ_latin:Re,vi:Be,yo_NG:Ue,zh_CN:Te,zh_TW:Ie,zu_ZA:Ge};var rm={af_ZA:e,ar:t,az:p,base:o,bn_BD:s,cs_CZ:n,cy:x,da:u,de:E,de_AT:y,de_CH:D,dv:M,el:S,en:f,en_AU:H,en_AU_ocker:F,en_BORK:Z,en_CA:h,en_GB:L,en_GH:K,en_HK:P,en_IE:v,en_IN:V,en_NG:Y,en_US:X,en_ZA:J,eo:Q,es:rr,es_MX:or,fa:ar,fi:mr,fr:kr,fr_BE:sr,fr_CA:nr,fr_CH:xr,fr_LU:ur,fr_SN:Er,he:yr,hr:Dr,hu:Mr,hy:Sr,id_ID:Hr,it:Fr,ja:Zr,ka_GE:hr,ko:Lr,lv:Kr,mk:Pr,nb_NO:vr,ne:Vr,nl:Yr,nl_BE:Xr,pl:Jr,pt_BR:Qr,pt_PT:re,ro:oe,ro_MD:ae,ru:me,sk:ke,sr_RS_latin:se,sv:ne,ta_IN:xe,th:ue,tr:Ee,uk:ye,ur:De,uz_UZ_latin:Me,vi:Se,yo_NG:He,zh_CN:Fe,zh_TW:Ze,zu_ZA:he};export{Oe as Aircraft,Pe as BitcoinAddressFamily,be as BitcoinNetwork,ze as CssFunction,Ke as CssSpace,je as Faker,Le as FakerError,ve as IPv4Network,ge as Sex,Ye as SimpleFaker,e as af_ZA,uf as allFakers,rm as allLocales,t as ar,p as az,o as base,s as bn_BD,n as cs_CZ,x as cy,u as da,E as de,y as de_AT,D as de_CH,M as dv,S as el,f as en,H as en_AU,F as en_AU_ocker,Z as en_BORK,h as en_CA,L as en_GB,K as en_GH,P as en_HK,v as en_IE,V as en_IN,Y as en_NG,X as en_US,J as en_ZA,Q as eo,rr as es,or as es_MX,ar as fa,r as faker,a as fakerAF_ZA,m as fakerAR,k as fakerAZ,i as fakerBASE,_ as fakerBN_BD,l as fakerCS_CZ,d as fakerCY,N as fakerDA,A as fakerDE,c as fakerDE_AT,C as fakerDE_CH,R as fakerDV,B as fakerEL,r as fakerEN,U as fakerEN_AU,T as fakerEN_AU_ocker,I as fakerEN_BORK,G as fakerEN_CA,O as fakerEN_GB,z as fakerEN_GH,b as fakerEN_HK,g as fakerEN_IE,W as fakerEN_IN,w as fakerEN_NG,j as fakerEN_US,q as fakerEN_ZA,$ as fakerEO,er as fakerES,fr as fakerES_MX,tr as fakerFA,pr as fakerFI,ir as fakerFR,_r as fakerFR_BE,lr as fakerFR_CA,dr as fakerFR_CH,Nr as fakerFR_LU,Ar as fakerFR_SN,cr as fakerHE,Cr as fakerHR,Rr as fakerHU,Br as fakerHY,Ur as fakerID_ID,Tr as fakerIT,Ir as fakerJA,Gr as fakerKA_GE,Or as fakerKO,zr as fakerLV,br as fakerMK,gr as fakerNB_NO,Wr as fakerNE,wr as fakerNL,jr as fakerNL_BE,qr as fakerPL,$r as fakerPT_BR,ee as fakerPT_PT,fe as fakerRO,te as fakerRO_MD,pe as fakerRU,ie as fakerSK,_e as fakerSR_RS_latin,le as fakerSV,de as fakerTA_IN,Ne as fakerTH,Ae as fakerTR,ce as fakerUK,Ce as fakerUR,Re as fakerUZ_UZ_latin,Be as fakerVI,Ue as fakerYO_NG,Te as fakerZH_CN,Ie as fakerZH_TW,Ge as fakerZU_ZA,mr as fi,kr as fr,sr as fr_BE,nr as fr_CA,xr as fr_CH,ur as fr_LU,Er as fr_SN,Ve as generateMersenne32Randomizer,We as generateMersenne53Randomizer,yr as he,Dr as hr,Mr as hu,Sr as hy,Hr as id_ID,Fr as it,Zr as ja,hr as ka_GE,Lr as ko,Kr as lv,Xe as mergeLocales,Pr as mk,vr as nb_NO,Vr as ne,Yr as nl,Xr as nl_BE,Jr as pl,Qr as pt_BR,re as pt_PT,oe as ro,ae as ro_MD,me as ru,we as simpleFaker,ke as sk,se as sr_RS_latin,ne as sv,xe as ta_IN,ue as th,Ee as tr,ye as uk,De as ur,Me as uz_UZ_latin,Se as vi,He as yo_NG,Fe as zh_CN,Ze as zh_TW,he as zu_ZA};
                                                                                  ^^^^^^

SyntaxError: Cannot use import statement outside a module
    at new Script (node:vm:117:7)
    at Runtime.createScriptFromCode (/home/rebelde/Development/topsmile/backend/node_modules/jest-runtime/build/index.js:1505:14)
    at Runtime._execModule (/home/rebelde/Development/topsmile/backend/node_modules/jest-runtime/build/index.js:1399:25)
    at Runtime._loadModule (/home/rebelde/Development/topsmile/backend/node_modules/jest-runtime/build/index.js:1022:12)
    at Runtime.requireModule (/home/rebelde/Development/topsmile/backend/node_modules/jest-runtime/build/index.js:882:12)
    at Runtime.requireModuleOrMock (/home/rebelde/Development/topsmile/backend/node_modules/jest-runtime/build/index.js:1048:21)
    at /home/rebelde/Development/topsmile/backend/tests/testHelpers.ts:21:17
    at processTicksAndRejections (node:internal/process/task_queues:105:5)
    at ensureFaker (/home/rebelde/Development/topsmile/backend/tests/testHelpers.ts:21:17)
    at createRealisticProvider (/home/rebelde/Development/topsmile/backend/tests/testHelpers.ts:220:13)
    at Object.&lt;anonymous&gt; (/home/rebelde/Development/topsmile/backend/tests/unit/services/appointmentService.comprehensive.test.ts:19:20)</failure>
    </testcase>
    <testcase classname="AppointmentService - Core Business Logic createAppointment should detect overlapping appointments" name="AppointmentService - Core Business Logic createAppointment should detect overlapping appointments" time="1.76">
      <failure>Jest encountered an unexpected token

Jest failed to parse a file. This happens e.g. when your code or its dependencies use non-standard JavaScript syntax, or when Jest is not configured to support such syntax.

Out of the box Jest supports Babel, which will be used to transform your files into valid JS based on your Babel configuration.

By default &quot;node_modules&quot; folder is ignored by transformers.

Here&apos;s what you can do:
 • If you are trying to use ECMAScript Modules, see https://jestjs.io/docs/ecmascript-modules for how to enable it.
 • If you are trying to use TypeScript, see https://jestjs.io/docs/getting-started#using-typescript
 • To have some of your &quot;node_modules&quot; files transformed, you can specify a custom &quot;transformIgnorePatterns&quot; in your config.
 • If you need a custom transformation specify a &quot;transform&quot; option in your config.
 • If you simply want to mock your non-JS modules (e.g. binary assets) you can stub them out with the &quot;moduleNameMapper&quot; config option.

You&apos;ll find more details and examples of these config options in the docs:
https://jestjs.io/docs/configuration
For information about custom transformations, see:
https://jestjs.io/docs/code-transformation

Details:

/home/rebelde/Development/topsmile/backend/node_modules/@faker-js/faker/dist/index.js:1
({&quot;Object.&lt;anonymous&gt;&quot;:function(module,exports,require,__dirname,__filename,jest){import{a as he,b as Ge}from&quot;./chunk-EX7KKKVL.js&quot;;import{a as Ee,b as Ae}from&quot;./chunk-GLSQM7BA.js&quot;;import{a as ye,b as ce}from&quot;./chunk-J2RPPXOW.js&quot;;import{a as De,b as Ce}from&quot;./chunk-5QATRU3X.js&quot;;import{a as Me,b as Re}from&quot;./chunk-WPKX44R7.js&quot;;import{a as Se,b as Be}from&quot;./chunk-C3XWLMRZ.js&quot;;import{a as He,b as Ue}from&quot;./chunk-T5AE4D37.js&quot;;import{a as Fe,b as Te}from&quot;./chunk-JYQBVMKC.js&quot;;import{a as Ze,b as Ie}from&quot;./chunk-MXEBYDF4.js&quot;;import{a as fe}from&quot;./chunk-L6ZADBO7.js&quot;;import{a as ae,b as te}from&quot;./chunk-LPSJBLNR.js&quot;;import{a as oe}from&quot;./chunk-WFBH3POG.js&quot;;import{a as me,b as pe}from&quot;./chunk-BIVSWDLN.js&quot;;import{a as ke,b as ie}from&quot;./chunk-PDBS7Y2Q.js&quot;;import{a as se,b as _e}from&quot;./chunk-WARIN3NB.js&quot;;import{a as ne,b as le}from&quot;./chunk-E2UJNAEO.js&quot;;import{a as xe,b as de}from&quot;./chunk-MTGFJMAI.js&quot;;import{a as ue,b as Ne}from&quot;./chunk-JORKQWOG.js&quot;;import{a as Pr,b as br}from&quot;./chunk-IPQMUZOW.js&quot;;import{a as vr,b as gr}from&quot;./chunk-ZYEKVNBA.js&quot;;import{a as Vr,b as Wr}from&quot;./chunk-QNO6ASHF.js&quot;;import{a as wr}from&quot;./chunk-DEA2TBOY.js&quot;;import{a as Xr,b as jr}from&quot;./chunk-HCGAOEEU.js&quot;;import{a as Yr}from&quot;./chunk-BVTGCSSB.js&quot;;import{a as Jr,b as qr}from&quot;./chunk-6ZMOYQUT.js&quot;;import{a as Qr,b as $r}from&quot;./chunk-2ECI2B3U.js&quot;;import{a as re,b as ee}from&quot;./chunk-4QJFSH6N.js&quot;;import{a as Mr,b as Rr}from&quot;./chunk-4PRIFTAA.js&quot;;import{a as Sr,b as Br}from&quot;./chunk-IOOTFDS6.js&quot;;import{a as Hr,b as Ur}from&quot;./chunk-ST7ILI7W.js&quot;;import{a as Fr,b as Tr}from&quot;./chunk-6IEGC3NL.js&quot;;import{a as Zr,b as Ir}from&quot;./chunk-3COS7QD5.js&quot;;import{a as hr,b as Gr}from&quot;./chunk-2EL733NW.js&quot;;import{a as Lr,b as Or}from&quot;./chunk-A3JATQSO.js&quot;;import{a as Kr,b as zr}from&quot;./chunk-Q6S2ZWNV.js&quot;;import{a as ir}from&quot;./chunk-EYKDQYAH.js&quot;;import{a as sr,b as _r}from&quot;./chunk-NF3TUA5I.js&quot;;import{a as nr,b as lr}from&quot;./chunk-Y3IJGE4R.js&quot;;import{a as xr,b as dr}from&quot;./chunk-W3W2D2NH.js&quot;;import{a as ur,b as Nr}from&quot;./chunk-FSTVVTY3.js&quot;;import{a as Er,b as Ar}from&quot;./chunk-IPFBKKCS.js&quot;;import{a as kr}from&quot;./chunk-BKUYYLI4.js&quot;;import{a as yr,b as cr}from&quot;./chunk-OKT4S3KH.js&quot;;import{a as Dr,b as Cr}from&quot;./chunk-ICA3K4KO.js&quot;;import{a as Y,b as w}from&quot;./chunk-ZRHYSKS4.js&quot;;import{a as X,b as j}from&quot;./chunk-EJROM23G.js&quot;;import{a as J,b as q}from&quot;./chunk-PTUKSM4R.js&quot;;import{a as Q,b as $}from&quot;./chunk-OFZOY253.js&quot;;import{a as er}from&quot;./chunk-V63ZNJJC.js&quot;;import{a as or,b as fr}from&quot;./chunk-UUKUK2K5.js&quot;;import{a as rr}from&quot;./chunk-7TT5MNTH.js&quot;;import{a as ar,b as tr}from&quot;./chunk-3CNJTEWY.js&quot;;import{a as mr,b as pr}from&quot;./chunk-C5XELZY4.js&quot;;import{a as F,b as T}from&quot;./chunk-A7OWPVCS.js&quot;;import{a as Z,b as I}from&quot;./chunk-HOGCZYQT.js&quot;;import{a as h,b as G}from&quot;./chunk-DKZKWYIH.js&quot;;import{a as L,b as O}from&quot;./chunk-USO3RQJG.js&quot;;import{a as K,b as z}from&quot;./chunk-2QOESBNW.js&quot;;import{a as P,b}from&quot;./chunk-IJLC2WSS.js&quot;;import{a as v,b as g}from&quot;./chunk-D4U2SLSM.js&quot;;import{a as V,b as W}from&quot;./chunk-VBAAP66R.js&quot;;import{a as u,b as N}from&quot;./chunk-D3ZI6UDW.js&quot;;import{a as A}from&quot;./chunk-MOAH2R73.js&quot;;import{a as y,b as c}from&quot;./chunk-2I2EKFA6.js&quot;;import{a as D,b as C}from&quot;./chunk-U22RNJ2B.js&quot;;import{a as E}from&quot;./chunk-RCCYSHWF.js&quot;;import{a as M,b as R}from&quot;./chunk-K5NNETXE.js&quot;;import{a as S,b as B}from&quot;./chunk-XZY5TJQL.js&quot;;import{a as r}from&quot;./chunk-4X5ZEQ5K.js&quot;;import{a as U}from&quot;./chunk-QN2CV5WC.js&quot;;import{a as H}from&quot;./chunk-QA3QK7DB.js&quot;;import{a as e,b as a}from&quot;./chunk-P6LKJ3SA.js&quot;;import{a as t,b as m}from&quot;./chunk-N5MEQFNW.js&quot;;import{a as p,b as k}from&quot;./chunk-FYHIOWK6.js&quot;;import{a as i}from&quot;./chunk-LMPJOTSL.js&quot;;import{a as s,b as _}from&quot;./chunk-DBJFQXTK.js&quot;;import{a as n,b as l}from&quot;./chunk-BHHONLW7.js&quot;;import{a as x,b as d}from&quot;./chunk-33DZQNTB.js&quot;;import{a as f}from&quot;./chunk-KKGCPNDS.js&quot;;import{a as Le,b as Oe,c as Ke,d as ze,e as Pe,f as be,g as ve,h as ge,i as Ve,j as We,k as Ye,l as we,m as Xe,n as je,o}from&quot;./chunk-LTLDPYW5.js&quot;;var uf={af_ZA:a,ar:m,az:k,base:i,bn_BD:_,cs_CZ:l,cy:d,da:N,de:A,de_AT:c,de_CH:C,dv:R,el:B,en:r,en_AU:U,en_AU_ocker:T,en_BORK:I,en_CA:G,en_GB:O,en_GH:z,en_HK:b,en_IE:g,en_IN:W,en_NG:w,en_US:j,en_ZA:q,eo:$,es:er,es_MX:fr,fa:tr,fi:pr,fr:ir,fr_BE:_r,fr_CA:lr,fr_CH:dr,fr_LU:Nr,fr_SN:Ar,he:cr,hr:Cr,hu:Rr,hy:Br,id_ID:Ur,it:Tr,ja:Ir,ka_GE:Gr,ko:Or,lv:zr,mk:br,nb_NO:gr,ne:Wr,nl:wr,nl_BE:jr,pl:qr,pt_BR:$r,pt_PT:ee,ro:fe,ro_MD:te,ru:pe,sk:ie,sr_RS_latin:_e,sv:le,ta_IN:de,th:Ne,tr:Ae,uk:ce,ur:Ce,uz_UZ_latin:Re,vi:Be,yo_NG:Ue,zh_CN:Te,zh_TW:Ie,zu_ZA:Ge};var rm={af_ZA:e,ar:t,az:p,base:o,bn_BD:s,cs_CZ:n,cy:x,da:u,de:E,de_AT:y,de_CH:D,dv:M,el:S,en:f,en_AU:H,en_AU_ocker:F,en_BORK:Z,en_CA:h,en_GB:L,en_GH:K,en_HK:P,en_IE:v,en_IN:V,en_NG:Y,en_US:X,en_ZA:J,eo:Q,es:rr,es_MX:or,fa:ar,fi:mr,fr:kr,fr_BE:sr,fr_CA:nr,fr_CH:xr,fr_LU:ur,fr_SN:Er,he:yr,hr:Dr,hu:Mr,hy:Sr,id_ID:Hr,it:Fr,ja:Zr,ka_GE:hr,ko:Lr,lv:Kr,mk:Pr,nb_NO:vr,ne:Vr,nl:Yr,nl_BE:Xr,pl:Jr,pt_BR:Qr,pt_PT:re,ro:oe,ro_MD:ae,ru:me,sk:ke,sr_RS_latin:se,sv:ne,ta_IN:xe,th:ue,tr:Ee,uk:ye,ur:De,uz_UZ_latin:Me,vi:Se,yo_NG:He,zh_CN:Fe,zh_TW:Ze,zu_ZA:he};export{Oe as Aircraft,Pe as BitcoinAddressFamily,be as BitcoinNetwork,ze as CssFunction,Ke as CssSpace,je as Faker,Le as FakerError,ve as IPv4Network,ge as Sex,Ye as SimpleFaker,e as af_ZA,uf as allFakers,rm as allLocales,t as ar,p as az,o as base,s as bn_BD,n as cs_CZ,x as cy,u as da,E as de,y as de_AT,D as de_CH,M as dv,S as el,f as en,H as en_AU,F as en_AU_ocker,Z as en_BORK,h as en_CA,L as en_GB,K as en_GH,P as en_HK,v as en_IE,V as en_IN,Y as en_NG,X as en_US,J as en_ZA,Q as eo,rr as es,or as es_MX,ar as fa,r as faker,a as fakerAF_ZA,m as fakerAR,k as fakerAZ,i as fakerBASE,_ as fakerBN_BD,l as fakerCS_CZ,d as fakerCY,N as fakerDA,A as fakerDE,c as fakerDE_AT,C as fakerDE_CH,R as fakerDV,B as fakerEL,r as fakerEN,U as fakerEN_AU,T as fakerEN_AU_ocker,I as fakerEN_BORK,G as fakerEN_CA,O as fakerEN_GB,z as fakerEN_GH,b as fakerEN_HK,g as fakerEN_IE,W as fakerEN_IN,w as fakerEN_NG,j as fakerEN_US,q as fakerEN_ZA,$ as fakerEO,er as fakerES,fr as fakerES_MX,tr as fakerFA,pr as fakerFI,ir as fakerFR,_r as fakerFR_BE,lr as fakerFR_CA,dr as fakerFR_CH,Nr as fakerFR_LU,Ar as fakerFR_SN,cr as fakerHE,Cr as fakerHR,Rr as fakerHU,Br as fakerHY,Ur as fakerID_ID,Tr as fakerIT,Ir as fakerJA,Gr as fakerKA_GE,Or as fakerKO,zr as fakerLV,br as fakerMK,gr as fakerNB_NO,Wr as fakerNE,wr as fakerNL,jr as fakerNL_BE,qr as fakerPL,$r as fakerPT_BR,ee as fakerPT_PT,fe as fakerRO,te as fakerRO_MD,pe as fakerRU,ie as fakerSK,_e as fakerSR_RS_latin,le as fakerSV,de as fakerTA_IN,Ne as fakerTH,Ae as fakerTR,ce as fakerUK,Ce as fakerUR,Re as fakerUZ_UZ_latin,Be as fakerVI,Ue as fakerYO_NG,Te as fakerZH_CN,Ie as fakerZH_TW,Ge as fakerZU_ZA,mr as fi,kr as fr,sr as fr_BE,nr as fr_CA,xr as fr_CH,ur as fr_LU,Er as fr_SN,Ve as generateMersenne32Randomizer,We as generateMersenne53Randomizer,yr as he,Dr as hr,Mr as hu,Sr as hy,Hr as id_ID,Fr as it,Zr as ja,hr as ka_GE,Lr as ko,Kr as lv,Xe as mergeLocales,Pr as mk,vr as nb_NO,Vr as ne,Yr as nl,Xr as nl_BE,Jr as pl,Qr as pt_BR,re as pt_PT,oe as ro,ae as ro_MD,me as ru,we as simpleFaker,ke as sk,se as sr_RS_latin,ne as sv,xe as ta_IN,ue as th,Ee as tr,ye as uk,De as ur,Me as uz_UZ_latin,Se as vi,He as yo_NG,Fe as zh_CN,Ze as zh_TW,he as zu_ZA};
                                                                                  ^^^^^^

SyntaxError: Cannot use import statement outside a module
    at new Script (node:vm:117:7)
    at Runtime.createScriptFromCode (/home/rebelde/Development/topsmile/backend/node_modules/jest-runtime/build/index.js:1505:14)
    at Runtime._execModule (/home/rebelde/Development/topsmile/backend/node_modules/jest-runtime/build/index.js:1399:25)
    at Runtime._loadModule (/home/rebelde/Development/topsmile/backend/node_modules/jest-runtime/build/index.js:1022:12)
    at Runtime.requireModule (/home/rebelde/Development/topsmile/backend/node_modules/jest-runtime/build/index.js:882:12)
    at Runtime.requireModuleOrMock (/home/rebelde/Development/topsmile/backend/node_modules/jest-runtime/build/index.js:1048:21)
    at /home/rebelde/Development/topsmile/backend/tests/testHelpers.ts:21:17
    at processTicksAndRejections (node:internal/process/task_queues:105:5)
    at ensureFaker (/home/rebelde/Development/topsmile/backend/tests/testHelpers.ts:21:17)
    at createRealisticProvider (/home/rebelde/Development/topsmile/backend/tests/testHelpers.ts:220:13)
    at Object.&lt;anonymous&gt; (/home/rebelde/Development/topsmile/backend/tests/unit/services/appointmentService.comprehensive.test.ts:19:20)</failure>
    </testcase>
    <testcase classname="AppointmentService - Core Business Logic createAppointment should allow non-overlapping appointments" name="AppointmentService - Core Business Logic createAppointment should allow non-overlapping appointments" time="1.022">
      <failure>Jest encountered an unexpected token

Jest failed to parse a file. This happens e.g. when your code or its dependencies use non-standard JavaScript syntax, or when Jest is not configured to support such syntax.

Out of the box Jest supports Babel, which will be used to transform your files into valid JS based on your Babel configuration.

By default &quot;node_modules&quot; folder is ignored by transformers.

Here&apos;s what you can do:
 • If you are trying to use ECMAScript Modules, see https://jestjs.io/docs/ecmascript-modules for how to enable it.
 • If you are trying to use TypeScript, see https://jestjs.io/docs/getting-started#using-typescript
 • To have some of your &quot;node_modules&quot; files transformed, you can specify a custom &quot;transformIgnorePatterns&quot; in your config.
 • If you need a custom transformation specify a &quot;transform&quot; option in your config.
 • If you simply want to mock your non-JS modules (e.g. binary assets) you can stub them out with the &quot;moduleNameMapper&quot; config option.

You&apos;ll find more details and examples of these config options in the docs:
https://jestjs.io/docs/configuration
For information about custom transformations, see:
https://jestjs.io/docs/code-transformation

Details:

/home/rebelde/Development/topsmile/backend/node_modules/@faker-js/faker/dist/index.js:1
({&quot;Object.&lt;anonymous&gt;&quot;:function(module,exports,require,__dirname,__filename,jest){import{a as he,b as Ge}from&quot;./chunk-EX7KKKVL.js&quot;;import{a as Ee,b as Ae}from&quot;./chunk-GLSQM7BA.js&quot;;import{a as ye,b as ce}from&quot;./chunk-J2RPPXOW.js&quot;;import{a as De,b as Ce}from&quot;./chunk-5QATRU3X.js&quot;;import{a as Me,b as Re}from&quot;./chunk-WPKX44R7.js&quot;;import{a as Se,b as Be}from&quot;./chunk-C3XWLMRZ.js&quot;;import{a as He,b as Ue}from&quot;./chunk-T5AE4D37.js&quot;;import{a as Fe,b as Te}from&quot;./chunk-JYQBVMKC.js&quot;;import{a as Ze,b as Ie}from&quot;./chunk-MXEBYDF4.js&quot;;import{a as fe}from&quot;./chunk-L6ZADBO7.js&quot;;import{a as ae,b as te}from&quot;./chunk-LPSJBLNR.js&quot;;import{a as oe}from&quot;./chunk-WFBH3POG.js&quot;;import{a as me,b as pe}from&quot;./chunk-BIVSWDLN.js&quot;;import{a as ke,b as ie}from&quot;./chunk-PDBS7Y2Q.js&quot;;import{a as se,b as _e}from&quot;./chunk-WARIN3NB.js&quot;;import{a as ne,b as le}from&quot;./chunk-E2UJNAEO.js&quot;;import{a as xe,b as de}from&quot;./chunk-MTGFJMAI.js&quot;;import{a as ue,b as Ne}from&quot;./chunk-JORKQWOG.js&quot;;import{a as Pr,b as br}from&quot;./chunk-IPQMUZOW.js&quot;;import{a as vr,b as gr}from&quot;./chunk-ZYEKVNBA.js&quot;;import{a as Vr,b as Wr}from&quot;./chunk-QNO6ASHF.js&quot;;import{a as wr}from&quot;./chunk-DEA2TBOY.js&quot;;import{a as Xr,b as jr}from&quot;./chunk-HCGAOEEU.js&quot;;import{a as Yr}from&quot;./chunk-BVTGCSSB.js&quot;;import{a as Jr,b as qr}from&quot;./chunk-6ZMOYQUT.js&quot;;import{a as Qr,b as $r}from&quot;./chunk-2ECI2B3U.js&quot;;import{a as re,b as ee}from&quot;./chunk-4QJFSH6N.js&quot;;import{a as Mr,b as Rr}from&quot;./chunk-4PRIFTAA.js&quot;;import{a as Sr,b as Br}from&quot;./chunk-IOOTFDS6.js&quot;;import{a as Hr,b as Ur}from&quot;./chunk-ST7ILI7W.js&quot;;import{a as Fr,b as Tr}from&quot;./chunk-6IEGC3NL.js&quot;;import{a as Zr,b as Ir}from&quot;./chunk-3COS7QD5.js&quot;;import{a as hr,b as Gr}from&quot;./chunk-2EL733NW.js&quot;;import{a as Lr,b as Or}from&quot;./chunk-A3JATQSO.js&quot;;import{a as Kr,b as zr}from&quot;./chunk-Q6S2ZWNV.js&quot;;import{a as ir}from&quot;./chunk-EYKDQYAH.js&quot;;import{a as sr,b as _r}from&quot;./chunk-NF3TUA5I.js&quot;;import{a as nr,b as lr}from&quot;./chunk-Y3IJGE4R.js&quot;;import{a as xr,b as dr}from&quot;./chunk-W3W2D2NH.js&quot;;import{a as ur,b as Nr}from&quot;./chunk-FSTVVTY3.js&quot;;import{a as Er,b as Ar}from&quot;./chunk-IPFBKKCS.js&quot;;import{a as kr}from&quot;./chunk-BKUYYLI4.js&quot;;import{a as yr,b as cr}from&quot;./chunk-OKT4S3KH.js&quot;;import{a as Dr,b as Cr}from&quot;./chunk-ICA3K4KO.js&quot;;import{a as Y,b as w}from&quot;./chunk-ZRHYSKS4.js&quot;;import{a as X,b as j}from&quot;./chunk-EJROM23G.js&quot;;import{a as J,b as q}from&quot;./chunk-PTUKSM4R.js&quot;;import{a as Q,b as $}from&quot;./chunk-OFZOY253.js&quot;;import{a as er}from&quot;./chunk-V63ZNJJC.js&quot;;import{a as or,b as fr}from&quot;./chunk-UUKUK2K5.js&quot;;import{a as rr}from&quot;./chunk-7TT5MNTH.js&quot;;import{a as ar,b as tr}from&quot;./chunk-3CNJTEWY.js&quot;;import{a as mr,b as pr}from&quot;./chunk-C5XELZY4.js&quot;;import{a as F,b as T}from&quot;./chunk-A7OWPVCS.js&quot;;import{a as Z,b as I}from&quot;./chunk-HOGCZYQT.js&quot;;import{a as h,b as G}from&quot;./chunk-DKZKWYIH.js&quot;;import{a as L,b as O}from&quot;./chunk-USO3RQJG.js&quot;;import{a as K,b as z}from&quot;./chunk-2QOESBNW.js&quot;;import{a as P,b}from&quot;./chunk-IJLC2WSS.js&quot;;import{a as v,b as g}from&quot;./chunk-D4U2SLSM.js&quot;;import{a as V,b as W}from&quot;./chunk-VBAAP66R.js&quot;;import{a as u,b as N}from&quot;./chunk-D3ZI6UDW.js&quot;;import{a as A}from&quot;./chunk-MOAH2R73.js&quot;;import{a as y,b as c}from&quot;./chunk-2I2EKFA6.js&quot;;import{a as D,b as C}from&quot;./chunk-U22RNJ2B.js&quot;;import{a as E}from&quot;./chunk-RCCYSHWF.js&quot;;import{a as M,b as R}from&quot;./chunk-K5NNETXE.js&quot;;import{a as S,b as B}from&quot;./chunk-XZY5TJQL.js&quot;;import{a as r}from&quot;./chunk-4X5ZEQ5K.js&quot;;import{a as U}from&quot;./chunk-QN2CV5WC.js&quot;;import{a as H}from&quot;./chunk-QA3QK7DB.js&quot;;import{a as e,b as a}from&quot;./chunk-P6LKJ3SA.js&quot;;import{a as t,b as m}from&quot;./chunk-N5MEQFNW.js&quot;;import{a as p,b as k}from&quot;./chunk-FYHIOWK6.js&quot;;import{a as i}from&quot;./chunk-LMPJOTSL.js&quot;;import{a as s,b as _}from&quot;./chunk-DBJFQXTK.js&quot;;import{a as n,b as l}from&quot;./chunk-BHHONLW7.js&quot;;import{a as x,b as d}from&quot;./chunk-33DZQNTB.js&quot;;import{a as f}from&quot;./chunk-KKGCPNDS.js&quot;;import{a as Le,b as Oe,c as Ke,d as ze,e as Pe,f as be,g as ve,h as ge,i as Ve,j as We,k as Ye,l as we,m as Xe,n as je,o}from&quot;./chunk-LTLDPYW5.js&quot;;var uf={af_ZA:a,ar:m,az:k,base:i,bn_BD:_,cs_CZ:l,cy:d,da:N,de:A,de_AT:c,de_CH:C,dv:R,el:B,en:r,en_AU:U,en_AU_ocker:T,en_BORK:I,en_CA:G,en_GB:O,en_GH:z,en_HK:b,en_IE:g,en_IN:W,en_NG:w,en_US:j,en_ZA:q,eo:$,es:er,es_MX:fr,fa:tr,fi:pr,fr:ir,fr_BE:_r,fr_CA:lr,fr_CH:dr,fr_LU:Nr,fr_SN:Ar,he:cr,hr:Cr,hu:Rr,hy:Br,id_ID:Ur,it:Tr,ja:Ir,ka_GE:Gr,ko:Or,lv:zr,mk:br,nb_NO:gr,ne:Wr,nl:wr,nl_BE:jr,pl:qr,pt_BR:$r,pt_PT:ee,ro:fe,ro_MD:te,ru:pe,sk:ie,sr_RS_latin:_e,sv:le,ta_IN:de,th:Ne,tr:Ae,uk:ce,ur:Ce,uz_UZ_latin:Re,vi:Be,yo_NG:Ue,zh_CN:Te,zh_TW:Ie,zu_ZA:Ge};var rm={af_ZA:e,ar:t,az:p,base:o,bn_BD:s,cs_CZ:n,cy:x,da:u,de:E,de_AT:y,de_CH:D,dv:M,el:S,en:f,en_AU:H,en_AU_ocker:F,en_BORK:Z,en_CA:h,en_GB:L,en_GH:K,en_HK:P,en_IE:v,en_IN:V,en_NG:Y,en_US:X,en_ZA:J,eo:Q,es:rr,es_MX:or,fa:ar,fi:mr,fr:kr,fr_BE:sr,fr_CA:nr,fr_CH:xr,fr_LU:ur,fr_SN:Er,he:yr,hr:Dr,hu:Mr,hy:Sr,id_ID:Hr,it:Fr,ja:Zr,ka_GE:hr,ko:Lr,lv:Kr,mk:Pr,nb_NO:vr,ne:Vr,nl:Yr,nl_BE:Xr,pl:Jr,pt_BR:Qr,pt_PT:re,ro:oe,ro_MD:ae,ru:me,sk:ke,sr_RS_latin:se,sv:ne,ta_IN:xe,th:ue,tr:Ee,uk:ye,ur:De,uz_UZ_latin:Me,vi:Se,yo_NG:He,zh_CN:Fe,zh_TW:Ze,zu_ZA:he};export{Oe as Aircraft,Pe as BitcoinAddressFamily,be as BitcoinNetwork,ze as CssFunction,Ke as CssSpace,je as Faker,Le as FakerError,ve as IPv4Network,ge as Sex,Ye as SimpleFaker,e as af_ZA,uf as allFakers,rm as allLocales,t as ar,p as az,o as base,s as bn_BD,n as cs_CZ,x as cy,u as da,E as de,y as de_AT,D as de_CH,M as dv,S as el,f as en,H as en_AU,F as en_AU_ocker,Z as en_BORK,h as en_CA,L as en_GB,K as en_GH,P as en_HK,v as en_IE,V as en_IN,Y as en_NG,X as en_US,J as en_ZA,Q as eo,rr as es,or as es_MX,ar as fa,r as faker,a as fakerAF_ZA,m as fakerAR,k as fakerAZ,i as fakerBASE,_ as fakerBN_BD,l as fakerCS_CZ,d as fakerCY,N as fakerDA,A as fakerDE,c as fakerDE_AT,C as fakerDE_CH,R as fakerDV,B as fakerEL,r as fakerEN,U as fakerEN_AU,T as fakerEN_AU_ocker,I as fakerEN_BORK,G as fakerEN_CA,O as fakerEN_GB,z as fakerEN_GH,b as fakerEN_HK,g as fakerEN_IE,W as fakerEN_IN,w as fakerEN_NG,j as fakerEN_US,q as fakerEN_ZA,$ as fakerEO,er as fakerES,fr as fakerES_MX,tr as fakerFA,pr as fakerFI,ir as fakerFR,_r as fakerFR_BE,lr as fakerFR_CA,dr as fakerFR_CH,Nr as fakerFR_LU,Ar as fakerFR_SN,cr as fakerHE,Cr as fakerHR,Rr as fakerHU,Br as fakerHY,Ur as fakerID_ID,Tr as fakerIT,Ir as fakerJA,Gr as fakerKA_GE,Or as fakerKO,zr as fakerLV,br as fakerMK,gr as fakerNB_NO,Wr as fakerNE,wr as fakerNL,jr as fakerNL_BE,qr as fakerPL,$r as fakerPT_BR,ee as fakerPT_PT,fe as fakerRO,te as fakerRO_MD,pe as fakerRU,ie as fakerSK,_e as fakerSR_RS_latin,le as fakerSV,de as fakerTA_IN,Ne as fakerTH,Ae as fakerTR,ce as fakerUK,Ce as fakerUR,Re as fakerUZ_UZ_latin,Be as fakerVI,Ue as fakerYO_NG,Te as fakerZH_CN,Ie as fakerZH_TW,Ge as fakerZU_ZA,mr as fi,kr as fr,sr as fr_BE,nr as fr_CA,xr as fr_CH,ur as fr_LU,Er as fr_SN,Ve as generateMersenne32Randomizer,We as generateMersenne53Randomizer,yr as he,Dr as hr,Mr as hu,Sr as hy,Hr as id_ID,Fr as it,Zr as ja,hr as ka_GE,Lr as ko,Kr as lv,Xe as mergeLocales,Pr as mk,vr as nb_NO,Vr as ne,Yr as nl,Xr as nl_BE,Jr as pl,Qr as pt_BR,re as pt_PT,oe as ro,ae as ro_MD,me as ru,we as simpleFaker,ke as sk,se as sr_RS_latin,ne as sv,xe as ta_IN,ue as th,Ee as tr,ye as uk,De as ur,Me as uz_UZ_latin,Se as vi,He as yo_NG,Fe as zh_CN,Ze as zh_TW,he as zu_ZA};
                                                                                  ^^^^^^

SyntaxError: Cannot use import statement outside a module
    at new Script (node:vm:117:7)
    at Runtime.createScriptFromCode (/home/rebelde/Development/topsmile/backend/node_modules/jest-runtime/build/index.js:1505:14)
    at Runtime._execModule (/home/rebelde/Development/topsmile/backend/node_modules/jest-runtime/build/index.js:1399:25)
    at Runtime._loadModule (/home/rebelde/Development/topsmile/backend/node_modules/jest-runtime/build/index.js:1022:12)
    at Runtime.requireModule (/home/rebelde/Development/topsmile/backend/node_modules/jest-runtime/build/index.js:882:12)
    at Runtime.requireModuleOrMock (/home/rebelde/Development/topsmile/backend/node_modules/jest-runtime/build/index.js:1048:21)
    at /home/rebelde/Development/topsmile/backend/tests/testHelpers.ts:21:17
    at processTicksAndRejections (node:internal/process/task_queues:105:5)
    at ensureFaker (/home/rebelde/Development/topsmile/backend/tests/testHelpers.ts:21:17)
    at createRealisticProvider (/home/rebelde/Development/topsmile/backend/tests/testHelpers.ts:220:13)
    at Object.&lt;anonymous&gt; (/home/rebelde/Development/topsmile/backend/tests/unit/services/appointmentService.comprehensive.test.ts:19:20)</failure>
    </testcase>
    <testcase classname="AppointmentService - Core Business Logic createAppointment should handle different priority levels" name="AppointmentService - Core Business Logic createAppointment should handle different priority levels" time="0.838">
      <failure>Jest encountered an unexpected token

Jest failed to parse a file. This happens e.g. when your code or its dependencies use non-standard JavaScript syntax, or when Jest is not configured to support such syntax.

Out of the box Jest supports Babel, which will be used to transform your files into valid JS based on your Babel configuration.

By default &quot;node_modules&quot; folder is ignored by transformers.

Here&apos;s what you can do:
 • If you are trying to use ECMAScript Modules, see https://jestjs.io/docs/ecmascript-modules for how to enable it.
 • If you are trying to use TypeScript, see https://jestjs.io/docs/getting-started#using-typescript
 • To have some of your &quot;node_modules&quot; files transformed, you can specify a custom &quot;transformIgnorePatterns&quot; in your config.
 • If you need a custom transformation specify a &quot;transform&quot; option in your config.
 • If you simply want to mock your non-JS modules (e.g. binary assets) you can stub them out with the &quot;moduleNameMapper&quot; config option.

You&apos;ll find more details and examples of these config options in the docs:
https://jestjs.io/docs/configuration
For information about custom transformations, see:
https://jestjs.io/docs/code-transformation

Details:

/home/rebelde/Development/topsmile/backend/node_modules/@faker-js/faker/dist/index.js:1
({&quot;Object.&lt;anonymous&gt;&quot;:function(module,exports,require,__dirname,__filename,jest){import{a as he,b as Ge}from&quot;./chunk-EX7KKKVL.js&quot;;import{a as Ee,b as Ae}from&quot;./chunk-GLSQM7BA.js&quot;;import{a as ye,b as ce}from&quot;./chunk-J2RPPXOW.js&quot;;import{a as De,b as Ce}from&quot;./chunk-5QATRU3X.js&quot;;import{a as Me,b as Re}from&quot;./chunk-WPKX44R7.js&quot;;import{a as Se,b as Be}from&quot;./chunk-C3XWLMRZ.js&quot;;import{a as He,b as Ue}from&quot;./chunk-T5AE4D37.js&quot;;import{a as Fe,b as Te}from&quot;./chunk-JYQBVMKC.js&quot;;import{a as Ze,b as Ie}from&quot;./chunk-MXEBYDF4.js&quot;;import{a as fe}from&quot;./chunk-L6ZADBO7.js&quot;;import{a as ae,b as te}from&quot;./chunk-LPSJBLNR.js&quot;;import{a as oe}from&quot;./chunk-WFBH3POG.js&quot;;import{a as me,b as pe}from&quot;./chunk-BIVSWDLN.js&quot;;import{a as ke,b as ie}from&quot;./chunk-PDBS7Y2Q.js&quot;;import{a as se,b as _e}from&quot;./chunk-WARIN3NB.js&quot;;import{a as ne,b as le}from&quot;./chunk-E2UJNAEO.js&quot;;import{a as xe,b as de}from&quot;./chunk-MTGFJMAI.js&quot;;import{a as ue,b as Ne}from&quot;./chunk-JORKQWOG.js&quot;;import{a as Pr,b as br}from&quot;./chunk-IPQMUZOW.js&quot;;import{a as vr,b as gr}from&quot;./chunk-ZYEKVNBA.js&quot;;import{a as Vr,b as Wr}from&quot;./chunk-QNO6ASHF.js&quot;;import{a as wr}from&quot;./chunk-DEA2TBOY.js&quot;;import{a as Xr,b as jr}from&quot;./chunk-HCGAOEEU.js&quot;;import{a as Yr}from&quot;./chunk-BVTGCSSB.js&quot;;import{a as Jr,b as qr}from&quot;./chunk-6ZMOYQUT.js&quot;;import{a as Qr,b as $r}from&quot;./chunk-2ECI2B3U.js&quot;;import{a as re,b as ee}from&quot;./chunk-4QJFSH6N.js&quot;;import{a as Mr,b as Rr}from&quot;./chunk-4PRIFTAA.js&quot;;import{a as Sr,b as Br}from&quot;./chunk-IOOTFDS6.js&quot;;import{a as Hr,b as Ur}from&quot;./chunk-ST7ILI7W.js&quot;;import{a as Fr,b as Tr}from&quot;./chunk-6IEGC3NL.js&quot;;import{a as Zr,b as Ir}from&quot;./chunk-3COS7QD5.js&quot;;import{a as hr,b as Gr}from&quot;./chunk-2EL733NW.js&quot;;import{a as Lr,b as Or}from&quot;./chunk-A3JATQSO.js&quot;;import{a as Kr,b as zr}from&quot;./chunk-Q6S2ZWNV.js&quot;;import{a as ir}from&quot;./chunk-EYKDQYAH.js&quot;;import{a as sr,b as _r}from&quot;./chunk-NF3TUA5I.js&quot;;import{a as nr,b as lr}from&quot;./chunk-Y3IJGE4R.js&quot;;import{a as xr,b as dr}from&quot;./chunk-W3W2D2NH.js&quot;;import{a as ur,b as Nr}from&quot;./chunk-FSTVVTY3.js&quot;;import{a as Er,b as Ar}from&quot;./chunk-IPFBKKCS.js&quot;;import{a as kr}from&quot;./chunk-BKUYYLI4.js&quot;;import{a as yr,b as cr}from&quot;./chunk-OKT4S3KH.js&quot;;import{a as Dr,b as Cr}from&quot;./chunk-ICA3K4KO.js&quot;;import{a as Y,b as w}from&quot;./chunk-ZRHYSKS4.js&quot;;import{a as X,b as j}from&quot;./chunk-EJROM23G.js&quot;;import{a as J,b as q}from&quot;./chunk-PTUKSM4R.js&quot;;import{a as Q,b as $}from&quot;./chunk-OFZOY253.js&quot;;import{a as er}from&quot;./chunk-V63ZNJJC.js&quot;;import{a as or,b as fr}from&quot;./chunk-UUKUK2K5.js&quot;;import{a as rr}from&quot;./chunk-7TT5MNTH.js&quot;;import{a as ar,b as tr}from&quot;./chunk-3CNJTEWY.js&quot;;import{a as mr,b as pr}from&quot;./chunk-C5XELZY4.js&quot;;import{a as F,b as T}from&quot;./chunk-A7OWPVCS.js&quot;;import{a as Z,b as I}from&quot;./chunk-HOGCZYQT.js&quot;;import{a as h,b as G}from&quot;./chunk-DKZKWYIH.js&quot;;import{a as L,b as O}from&quot;./chunk-USO3RQJG.js&quot;;import{a as K,b as z}from&quot;./chunk-2QOESBNW.js&quot;;import{a as P,b}from&quot;./chunk-IJLC2WSS.js&quot;;import{a as v,b as g}from&quot;./chunk-D4U2SLSM.js&quot;;import{a as V,b as W}from&quot;./chunk-VBAAP66R.js&quot;;import{a as u,b as N}from&quot;./chunk-D3ZI6UDW.js&quot;;import{a as A}from&quot;./chunk-MOAH2R73.js&quot;;import{a as y,b as c}from&quot;./chunk-2I2EKFA6.js&quot;;import{a as D,b as C}from&quot;./chunk-U22RNJ2B.js&quot;;import{a as E}from&quot;./chunk-RCCYSHWF.js&quot;;import{a as M,b as R}from&quot;./chunk-K5NNETXE.js&quot;;import{a as S,b as B}from&quot;./chunk-XZY5TJQL.js&quot;;import{a as r}from&quot;./chunk-4X5ZEQ5K.js&quot;;import{a as U}from&quot;./chunk-QN2CV5WC.js&quot;;import{a as H}from&quot;./chunk-QA3QK7DB.js&quot;;import{a as e,b as a}from&quot;./chunk-P6LKJ3SA.js&quot;;import{a as t,b as m}from&quot;./chunk-N5MEQFNW.js&quot;;import{a as p,b as k}from&quot;./chunk-FYHIOWK6.js&quot;;import{a as i}from&quot;./chunk-LMPJOTSL.js&quot;;import{a as s,b as _}from&quot;./chunk-DBJFQXTK.js&quot;;import{a as n,b as l}from&quot;./chunk-BHHONLW7.js&quot;;import{a as x,b as d}from&quot;./chunk-33DZQNTB.js&quot;;import{a as f}from&quot;./chunk-KKGCPNDS.js&quot;;import{a as Le,b as Oe,c as Ke,d as ze,e as Pe,f as be,g as ve,h as ge,i as Ve,j as We,k as Ye,l as we,m as Xe,n as je,o}from&quot;./chunk-LTLDPYW5.js&quot;;var uf={af_ZA:a,ar:m,az:k,base:i,bn_BD:_,cs_CZ:l,cy:d,da:N,de:A,de_AT:c,de_CH:C,dv:R,el:B,en:r,en_AU:U,en_AU_ocker:T,en_BORK:I,en_CA:G,en_GB:O,en_GH:z,en_HK:b,en_IE:g,en_IN:W,en_NG:w,en_US:j,en_ZA:q,eo:$,es:er,es_MX:fr,fa:tr,fi:pr,fr:ir,fr_BE:_r,fr_CA:lr,fr_CH:dr,fr_LU:Nr,fr_SN:Ar,he:cr,hr:Cr,hu:Rr,hy:Br,id_ID:Ur,it:Tr,ja:Ir,ka_GE:Gr,ko:Or,lv:zr,mk:br,nb_NO:gr,ne:Wr,nl:wr,nl_BE:jr,pl:qr,pt_BR:$r,pt_PT:ee,ro:fe,ro_MD:te,ru:pe,sk:ie,sr_RS_latin:_e,sv:le,ta_IN:de,th:Ne,tr:Ae,uk:ce,ur:Ce,uz_UZ_latin:Re,vi:Be,yo_NG:Ue,zh_CN:Te,zh_TW:Ie,zu_ZA:Ge};var rm={af_ZA:e,ar:t,az:p,base:o,bn_BD:s,cs_CZ:n,cy:x,da:u,de:E,de_AT:y,de_CH:D,dv:M,el:S,en:f,en_AU:H,en_AU_ocker:F,en_BORK:Z,en_CA:h,en_GB:L,en_GH:K,en_HK:P,en_IE:v,en_IN:V,en_NG:Y,en_US:X,en_ZA:J,eo:Q,es:rr,es_MX:or,fa:ar,fi:mr,fr:kr,fr_BE:sr,fr_CA:nr,fr_CH:xr,fr_LU:ur,fr_SN:Er,he:yr,hr:Dr,hu:Mr,hy:Sr,id_ID:Hr,it:Fr,ja:Zr,ka_GE:hr,ko:Lr,lv:Kr,mk:Pr,nb_NO:vr,ne:Vr,nl:Yr,nl_BE:Xr,pl:Jr,pt_BR:Qr,pt_PT:re,ro:oe,ro_MD:ae,ru:me,sk:ke,sr_RS_latin:se,sv:ne,ta_IN:xe,th:ue,tr:Ee,uk:ye,ur:De,uz_UZ_latin:Me,vi:Se,yo_NG:He,zh_CN:Fe,zh_TW:Ze,zu_ZA:he};export{Oe as Aircraft,Pe as BitcoinAddressFamily,be as BitcoinNetwork,ze as CssFunction,Ke as CssSpace,je as Faker,Le as FakerError,ve as IPv4Network,ge as Sex,Ye as SimpleFaker,e as af_ZA,uf as allFakers,rm as allLocales,t as ar,p as az,o as base,s as bn_BD,n as cs_CZ,x as cy,u as da,E as de,y as de_AT,D as de_CH,M as dv,S as el,f as en,H as en_AU,F as en_AU_ocker,Z as en_BORK,h as en_CA,L as en_GB,K as en_GH,P as en_HK,v as en_IE,V as en_IN,Y as en_NG,X as en_US,J as en_ZA,Q as eo,rr as es,or as es_MX,ar as fa,r as faker,a as fakerAF_ZA,m as fakerAR,k as fakerAZ,i as fakerBASE,_ as fakerBN_BD,l as fakerCS_CZ,d as fakerCY,N as fakerDA,A as fakerDE,c as fakerDE_AT,C as fakerDE_CH,R as fakerDV,B as fakerEL,r as fakerEN,U as fakerEN_AU,T as fakerEN_AU_ocker,I as fakerEN_BORK,G as fakerEN_CA,O as fakerEN_GB,z as fakerEN_GH,b as fakerEN_HK,g as fakerEN_IE,W as fakerEN_IN,w as fakerEN_NG,j as fakerEN_US,q as fakerEN_ZA,$ as fakerEO,er as fakerES,fr as fakerES_MX,tr as fakerFA,pr as fakerFI,ir as fakerFR,_r as fakerFR_BE,lr as fakerFR_CA,dr as fakerFR_CH,Nr as fakerFR_LU,Ar as fakerFR_SN,cr as fakerHE,Cr as fakerHR,Rr as fakerHU,Br as fakerHY,Ur as fakerID_ID,Tr as fakerIT,Ir as fakerJA,Gr as fakerKA_GE,Or as fakerKO,zr as fakerLV,br as fakerMK,gr as fakerNB_NO,Wr as fakerNE,wr as fakerNL,jr as fakerNL_BE,qr as fakerPL,$r as fakerPT_BR,ee as fakerPT_PT,fe as fakerRO,te as fakerRO_MD,pe as fakerRU,ie as fakerSK,_e as fakerSR_RS_latin,le as fakerSV,de as fakerTA_IN,Ne as fakerTH,Ae as fakerTR,ce as fakerUK,Ce as fakerUR,Re as fakerUZ_UZ_latin,Be as fakerVI,Ue as fakerYO_NG,Te as fakerZH_CN,Ie as fakerZH_TW,Ge as fakerZU_ZA,mr as fi,kr as fr,sr as fr_BE,nr as fr_CA,xr as fr_CH,ur as fr_LU,Er as fr_SN,Ve as generateMersenne32Randomizer,We as generateMersenne53Randomizer,yr as he,Dr as hr,Mr as hu,Sr as hy,Hr as id_ID,Fr as it,Zr as ja,hr as ka_GE,Lr as ko,Kr as lv,Xe as mergeLocales,Pr as mk,vr as nb_NO,Vr as ne,Yr as nl,Xr as nl_BE,Jr as pl,Qr as pt_BR,re as pt_PT,oe as ro,ae as ro_MD,me as ru,we as simpleFaker,ke as sk,se as sr_RS_latin,ne as sv,xe as ta_IN,ue as th,Ee as tr,ye as uk,De as ur,Me as uz_UZ_latin,Se as vi,He as yo_NG,Fe as zh_CN,Ze as zh_TW,he as zu_ZA};
                                                                                  ^^^^^^

SyntaxError: Cannot use import statement outside a module
    at new Script (node:vm:117:7)
    at Runtime.createScriptFromCode (/home/rebelde/Development/topsmile/backend/node_modules/jest-runtime/build/index.js:1505:14)
    at Runtime._execModule (/home/rebelde/Development/topsmile/backend/node_modules/jest-runtime/build/index.js:1399:25)
    at Runtime._loadModule (/home/rebelde/Development/topsmile/backend/node_modules/jest-runtime/build/index.js:1022:12)
    at Runtime.requireModule (/home/rebelde/Development/topsmile/backend/node_modules/jest-runtime/build/index.js:882:12)
    at Runtime.requireModuleOrMock (/home/rebelde/Development/topsmile/backend/node_modules/jest-runtime/build/index.js:1048:21)
    at /home/rebelde/Development/topsmile/backend/tests/testHelpers.ts:21:17
    at processTicksAndRejections (node:internal/process/task_queues:105:5)
    at ensureFaker (/home/rebelde/Development/topsmile/backend/tests/testHelpers.ts:21:17)
    at createRealisticProvider (/home/rebelde/Development/topsmile/backend/tests/testHelpers.ts:220:13)
    at Object.&lt;anonymous&gt; (/home/rebelde/Development/topsmile/backend/tests/unit/services/appointmentService.comprehensive.test.ts:19:20)</failure>
    </testcase>
    <testcase classname="AppointmentService - Core Business Logic getAppointmentById should return appointment by valid ID" name="AppointmentService - Core Business Logic getAppointmentById should return appointment by valid ID" time="0.756">
      <failure>Jest encountered an unexpected token

Jest failed to parse a file. This happens e.g. when your code or its dependencies use non-standard JavaScript syntax, or when Jest is not configured to support such syntax.

Out of the box Jest supports Babel, which will be used to transform your files into valid JS based on your Babel configuration.

By default &quot;node_modules&quot; folder is ignored by transformers.

Here&apos;s what you can do:
 • If you are trying to use ECMAScript Modules, see https://jestjs.io/docs/ecmascript-modules for how to enable it.
 • If you are trying to use TypeScript, see https://jestjs.io/docs/getting-started#using-typescript
 • To have some of your &quot;node_modules&quot; files transformed, you can specify a custom &quot;transformIgnorePatterns&quot; in your config.
 • If you need a custom transformation specify a &quot;transform&quot; option in your config.
 • If you simply want to mock your non-JS modules (e.g. binary assets) you can stub them out with the &quot;moduleNameMapper&quot; config option.

You&apos;ll find more details and examples of these config options in the docs:
https://jestjs.io/docs/configuration
For information about custom transformations, see:
https://jestjs.io/docs/code-transformation

Details:

/home/rebelde/Development/topsmile/backend/node_modules/@faker-js/faker/dist/index.js:1
[...]
s Re}from&quot;./chunk-WPKX44R7.js&quot;;import{a as Se,b as Be}from&quot;./chunk-C3XWLMRZ.js&quot;;import{a as He,b as Ue}from&quot;./chunk-T5AE4D37.js&quot;;import{a as Fe,b as Te}from&quot;./chunk-JYQBVMKC.js&quot;;import{a as Ze,b as Ie}from&quot;./chunk-MXEBYDF4.js&quot;;import{a as fe}from&quot;./chunk-L6ZADBO7.js&quot;;import{a as ae,b as te}from&quot;./chunk-LPSJBLNR.js&quot;;import{a as oe}from&quot;./chunk-WFBH3POG.js&quot;;import{a as me,b as pe}from&quot;./chunk-BIVSWDLN.js&quot;;import{a as ke,b as ie}from&quot;./chunk-PDBS7Y2Q.js&quot;;import{a as se,b as _e}from&quot;./chunk-WARIN3NB.js&quot;;import{a as ne,b as le}from&quot;./chunk-E2UJNAEO.js&quot;;import{a as xe,b as de}from&quot;./chunk-MTGFJMAI.js&quot;;import{a as ue,b as Ne}from&quot;./chunk-JORKQWOG.js&quot;;import{a as Pr,b as br}from&quot;./chunk-IPQMUZOW.js&quot;;import{a as vr,b as gr}from&quot;./chunk-ZYEKVNBA.js&quot;;import{a as Vr,b as Wr}from&quot;./chunk-QNO6ASHF.js&quot;;import{a as wr}from&quot;./chunk-DEA2TBOY.js&quot;;import{a as Xr,b as jr}from&quot;./chunk-HCGAOEEU.js&quot;;import{a as Yr}from&quot;./chunk-BVTGCSSB.js&quot;;import{a as Jr,b as qr}from&quot;./chunk-6ZMOYQUT.js&quot;;import{a as Qr,b as $r}from&quot;./chunk-2ECI2B3U.js&quot;;import{a as re,b as ee}from&quot;./chunk-4QJFSH6N.js&quot;;import{a as Mr,b as Rr}from&quot;./chunk-4PRIFTAA.js&quot;;import{a as Sr,b as Br}from&quot;./chunk-IOOTFDS6.js&quot;;import{a as Hr,b as Ur}from&quot;./chunk-ST7ILI7W.js&quot;;import{a as Fr,b as Tr}from&quot;./chunk-6IEGC3NL.js&quot;;import{a as Zr,b as Ir}from&quot;./chunk-3COS7QD5.js&quot;;import{a as hr,b as Gr}from&quot;./chunk-2EL733NW.js&quot;;import{a as Lr,b as Or}from&quot;./chunk-A3JATQSO.js&quot;;import{a as Kr,b as zr}from&quot;./chunk-Q6S2ZWNV.js&quot;;import{a as ir}from&quot;./chunk-EYKDQYAH.js&quot;;import{a as sr,b as _r}from&quot;./chunk-NF3TUA5I.js&quot;;import{a as nr,b as lr}from&quot;./chunk-Y3IJGE4R.js&quot;;import{a as xr,b as dr}from&quot;./chunk-W3W2D2NH.js&quot;;import{a as ur,b as Nr}from&quot;./chunk-FSTVVTY3.js&quot;;import{a as Er,b as Ar}from&quot;./chunk-IPFBKKCS.js&quot;;import{a as kr}from&quot;./chunk-BKUYYLI4.js&quot;;import{a as yr,b as cr}from&quot;./chunk-OKT4S3KH.js&quot;;import{a as Dr,b as Cr}from&quot;./chunk-ICA3K4KO.js&quot;;import{a as Y,b as w}from&quot;./chunk-ZRHYSKS4.js&quot;;import{a as X,b as j}from&quot;./chunk-EJROM23G.js&quot;;import{a as J,b as q}from&quot;./chunk-PTUKSM4R.js&quot;;import{a as Q,b as $}from&quot;./chunk-OFZOY253.js&quot;;import{a as er}from&quot;./chunk-V63ZNJJC.js&quot;;import{a as or,b as fr}from&quot;./chunk-UUKUK2K5.js&quot;;import{a as rr}from&quot;./chunk-7TT5MNTH.js&quot;;import{a as ar,b as tr}from&quot;./chunk-3CNJTEWY.js&quot;;import{a as mr,b as pr}from&quot;./chunk-C5XELZY4.js&quot;;import{a as F,b as T}from&quot;./chunk-A7OWPVCS.js&quot;;import{a as Z,b as I}from&quot;./chunk-HOGCZYQT.js&quot;;import{a as h,b as G}from&quot;./chunk-DKZKWYIH.js&quot;;import{a as L,b as O}from&quot;./chunk-USO3RQJG.js&quot;;import{a as K,b as z}from&quot;./chunk-2QOESBNW.js&quot;;import{a as P,b}from&quot;./chunk-IJLC2WSS.js&quot;;import{a as v,b as g}from&quot;./chunk-D4U2SLSM.js&quot;;import{a as V,b as W}from&quot;./chunk-VBAAP66R.js&quot;;import{a as u,b as N}from&quot;./chunk-D3ZI6UDW.js&quot;;import{a as A}from&quot;./chunk-MOAH2R73.js&quot;;import{a as y,b as c}from&quot;./chunk-2I2EKFA6.js&quot;;import{a as D,b as C}from&quot;./chunk-U22RNJ2B.js&quot;;import{a as E}from&quot;./chunk-RCCYSHWF.js&quot;;import{a as M,b as R}from&quot;./chunk-K5NNETXE.js&quot;;import{a as S,b as B}from&quot;./chunk-XZY5TJQL.js&quot;;import{a as r}from&quot;./chunk-4X5ZEQ5K.js&quot;;import{a as U}from&quot;./chunk-QN2CV5WC.js&quot;;import{a as H}from&quot;./chunk-QA3QK7DB.js&quot;;import{a as e,b as a}from&quot;./chunk-P6LKJ3SA.js&quot;;import{a as t,b as m}from&quot;./chunk-N5MEQFNW.js&quot;;import{a as p,b as k}from&quot;./chunk-FYHIOWK6.js&quot;;import{a as i}from&quot;./chunk-LMPJOTSL.js&quot;;import{a as s,b as _}from&quot;./chunk-DBJFQXTK.js&quot;;import{a as n,b as l}from&quot;./chunk-BHHONLW7.js&quot;;import{a as x,b as d}from&quot;./chunk-33DZQNTB.js&quot;;import{a as f}from&quot;./chunk-KKGCPNDS.js&quot;;import{a as Le,b as Oe,c as Ke,d as ze,e as Pe,f as be,g as ve,h as ge,i as Ve,j as We,k as Ye,l as we,m as Xe,n as je,o}from&quot;./chunk-LTLDPYW5.js&quot;;var uf={af_ZA:a,ar:m,az:k,base:i,bn_BD:_,cs_CZ:l,cy:d,da:N,de:A,de_AT:c,de_CH:C,dv:R,el:B,en:r,en_AU:U,en_AU_ocker:T,en_BORK:I,en_CA:G,en_GB:O,en_GH:z,en_HK:b,en_IE:g,en_IN:W,en_NG:w,en_US:j,en_ZA:q,eo:$,es:er,es_MX:fr,fa:tr,fi:pr,fr:ir,fr_BE:_r,fr_CA:lr,fr_CH:dr,fr_LU:Nr,fr_SN:Ar,he:cr,hr:Cr,hu:Rr,hy:Br,id_ID:Ur,it:Tr,ja:Ir,ka_GE:Gr,ko:Or,lv:zr,mk:br,nb_NO:gr,ne:Wr,nl:wr,nl_BE:jr,pl:qr,pt_BR:$r,pt_PT:ee,ro:fe,ro_MD:te,ru:pe,sk:ie,sr_RS_latin:_e,sv:le,ta_IN:de,th:Ne,tr:Ae,uk:ce,ur:Ce,uz_UZ_latin:Re,vi:Be,yo_NG:Ue,zh_CN:Te,zh_TW:Ie,zu_ZA:Ge};var rm={af_ZA:e,ar:t,az:p,base:o,bn_BD:s,cs_CZ:n,cy:x,da:u,de:E,de_AT:y,de_CH:D,dv:M,el:S,en:f,en_AU:H,en_AU_ocker:F,en_BORK:Z,en_CA:h,en_GB:L,en_GH:K,en_HK:P,en_IE:v,en_IN:V,en_NG:Y,en_US:X,en_ZA:J,eo:Q,es:rr,es_MX:or,fa:ar,fi:mr,fr:kr,fr_BE:sr,fr_CA:nr,fr_CH:xr,fr_LU:ur,fr_SN:Er,he:yr,hr:Dr,hu:Mr,hy:Sr,id_ID:Hr,it:Fr,ja:Zr,ka_GE:hr,ko:Lr,lv:Kr,mk:Pr,nb_NO:vr,ne:Vr,nl:Yr,nl_BE:Xr,pl:Jr,pt_BR:Qr,pt_PT:re,ro:oe,ro_MD:ae,ru:me,sk:ke,sr_RS_latin:se,sv:ne,ta_IN:xe,th:ue,tr:Ee,uk:ye,ur:De,uz_UZ_latin:Me,vi:Se,yo_NG:He,zh_CN:Fe,zh_TW:Ze,zu_ZA:he};export{Oe as Aircraft,Pe as BitcoinAddressFamily,be as BitcoinNetwork,ze as CssFunction,Ke as CssSpace,je as Faker,Le as FakerError,ve as IPv4Network,ge as Sex,Ye as SimpleFaker,e as af_ZA,uf as allFakers,rm as allLocales,t as ar,p as az,o as base,s as bn_BD,n as cs_CZ,x as cy,u as da,E as de,y as de_AT,D as de_CH,M as dv,S as el,f as en,H as en_AU,F as en_AU_ocker,Z as en_BORK,h as en_CA,L as en_GB,K as en_GH,P as en_HK,v as en_IE,V as en_IN,Y as en_NG,X as en_US,J as en_ZA,Q as eo,rr as es,or as es_MX,ar as fa,r as faker,a as fakerAF_ZA,m as fakerAR,k as fakerAZ,i as fakerBASE,_ as fakerBN_BD,l as fakerCS_CZ,d as fakerCY,N as fakerDA,A as fakerDE,c as fakerDE_AT,C as fakerDE_CH,R as fakerDV,B as fakerEL,r as fakerEN,U as fakerEN_AU,T as fakerEN_AU_ocker,I as fakerEN_BORK,G as fakerEN_CA,O as fakerEN_GB,z as fakerEN_GH,b as fakerEN_HK,g as fakerEN_IE,W as fakerEN_IN,w as fakerEN_NG,j as fakerEN_US,q as fakerEN_ZA,$ as fakerEO,er as fakerES,fr as fakerES_MX,tr as fakerFA,pr as fakerFI,ir as fakerFR,_r as fakerFR_BE,lr as fakerFR_CA,dr as fakerFR_CH,Nr as fakerFR_LU,Ar as fakerFR_SN,cr as fakerHE,Cr as fakerHR,Rr as fakerHU,Br as fakerHY,Ur as fakerID_ID,Tr as fakerIT,Ir as fakerJA,Gr as fakerKA_GE,Or as fakerKO,zr as fakerLV,br as fakerMK,gr as fakerNB_NO,Wr as fakerNE,wr as fakerNL,jr as fakerNL_BE,qr as fakerPL,$r as fakerPT_BR,ee as fakerPT_PT,fe as fakerRO,te as fakerRO_MD,pe as fakerRU,ie as fakerSK,_e as fakerSR_RS_latin,le as fakerSV,de as fakerTA_IN,Ne as fakerTH,Ae as fakerTR,ce as fakerUK,Ce as fakerUR,Re as fakerUZ_UZ_latin,Be as fakerVI,Ue as fakerYO_NG,Te as fakerZH_CN,Ie as fakerZH_TW,Ge as fakerZU_ZA,mr as fi,kr as fr,sr as fr_BE,nr as fr_CA,xr as fr_CH,ur as fr_LU,Er as fr_SN,Ve as generateMersenne32Randomizer,We as generateMersenne53Randomizer,yr as he,Dr as hr,Mr as hu,Sr as hy,Hr as id_ID,Fr as it,Zr as ja,hr as ka_GE,Lr as ko,Kr as lv,Xe as mergeLocales,Pr as mk,vr as nb_NO,Vr as ne,Yr as nl,Xr as nl_BE,Jr as pl,Qr as pt_BR,re as pt_PT,oe as ro,ae as ro_MD,me as ru,we as simpleFaker,ke as sk,se as sr_RS_latin,ne as sv,xe as ta_IN,ue as th,Ee as tr,ye as uk,De as ur,Me as uz_UZ_latin,Se as vi,He as yo_NG,Fe as zh_CN,Ze as zh_TW,he as zu_ZA};
                                                                                  ^^^^^^

SyntaxError: Cannot use import statement outside a module
    at new Script (node:vm:117:7)
    at Runtime.createScriptFromCode (/home/rebelde/Development/topsmile/backend/node_modules/jest-runtime/build/index.js:1505:14)
    at Runtime._execModule (/home/rebelde/Development/topsmile/backend/node_modules/jest-runtime/build/index.js:1399:25)
    at Runtime._loadModule (/home/rebelde/Development/topsmile/backend/node_modules/jest-runtime/build/index.js:1022:12)
    at Runtime.requireModule (/home/rebelde/Development/topsmile/backend/node_modules/jest-runtime/build/index.js:882:12)
    at Runtime.requireModuleOrMock (/home/rebelde/Development/topsmile/backend/node_modules/jest-runtime/build/index.js:1048:21)
    at /home/rebelde/Development/topsmile/backend/tests/testHelpers.ts:21:17
    at processTicksAndRejections (node:internal/process/task_queues:105:5)
    at ensureFaker (/home/rebelde/Development/topsmile/backend/tests/testHelpers.ts:21:17)
    at createRealisticProvider (/home/rebelde/Development/topsmile/backend/tests/testHelpers.ts:220:13)
    at Object.&lt;anonymous&gt; (/home/rebelde/Development/topsmile/backend/tests/unit/services/appointmentService.comprehensive.test.ts:19:20)</failure>
    </testcase>
    <testcase classname="AppointmentService - Core Business Logic Edge Cases and Error Handling should handle very long notes" name="AppointmentService - Core Business Logic Edge Cases and Error Handling should handle very long notes" time="0.016">
      <failure>Jest encountered an unexpected token

Jest failed to parse a file. This happens e.g. when your code or its dependencies use non-standard JavaScript syntax, or when Jest is not configured to support such syntax.

Out of the box Jest supports Babel, which will be used to transform your files into valid JS based on your Babel configuration.

By default &quot;node_modules&quot; folder is ignored by transformers.

Here&apos;s what you can do:
 • If you are trying to use ECMAScript Modules, see https://jestjs.io/docs/ecmascript-modules for how to enable it.
 • If you are trying to use TypeScript, see https://jestjs.io/docs/getting-started#using-typescript
 • To have some of your &quot;node_modules&quot; files transformed, you can specify a custom &quot;transformIgnorePatterns&quot; in your config.
 • If you need a custom transformation specify a &quot;transform&quot; option in your config.
 • If you simply want to mock your non-JS modules (e.g. binary assets) you can stub them out with the &quot;moduleNameMapper&quot; config option.

You&apos;ll find more details and examples of these config options in the docs:
https://jestjs.io/docs/configuration
For information about custom transformations, see:
https://jestjs.io/docs/code-transformation

Details:

/home/rebelde/Development/topsmile/backend/node_modules/@faker-js/faker/dist/index.js:1
({&quot;Object.&lt;anonymous&gt;&quot;:function(module,exports,require,__dirname,__filename,jest){import{a as he,b as Ge}from&quot;./chunk-EX7KKKVL.js&quot;;import{a as Ee,b as Ae}from&quot;./chunk-GLSQM7BA.js&quot;;import{a as ye,b as ce}from&quot;./chunk-J2RPPXOW.js&quot;;import{a as De,b as Ce}from&quot;./chunk-5QATRU3X.js&quot;;import{a as Me,b as Re}from&quot;./chunk-WPKX44R7.js&quot;;import{a as Se,b as Be}from&quot;./chunk-C3XWLMRZ.js&quot;;import{a as He,b as Ue}from&quot;./chunk-T5AE4D37.js&quot;;import{a as Fe,b as Te}from&quot;./chunk-JYQBVMKC.js&quot;;import{a as Ze,b as Ie}from&quot;./chunk-MXEBYDF4.js&quot;;import{a as fe}from&quot;./chunk-L6ZADBO7.js&quot;;import{a as ae,b as te}from&quot;./chunk-LPSJBLNR.js&quot;;import{a as oe}from&quot;./chunk-WFBH3POG.js&quot;;import{a as me,b as pe}from&quot;./chunk-BIVSWDLN.js&quot;;import{a as ke,b as ie}from&quot;./chunk-PDBS7Y2Q.js&quot;;import{a as se,b as _e}from&quot;./chunk-WARIN3NB.js&quot;;import{a as ne,b as le}from&quot;./chunk-E2UJNAEO.js&quot;;import{a as xe,b as de}from&quot;./chunk-MTGFJMAI.js&quot;;import{a as ue,b as Ne}from&quot;./chunk-JORKQWOG.js&quot;;import{a as Pr,b as br}from&quot;./chunk-IPQMUZOW.js&quot;;import{a as vr,b as gr}from&quot;./chunk-ZYEKVNBA.js&quot;;import{a as Vr,b as Wr}from&quot;./chunk-QNO6ASHF.js&quot;;import{a as wr}from&quot;./chunk-DEA2TBOY.js&quot;;import{a as Xr,b as jr}from&quot;./chunk-HCGAOEEU.js&quot;;import{a as Yr}from&quot;./chunk-BVTGCSSB.js&quot;;import{a as Jr,b as qr}from&quot;./chunk-6ZMOYQUT.js&quot;;import{a as Qr,b as $r}from&quot;./chunk-2ECI2B3U.js&quot;;import{a as re,b as ee}from&quot;./chunk-4QJFSH6N.js&quot;;import{a as Mr,b as Rr}from&quot;./chunk-4PRIFTAA.js&quot;;import{a as Sr,b as Br}from&quot;./chunk-IOOTFDS6.js&quot;;import{a as Hr,b as Ur}from&quot;./chunk-ST7ILI7W.js&quot;;import{a as Fr,b as Tr}from&quot;./chunk-6IEGC3NL.js&quot;;import{a as Zr,b as Ir}from&quot;./chunk-3COS7QD5.js&quot;;import{a as hr,b as Gr}from&quot;./chunk-2EL733NW.js&quot;;import{a as Lr,b as Or}from&quot;./chunk-A3JATQSO.js&quot;;import{a as Kr,b as zr}from&quot;./chunk-Q6S2ZWNV.js&quot;;import{a as ir}from&quot;./chunk-EYKDQYAH.js&quot;;import{a as sr,b as _r}from&quot;./chunk-NF3TUA5I.js&quot;;import{a as nr,b as lr}from&quot;./chunk-Y3IJGE4R.js&quot;;import{a as xr,b as dr}from&quot;./chunk-W3W2D2NH.js&quot;;import{a as ur,b as Nr}from&quot;./chunk-FSTVVTY3.js&quot;;import{a as Er,b as Ar}from&quot;./chunk-IPFBKKCS.js&quot;;import{a as kr}from&quot;./chunk-BKUYYLI4.js&quot;;import{a as yr,b as cr}from&quot;./chunk-OKT4S3KH.js&quot;;import{a as Dr,b as Cr}from&quot;./chunk-ICA3K4KO.js&quot;;import{a as Y,b as w}from&quot;./chunk-ZRHYSKS4.js&quot;;import{a as X,b as j}from&quot;./chunk-EJROM23G.js&quot;;import{a as J,b as q}from&quot;./chunk-PTUKSM4R.js&quot;;import{a as Q,b as $}from&quot;./chunk-OFZOY253.js&quot;;import{a as er}from&quot;./chunk-V63ZNJJC.js&quot;;import{a as or,b as fr}from&quot;./chunk-UUKUK2K5.js&quot;;import{a as rr}from&quot;./chunk-7TT5MNTH.js&quot;;import{a as ar,b as tr}from&quot;./chunk-3CNJTEWY.js&quot;;import{a as mr,b as pr}from&quot;./chunk-C5XELZY4.js&quot;;import{a as F,b as T}from&quot;./chunk-A7OWPVCS.js&quot;;import{a as Z,b as I}from&quot;./chunk-HOGCZYQT.js&quot;;import{a as h,b as G}from&quot;./chunk-DKZKWYIH.js&quot;;import{a as L,b as O}from&quot;./chunk-USO3RQJG.js&quot;;import{a as K,b as z}from&quot;./chunk-2QOESBNW.js&quot;;import{a as P,b}from&quot;./chunk-IJLC2WSS.js&quot;;import{a as v,b as g}from&quot;./chunk-D4U2SLSM.js&quot;;import{a as V,b as W}from&quot;./chunk-VBAAP66R.js&quot;;import{a as u,b as N}from&quot;./chunk-D3ZI6UDW.js&quot;;import{a as A}from&quot;./chunk-MOAH2R73.js&quot;;import{a as y,b as c}from&quot;./chunk-2I2EKFA6.js&quot;;import{a as D,b as C}from&quot;./chunk-U22RNJ2B.js&quot;;import{a as E}from&quot;./chunk-RCCYSHWF.js&quot;;import{a as M,b as R}from&quot;./chunk-K5NNETXE.js&quot;;import{a as S,b as B}from&quot;./chunk-XZY5TJQL.js&quot;;import{a as r}from&quot;./chunk-4X5ZEQ5K.js&quot;;import{a as U}from&quot;./chunk-QN2CV5WC.js&quot;;import{a as H}from&quot;./chunk-QA3QK7DB.js&quot;;import{a as e,b as a}from&quot;./chunk-P6LKJ3SA.js&quot;;import{a as t,b as m}from&quot;./chunk-N5MEQFNW.js&quot;;import{a as p,b as k}from&quot;./chunk-FYHIOWK6.js&quot;;import{a as i}from&quot;./chunk-LMPJOTSL.js&quot;;import{a as s,b as _}from&quot;./chunk-DBJFQXTK.js&quot;;import{a as n,b as l}from&quot;./chunk-BHHONLW7.js&quot;;import{a as x,b as d}from&quot;./chunk-33DZQNTB.js&quot;;import{a as f}from&quot;./chunk-KKGCPNDS.js&quot;;import{a as Le,b as Oe,c as Ke,d as ze,e as Pe,f as be,g as ve,h as ge,i as Ve,j as We,k as Ye,l as we,m as Xe,n as je,o}from&quot;./chunk-LTLDPYW5.js&quot;;var uf={af_ZA:a,ar:m,az:k,base:i,bn_BD:_,cs_CZ:l,cy:d,da:N,de:A,de_AT:c,de_CH:C,dv:R,el:B,en:r,en_AU:U,en_AU_ocker:T,en_BORK:I,en_CA:G,en_GB:O,en_GH:z,en_HK:b,en_IE:g,en_IN:W,en_NG:w,en_US:j,en_ZA:q,eo:$,es:er,es_MX:fr,fa:tr,fi:pr,fr:ir,fr_BE:_r,fr_CA:lr,fr_CH:dr,fr_LU:Nr,fr_SN:Ar,he:cr,hr:Cr,hu:Rr,hy:Br,id_ID:Ur,it:Tr,ja:Ir,ka_GE:Gr,ko:Or,lv:zr,mk:br,nb_NO:gr,ne:Wr,nl:wr,nl_BE:jr,pl:qr,pt_BR:$r,pt_PT:ee,ro:fe,ro_MD:te,ru:pe,sk:ie,sr_RS_latin:_e,sv:le,ta_IN:de,th:Ne,tr:Ae,uk:ce,ur:Ce,uz_UZ_latin:Re,vi:Be,yo_NG:Ue,zh_CN:Te,zh_TW:Ie,zu_ZA:Ge};var rm={af_ZA:e,ar:t,az:p,base:o,bn_BD:s,cs_CZ:n,cy:x,da:u,de:E,de_AT:y,de_CH:D,dv:M,el:S,en:f,en_AU:H,en_AU_ocker:F,en_BORK:Z,en_CA:h,en_GB:L,en_GH:K,en_HK:P,en_IE:v,en_IN:V,en_NG:Y,en_US:X,en_ZA:J,eo:Q,es:rr,es_MX:or,fa:ar,fi:mr,fr:kr,fr_BE:sr,fr_CA:nr,fr_CH:xr,fr_LU:ur,fr_SN:Er,he:yr,hr:Dr,hu:Mr,hy:Sr,id_ID:Hr,it:Fr,ja:Zr,ka_GE:hr,ko:Lr,lv:Kr,mk:Pr,nb_NO:vr,ne:Vr,nl:Yr,nl_BE:Xr,pl:Jr,pt_BR:Qr,pt_PT:re,ro:oe,ro_MD:ae,ru:me,sk:ke,sr_RS_latin:se,sv:ne,ta_IN:xe,th:ue,tr:Ee,uk:ye,ur:De,uz_UZ_latin:Me,vi:Se,yo_NG:He,zh_CN:Fe,zh_TW:Ze,zu_ZA:he};export{Oe as Aircraft,Pe as BitcoinAddressFamily,be as BitcoinNetwork,ze as CssFunction,Ke as CssSpace,je as Faker,Le as FakerError,ve as IPv4Network,ge as Sex,Ye as SimpleFaker,e as af_ZA,uf as allFakers,rm as allLocales,t as ar,p as az,o as base,s as bn_BD,n as cs_CZ,x as cy,u as da,E as de,y as de_AT,D as de_CH,M as dv,S as el,f as en,H as en_AU,F as en_AU_ocker,Z as en_BORK,h as en_CA,L as en_GB,K as en_GH,P as en_HK,v as en_IE,V as en_IN,Y as en_NG,X as en_US,J as en_ZA,Q as eo,rr as es,or as es_MX,ar as fa,r as faker,a as fakerAF_ZA,m as fakerAR,k as fakerAZ,i as fakerBASE,_ as fakerBN_BD,l as fakerCS_CZ,d as fakerCY,N as fakerDA,A as fakerDE,c as fakerDE_AT,C as fakerDE_CH,R as fakerDV,B as fakerEL,r as fakerEN,U as fakerEN_AU,T as fakerEN_AU_ocker,I as fakerEN_BORK,G as fakerEN_CA,O as fakerEN_GB,z as fakerEN_GH,b as fakerEN_HK,g as fakerEN_IE,W as fakerEN_IN,w as fakerEN_NG,j as fakerEN_US,q as fakerEN_ZA,$ as fakerEO,er as fakerES,fr as fakerES_MX,tr as fakerFA,pr as fakerFI,ir as fakerFR,_r as fakerFR_BE,lr as fakerFR_CA,dr as fakerFR_CH,Nr as fakerFR_LU,Ar as fakerFR_SN,cr as fakerHE,Cr as fakerHR,Rr as fakerHU,Br as fakerHY,Ur as fakerID_ID,Tr as fakerIT,Ir as fakerJA,Gr as fakerKA_GE,Or as fakerKO,zr as fakerLV,br as fakerMK,gr as fakerNB_NO,Wr as fakerNE,wr as fakerNL,jr as fakerNL_BE,qr as fakerPL,$r as fakerPT_BR,ee as fakerPT_PT,fe as fakerRO,te as fakerRO_MD,pe as fakerRU,ie as fakerSK,_e as fakerSR_RS_latin,le as fakerSV,de as fakerTA_IN,Ne as fakerTH,Ae as fakerTR,ce as fakerUK,Ce as fakerUR,Re as fakerUZ_UZ_latin,Be as fakerVI,Ue as fakerYO_NG,Te as fakerZH_CN,Ie as fakerZH_TW,Ge as fakerZU_ZA,mr as fi,kr as fr,sr as fr_BE,nr as fr_CA,xr as fr_CH,ur as fr_LU,Er as fr_SN,Ve as generateMersenne32Randomizer,We as generateMersenne53Randomizer,yr as he,Dr as hr,Mr as hu,Sr as hy,Hr as id_ID,Fr as it,Zr as ja,hr as ka_GE,Lr as ko,Kr as lv,Xe as mergeLocales,Pr as mk,vr as nb_NO,Vr as ne,Yr as nl,Xr as nl_BE,Jr as pl,Qr as pt_BR,re as pt_PT,oe as ro,ae as ro_MD,me as ru,we as simpleFaker,ke as sk,se as sr_RS_latin,ne as sv,xe as ta_IN,ue as th,Ee as tr,ye as uk,De as ur,Me as uz_UZ_latin,Se as vi,He as yo_NG,Fe as zh_CN,Ze as zh_TW,he as zu_ZA};
                                                                                  ^^^^^^

SyntaxError: Cannot use import statement outside a module
    at new Script (node:vm:117:7)
    at Runtime.createScriptFromCode (/home/rebelde/Development/topsmile/backend/node_modules/jest-runtime/build/index.js:1505:14)
    at Runtime._execModule (/home/rebelde/Development/topsmile/backend/node_modules/jest-runtime/build/index.js:1399:25)
    at Runtime._loadModule (/home/rebelde/Development/topsmile/backend/node_modules/jest-runtime/build/index.js:1022:12)
    at Runtime.requireModule (/home/rebelde/Development/topsmile/backend/node_modules/jest-runtime/build/index.js:882:12)
    at Runtime.requireModuleOrMock (/home/rebelde/Development/topsmile/backend/node_modules/jest-runtime/build/index.js:1048:21)
    at /home/rebelde/Development/topsmile/backend/tests/testHelpers.ts:21:17
    at processTicksAndRejections (node:internal/process/task_queues:105:5)
    at ensureFaker (/home/rebelde/Development/topsmile/backend/tests/testHelpers.ts:21:17)
    at createRealisticProvider (/home/rebelde/Development/topsmile/backend/tests/testHelpers.ts:220:13)
    at Object.&lt;anonymous&gt; (/home/rebelde/Development/topsmile/backend/tests/unit/services/appointmentService.comprehensive.test.ts:19:20)</failure>
    </testcase>
  </testsuite>
</testsuites>